<?xml version="1.0" encoding="UTF-8"?>
<!-- Generated by org.testng.reporters.JUnitXMLReporter -->
<testsuite ignored="0" hostname="Saurabhs-MacBook-Pro.local" failures="0" tests="9" name="Default test" time="4.812" errors="0" timestamp="2025-12-26T22:35:10 IST">
  <testcase classname="com.api.tests.facefinder.GenerateToken_FaceFinder" name="verifyResponseWithValidCredentials" time="1.968"/>
  <testcase classname="com.api.tests.facefinder.GenerateToken_FaceFinder" name="verifyResponseWithMissingClientIdField_FaceFinder" time="0.168"/>
  <testcase classname="com.api.tests.facefinder.GenerateToken_FaceFinder" name="verifyResponseWithMissingClientSecretField_FaceFinder" time="0.157"/>
  <testcase classname="com.api.tests.facefinder.GenerateToken_FaceFinder" name="verifyResponseWithBothMissingFields_FaceFinder" time="0.135"/>
  <testcase classname="com.api.tests.facefinder.GenerateToken_FaceFinder" name="verifyResponseWithInvalidClientIdField_FaceFinder" time="0.154"/>
  <testcase classname="com.api.tests.facefinder.GenerateToken_FaceFinder" name="verifyResponseWithInvalidClientSecretField_FaceFinder" time="0.163"/>
  <testcase classname="com.api.tests.facefinder.GenerateToken_FaceFinder" name="verifyResponseWithMissingContentType_FaceFinder" time="0.172"/>
  <testcase classname="com.api.tests.facefinder.GenerateToken_FaceFinder" name="verifyResponseWithMalformedJSON_FaceFinder" time="0.153"/>
  <testcase classname="com.api.tests.facefinder.GenerateToken_FaceFinder" name="verifyResponseWithIncorrectDataType_FaceFinder" time="0.131"/>
</testsuite> <!-- Default test -->
