<?xml version="1.0" encoding="UTF-8"?>
<!-- Generated by org.testng.reporters.JUnitXMLReporter -->
<testsuite ignored="14" hostname="Saurabhs-MacBook-Pro.local" failures="3" tests="3" name="Default test" time="331.849" errors="0" timestamp="2025-12-23T12:11:28 IST">
  <testcase classname="com.api.tests.ocr.ExtractDataAadhaar_OCR" name="verifyResponseWithValidInputsAadhaar_OCR" time="90.908">
    <failure type="com.google.gson.JsonSyntaxException" message="java.lang.IllegalStateException: Expected BEGIN_OBJECT but was STRING at line 1 column 1 path $
See https://github.com/google/gson/blob/main/Troubleshooting.md#unexpected-json-structure">
      <![CDATA[com.google.gson.JsonSyntaxException: java.lang.IllegalStateException: Expected BEGIN_OBJECT but was STRING at line 1 column 1 path $
See https://github.com/google/gson/blob/main/Troubleshooting.md#unexpected-json-structure
at com.google.gson.internal.bind.ReflectiveTypeAdapterFactory$Adapter.read(ReflectiveTypeAdapterFactory.java:523)
at com.google.gson.Gson.fromJson(Gson.java:1359)
at com.google.gson.Gson.fromJson(Gson.java:1260)
at com.google.gson.Gson.fromJson(Gson.java:1170)
at com.google.gson.Gson.fromJson(Gson.java:1107)
at com.api.tests.ocr.ExtractDataAadhaar_OCR.verifyResponseWithValidInputsAadhaar_OCR(ExtractDataAadhaar_OCR.java:87)
at java.base/jdk.internal.reflect.NativeMethodAccessorImpl.invoke0(Native Method)
at java.base/jdk.internal.reflect.NativeMethodAccessorImpl.invoke(NativeMethodAccessorImpl.java:62)
at java.base/jdk.internal.reflect.DelegatingMethodAccessorImpl.invoke(DelegatingMethodAccessorImpl.java:43)
at java.base/java.lang.reflect.Method.invoke(Method.java:566)
at org.testng.internal.invokers.MethodInvocationHelper.invokeMethod(MethodInvocationHelper.java:141)
at org.testng.internal.invokers.TestInvoker.invokeMethod(TestInvoker.java:686)
at org.testng.internal.invokers.TestInvoker.invokeTestMethod(TestInvoker.java:230)
at org.testng.internal.invokers.MethodRunner.runInSequence(MethodRunner.java:63)
at org.testng.internal.invokers.TestInvoker$MethodInvocationAgent.invoke(TestInvoker.java:992)
at org.testng.internal.invokers.TestInvoker.invokeTestMethods(TestInvoker.java:203)
at org.testng.internal.invokers.TestMethodWorker.invokeTestMethods(TestMethodWorker.java:154)
at org.testng.internal.invokers.TestMethodWorker.run(TestMethodWorker.java:134)
at java.base/java.util.ArrayList.forEach(ArrayList.java:1541)
at org.testng.TestRunner.privateRun(TestRunner.java:739)
at org.testng.TestRunner.run(TestRunner.java:614)
at org.testng.SuiteRunner.runTest(SuiteRunner.java:421)
at org.testng.SuiteRunner.runSequentially(SuiteRunner.java:413)
at org.testng.SuiteRunner.privateRun(SuiteRunner.java:373)
at org.testng.SuiteRunner.run(SuiteRunner.java:312)
at org.testng.SuiteRunnerWorker.runSuite(SuiteRunnerWorker.java:52)
at org.testng.SuiteRunnerWorker.run(SuiteRunnerWorker.java:95)
at org.testng.TestNG.runSuitesSequentially(TestNG.java:1274)
at org.testng.TestNG.runSuitesLocally(TestNG.java:1208)
at org.testng.TestNG.runSuites(TestNG.java:1112)
at org.testng.TestNG.run(TestNG.java:1079)
at org.testng.remote.AbstractRemoteTestNG.run(AbstractRemoteTestNG.java:115)
at org.testng.remote.RemoteTestNG.initAndRun(RemoteTestNG.java:293)
at org.testng.remote.RemoteTestNG.main(RemoteTestNG.java:91)
Caused by: java.lang.IllegalStateException: Expected BEGIN_OBJECT but was STRING at line 1 column 1 path $
See https://github.com/google/gson/blob/main/Troubleshooting.md#unexpected-json-structure
at com.google.gson.stream.JsonReader.unexpectedTokenError(JsonReader.java:1831)
at com.google.gson.stream.JsonReader.beginObject(JsonReader.java:509)
at com.google.gson.internal.bind.ReflectiveTypeAdapterFactory$Adapter.read(ReflectiveTypeAdapterFactory.java:512)
... 33 more
]]>
    </failure>
  </testcase> <!-- verifyResponseWithValidInputsAadhaar_OCR -->
  <testcase classname="com.api.tests.ocr.ExtractDataAadhaar_OCR" name="verifyResponseWithValidInputsAadhaar_OCR" time="147.293">
    <failure type="java.lang.AssertionError" message="The following asserts failed:
	Gender is null for file: SaurabhDigitalAdhaarUnmasked.pdf expected object to not be null,
	Pincode is null for file: SaurabhDigitalAdhaarUnmasked.pdf expected object to not be null,
	[HIGH] Father name is empty for file: SaurabhDigitalAdhaarUnmasked.pdf expected [true] but found [false]">
      <![CDATA[java.lang.AssertionError: The following asserts failed:
Gender is null for file: SaurabhDigitalAdhaarUnmasked.pdf expected object to not be null,
Pincode is null for file: SaurabhDigitalAdhaarUnmasked.pdf expected object to not be null,
[HIGH] Father name is empty for file: SaurabhDigitalAdhaarUnmasked.pdf expected [true] but found [false]
at org.testng.asserts.SoftAssert.assertAll(SoftAssert.java:46)
at org.testng.asserts.SoftAssert.assertAll(SoftAssert.java:30)
at com.api.tests.ocr.ExtractDataAadhaar_OCR.verifyResponseWithValidInputsAadhaar_OCR(ExtractDataAadhaar_OCR.java:112)
at java.base/jdk.internal.reflect.NativeMethodAccessorImpl.invoke0(Native Method)
at java.base/jdk.internal.reflect.NativeMethodAccessorImpl.invoke(NativeMethodAccessorImpl.java:62)
at java.base/jdk.internal.reflect.DelegatingMethodAccessorImpl.invoke(DelegatingMethodAccessorImpl.java:43)
at java.base/java.lang.reflect.Method.invoke(Method.java:566)
at org.testng.internal.invokers.MethodInvocationHelper.invokeMethod(MethodInvocationHelper.java:141)
at org.testng.internal.invokers.TestInvoker.invokeMethod(TestInvoker.java:686)
at org.testng.internal.invokers.TestInvoker.invokeTestMethod(TestInvoker.java:230)
at org.testng.internal.invokers.MethodRunner.runInSequence(MethodRunner.java:63)
at org.testng.internal.invokers.TestInvoker$MethodInvocationAgent.invoke(TestInvoker.java:992)
at org.testng.internal.invokers.TestInvoker.invokeTestMethods(TestInvoker.java:203)
at org.testng.internal.invokers.TestMethodWorker.invokeTestMethods(TestMethodWorker.java:154)
at org.testng.internal.invokers.TestMethodWorker.run(TestMethodWorker.java:134)
at java.base/java.util.ArrayList.forEach(ArrayList.java:1541)
at org.testng.TestRunner.privateRun(TestRunner.java:739)
at org.testng.TestRunner.run(TestRunner.java:614)
at org.testng.SuiteRunner.runTest(SuiteRunner.java:421)
at org.testng.SuiteRunner.runSequentially(SuiteRunner.java:413)
at org.testng.SuiteRunner.privateRun(SuiteRunner.java:373)
at org.testng.SuiteRunner.run(SuiteRunner.java:312)
at org.testng.SuiteRunnerWorker.runSuite(SuiteRunnerWorker.java:52)
at org.testng.SuiteRunnerWorker.run(SuiteRunnerWorker.java:95)
at org.testng.TestNG.runSuitesSequentially(TestNG.java:1274)
at org.testng.TestNG.runSuitesLocally(TestNG.java:1208)
at org.testng.TestNG.runSuites(TestNG.java:1112)
at org.testng.TestNG.run(TestNG.java:1079)
at org.testng.remote.AbstractRemoteTestNG.run(AbstractRemoteTestNG.java:115)
at org.testng.remote.RemoteTestNG.initAndRun(RemoteTestNG.java:293)
at org.testng.remote.RemoteTestNG.main(RemoteTestNG.java:91)
]]>
    </failure>
  </testcase> <!-- verifyResponseWithValidInputsAadhaar_OCR -->
  <testcase classname="com.api.tests.ocr.ExtractDataAadhaar_OCR" name="verifyResponseWithValidInputsAadhaar_OCR" time="90.544">
    <failure type="java.lang.AssertionError" message="The following asserts failed:
	Gender is null for file: AshishDigitalAadhaar.pdf expected object to not be null,
	Pincode is null for file: AshishDigitalAadhaar.pdf expected object to not be null,
	[HIGH] Father name is empty for file: AshishDigitalAadhaar.pdf expected [true] but found [false],
	[HIGH] Address is empty for file: AshishDigitalAadhaar.pdf expected [true] but found [false]">
      <![CDATA[java.lang.AssertionError: The following asserts failed:
Gender is null for file: AshishDigitalAadhaar.pdf expected object to not be null,
Pincode is null for file: AshishDigitalAadhaar.pdf expected object to not be null,
[HIGH] Father name is empty for file: AshishDigitalAadhaar.pdf expected [true] but found [false],
[HIGH] Address is empty for file: AshishDigitalAadhaar.pdf expected [true] but found [false]
at org.testng.asserts.SoftAssert.assertAll(SoftAssert.java:46)
at org.testng.asserts.SoftAssert.assertAll(SoftAssert.java:30)
at com.api.tests.ocr.ExtractDataAadhaar_OCR.verifyResponseWithValidInputsAadhaar_OCR(ExtractDataAadhaar_OCR.java:112)
at java.base/jdk.internal.reflect.NativeMethodAccessorImpl.invoke0(Native Method)
at java.base/jdk.internal.reflect.NativeMethodAccessorImpl.invoke(NativeMethodAccessorImpl.java:62)
at java.base/jdk.internal.reflect.DelegatingMethodAccessorImpl.invoke(DelegatingMethodAccessorImpl.java:43)
at java.base/java.lang.reflect.Method.invoke(Method.java:566)
at org.testng.internal.invokers.MethodInvocationHelper.invokeMethod(MethodInvocationHelper.java:141)
at org.testng.internal.invokers.TestInvoker.invokeMethod(TestInvoker.java:686)
at org.testng.internal.invokers.TestInvoker.invokeTestMethod(TestInvoker.java:230)
at org.testng.internal.invokers.MethodRunner.runInSequence(MethodRunner.java:63)
at org.testng.internal.invokers.TestInvoker$MethodInvocationAgent.invoke(TestInvoker.java:992)
at org.testng.internal.invokers.TestInvoker.invokeTestMethods(TestInvoker.java:203)
at org.testng.internal.invokers.TestMethodWorker.invokeTestMethods(TestMethodWorker.java:154)
at org.testng.internal.invokers.TestMethodWorker.run(TestMethodWorker.java:134)
at java.base/java.util.ArrayList.forEach(ArrayList.java:1541)
at org.testng.TestRunner.privateRun(TestRunner.java:739)
at org.testng.TestRunner.run(TestRunner.java:614)
at org.testng.SuiteRunner.runTest(SuiteRunner.java:421)
at org.testng.SuiteRunner.runSequentially(SuiteRunner.java:413)
at org.testng.SuiteRunner.privateRun(SuiteRunner.java:373)
at org.testng.SuiteRunner.run(SuiteRunner.java:312)
at org.testng.SuiteRunnerWorker.runSuite(SuiteRunnerWorker.java:52)
at org.testng.SuiteRunnerWorker.run(SuiteRunnerWorker.java:95)
at org.testng.TestNG.runSuitesSequentially(TestNG.java:1274)
at org.testng.TestNG.runSuitesLocally(TestNG.java:1208)
at org.testng.TestNG.runSuites(TestNG.java:1112)
at org.testng.TestNG.run(TestNG.java:1079)
at org.testng.remote.AbstractRemoteTestNG.run(AbstractRemoteTestNG.java:115)
at org.testng.remote.RemoteTestNG.initAndRun(RemoteTestNG.java:293)
at org.testng.remote.RemoteTestNG.main(RemoteTestNG.java:91)
]]>
    </failure>
  </testcase> <!-- verifyResponseWithValidInputsAadhaar_OCR -->
  <testcase classname="com.api.tests.ocr.ExtractDataAadhaar_OCR" name="verifyResponseWithWrongAadhaarNumberFormatAadhaar_OCR" time="0.0">
    <ignored/>
  </testcase> <!-- verifyResponseWithWrongAadhaarNumberFormatAadhaar_OCR -->
  <testcase classname="com.api.tests.ocr.ExtractDataAadhaar_OCR" name="verifyResponseWithMissingDOBFieldAadhaar_OCR" time="0.0">
    <ignored/>
  </testcase> <!-- verifyResponseWithMissingDOBFieldAadhaar_OCR -->
  <testcase classname="com.api.tests.ocr.ExtractDataAadhaar_OCR" name="verifyResponseWithMalformedRequestAadhaar_OCR" time="0.0">
    <ignored/>
  </testcase> <!-- verifyResponseWithMalformedRequestAadhaar_OCR -->
  <testcase classname="com.api.tests.ocr.ExtractDataAadhaar_OCR" name="verifyResponseWithXSSPayloadAadhaar_OCR" time="0.0">
    <ignored/>
  </testcase> <!-- verifyResponseWithXSSPayloadAadhaar_OCR -->
  <testcase classname="com.api.tests.ocr.ExtractDataAadhaar_OCR" name="verifyResponseWithMissingFatherNameFieldAadhaar_OCR" time="0.0">
    <ignored/>
  </testcase> <!-- verifyResponseWithMissingFatherNameFieldAadhaar_OCR -->
  <testcase classname="com.api.tests.ocr.ExtractDataAadhaar_OCR" name="verifyResponseWithOmittingAadhaarNumberFieldAadhaar_OCR" time="0.0">
    <ignored/>
  </testcase> <!-- verifyResponseWithOmittingAadhaarNumberFieldAadhaar_OCR -->
  <testcase classname="com.api.tests.ocr.ExtractDataAadhaar_OCR" name="verifyResponseWithMissingAddressAadhaar_OCR" time="0.0">
    <ignored/>
  </testcase> <!-- verifyResponseWithMissingAddressAadhaar_OCR -->
  <testcase classname="com.api.tests.ocr.ExtractDataAadhaar_OCR" name="verifyResponseWithUnsupportedFileAadhaar_OCR" time="0.0">
    <ignored/>
  </testcase> <!-- verifyResponseWithUnsupportedFileAadhaar_OCR -->
  <testcase classname="com.api.tests.ocr.ExtractDataAadhaar_OCR" name="verifyResponseWithOmittingNameFieldAadhaar_OCR" time="0.0">
    <ignored/>
  </testcase> <!-- verifyResponseWithOmittingNameFieldAadhaar_OCR -->
  <testcase classname="com.api.tests.ocr.ExtractDataAadhaar_OCR" name="verifyResponseWithOmittingDOBValueAadhaar_OCR" time="0.0">
    <ignored/>
  </testcase> <!-- verifyResponseWithOmittingDOBValueAadhaar_OCR -->
  <testcase classname="com.api.tests.ocr.ExtractDataAadhaar_OCR" name="verifyResponseWithOmittingFatherNameValueAadhaar_OCR" time="0.0">
    <ignored/>
  </testcase> <!-- verifyResponseWithOmittingFatherNameValueAadhaar_OCR -->
  <testcase classname="com.api.tests.ocr.ExtractDataAadhaar_OCR" name="verifyResponseWithMissingNameFieldAadhaar_OCR" time="0.0">
    <ignored/>
  </testcase> <!-- verifyResponseWithMissingNameFieldAadhaar_OCR -->
  <testcase classname="com.api.tests.ocr.ExtractDataAadhaar_OCR" name="verifyResponseWithMissingAadhaarNumberFieldAadhaar_OCR" time="0.0">
    <ignored/>
  </testcase> <!-- verifyResponseWithMissingAadhaarNumberFieldAadhaar_OCR -->
  <testcase classname="com.api.tests.ocr.ExtractDataAadhaar_OCR" name="verifyResponseWithMissingAadhaarFileAadhaar_OCR" time="0.0">
    <ignored/>
  </testcase> <!-- verifyResponseWithMissingAadhaarFileAadhaar_OCR -->
</testsuite> <!-- Default test -->
