<?xml version="1.0" encoding="UTF-8"?>
<!-- Generated by org.testng.reporters.JUnitXMLReporter -->
<testsuite ignored="0" hostname="Saurabhs-MacBook-Pro.local" failures="5" tests="18" name="API Test" time="66.259" errors="0" timestamp="2025-12-12T15:18:17 IST">
  <testcase classname="com.api.tests.reversepennydrop.GenerateToken_RPD" name="verifyResponseWithValidCredentials_RPD" time="2.547"/>
  <testcase classname="com.api.tests.reversepennydrop.GenerateToken_RPD" name="verifyResponseWithMissingClientIdField_RPD" time="0.38"/>
  <testcase classname="com.api.tests.reversepennydrop.GenerateToken_RPD" name="verifyResponseWithMissingClientSecretField_RPD" time="0.431"/>
  <testcase classname="com.api.tests.reversepennydrop.GenerateToken_RPD" name="verifyResponseWithWrongClientIdField_RPD" time="0.36"/>
  <testcase classname="com.api.tests.reversepennydrop.GenerateToken_RPD" name="verifyResponseWithWrongClientSecretField_RPD" time="0.433"/>
  <testcase classname="com.api.tests.reversepennydrop.InitiateRequest_RPD" name="verifyResponseWithValidCredentials" time="40.786"/>
  <testcase classname="com.api.tests.reversepennydrop.InitiateRequest_RPD" name="verifyResponseWithMissingRedirectUrl_RPD" time="0.446">
    <failure type="java.lang.AssertionError" message="The following asserts failed:
	[CRITICAL] Message expected [Please pass &amp;quot;redirect_url&amp;quot; for successfull redirection] but found [Invalid token],
	expected [400] but found [401]">
      <![CDATA[java.lang.AssertionError: The following asserts failed:
[CRITICAL] Message expected [Please pass "redirect_url" for successfull redirection] but found [Invalid token],
expected [400] but found [401]
at com.api.tests.reversepennydrop.InitiateRequest_RPD.verifyResponseWithMissingRedirectUrl_RPD(InitiateRequest_RPD.java:118)
at java.base/java.util.ArrayList.forEach(ArrayList.java:1541)
... Removed 29 stack frames]]>
    </failure>
  </testcase> <!-- verifyResponseWithMissingRedirectUrl_RPD -->
  <testcase classname="com.api.tests.reversepennydrop.InitiateRequest_RPD" name="verifyResponseWithInvalidVersion_RPD" time="0.457">
    <failure type="java.lang.AssertionError" message="The following asserts failed:
	[HIGH] Status code should be 400 Bad Request &amp;quot;msg&amp;quot;: &amp;quot;Unsupported version&amp;quot;, expected [400] but found [401]">
      <![CDATA[java.lang.AssertionError: The following asserts failed:
[HIGH] Status code should be 400 Bad Request "msg": "Unsupported version", expected [400] but found [401]
at com.api.tests.reversepennydrop.InitiateRequest_RPD.verifyResponseWithInvalidVersion_RPD(InitiateRequest_RPD.java:138)
at java.base/java.util.ArrayList.forEach(ArrayList.java:1541)
... Removed 29 stack frames]]>
    </failure>
  </testcase> <!-- verifyResponseWithInvalidVersion_RPD -->
  <testcase classname="com.api.tests.reversepennydrop.InitiateRequest_RPD" name="verifyResponseWithNonJsonContentType_RPD" time="0.424">
    <failure type="java.lang.AssertionError" message="The following asserts failed:
	expected [400] but found [401],
	expected [Unsupported media type &amp;quot;text/plain&amp;quot; in request.] but found [Invalid token]">
      <![CDATA[java.lang.AssertionError: The following asserts failed:
expected [400] but found [401],
expected [Unsupported media type "text/plain" in request.] but found [Invalid token]
at com.api.tests.reversepennydrop.InitiateRequest_RPD.verifyResponseWithNonJsonContentType_RPD(InitiateRequest_RPD.java:162)
at java.base/java.util.ArrayList.forEach(ArrayList.java:1541)
... Removed 29 stack frames]]>
    </failure>
  </testcase> <!-- verifyResponseWithNonJsonContentType_RPD -->
  <testcase classname="com.api.tests.reversepennydrop.GenerateExportToken_RPD" name="verifyResponseWithValidCredentials_RPD" time="0.394"/>
  <testcase classname="com.api.tests.reversepennydrop.GenerateExportToken_RPD" name="verifyResponseWithMissingCLientId_RPD" time="0.33"/>
  <testcase classname="com.api.tests.reversepennydrop.GenerateExportToken_RPD" name="verifyResponseWithMissingCLientSecret_RPD" time="0.345"/>
  <testcase classname="com.api.tests.reversepennydrop.GenerateExportToken_RPD" name="verifyResponseWithInvalidCLientId_RPD" time="0.397"/>
  <testcase classname="com.api.tests.reversepennydrop.GenerateExportToken_RPD" name="verifyResponseWithInvalidCLientSecret_RPD" time="0.403"/>
  <testcase classname="com.api.tests.reversepennydrop.GenerateExportToken_RPD" name="verifyResponseWithInvalidJSON_RPD" time="0.421"/>
  <testcase classname="com.api.tests.reversepennydrop.GenerateExportToken_RPD" name="verifyResponseWithNonJSONContentType_RPD" time="0.444">
    <failure type="java.lang.AssertionError" message="The following asserts failed:
	expected [Unsupported media type &amp;quot;text/plain&amp;quot; in request.] but found [Unsupported media type \&amp;quot;text/plain\&amp;quot; in request.]">
      <![CDATA[java.lang.AssertionError: The following asserts failed:
expected [Unsupported media type "text/plain" in request.] but found [Unsupported media type \"text/plain\" in request.]
at com.api.tests.reversepennydrop.GenerateExportToken_RPD.verifyResponseWithNonJSONContentType_RPD(GenerateExportToken_RPD.java:193)
at java.base/java.util.ArrayList.forEach(ArrayList.java:1541)
... Removed 29 stack frames]]>
    </failure>
  </testcase> <!-- verifyResponseWithNonJSONContentType_RPD -->
  <testcase classname="com.api.tests.reversepennydrop.GenerateExportToken_RPD" name="verifyResponseWithInvalidCharacters_RPD" time="0.4"/>
  <testcase classname="com.api.tests.reversepennydrop.GetExportData_RPD" name="verifyResponseWithValidToken_RPD" time="11.822">
    <failure type="java.lang.AssertionError" message="The following asserts failed:
	UTR mismatch expected [reverse_penny_drop_yrJNKfKwdlhdzymwruIz] but found [reverse_penny_drop_RRwZozhVfXCyshLrfdDa]">
      <![CDATA[java.lang.AssertionError: The following asserts failed:
UTR mismatch expected [reverse_penny_drop_yrJNKfKwdlhdzymwruIz] but found [reverse_penny_drop_RRwZozhVfXCyshLrfdDa]
at com.api.tests.reversepennydrop.GetExportData_RPD.verifyResponseWithValidToken_RPD(GetExportData_RPD.java:146)
at java.base/java.util.ArrayList.forEach(ArrayList.java:1541)
... Removed 29 stack frames]]>
    </failure>
  </testcase> <!-- verifyResponseWithValidToken_RPD -->
</testsuite> <!-- API Test -->
