<?xml version="1.0" encoding="UTF-8"?>
<!-- Generated by org.testng.reporters.JUnitXMLReporter -->
<testsuite ignored="0" hostname="Saurabhs-MacBook-Pro.local" failures="26" tests="29" name="API Test" time="106.032" errors="0" timestamp="2025-12-05T14:05:04 IST">
  <testcase classname="com.api.tests.esign.GenerateClientSignatureEsign" name="verifyResponseWithValidCredentialsEsign" time="3.315"/>
  <testcase classname="com.api.tests.esign.GenerateClientSignatureEsign" name="verifyResponseWithMissingUsernameEsign" time="0.264">
    <failure type="java.lang.AssertionError" message="The following asserts failed:
	HTTP status mismatch expected [400] but found [200]">
      <![CDATA[java.lang.AssertionError: The following asserts failed:
HTTP status mismatch expected [400] but found [200]
at com.api.tests.esign.GenerateClientSignatureEsign.verifyResponseWithMissingUsernameEsign(GenerateClientSignatureEsign.java:62)
at java.base/java.util.ArrayList.forEach(ArrayList.java:1541)
... Removed 29 stack frames]]>
    </failure>
  </testcase> <!-- verifyResponseWithMissingUsernameEsign -->
  <testcase classname="com.api.tests.esign.GenerateClientSignatureEsign" name="verifyResponseWithMissingPasswordEsign" time="0.205">
    <failure type="java.lang.AssertionError" message="The following asserts failed:
	Message mismatch expected [Password required] but found [Username required],
	HTTP status mismatch expected [400] but found [200]">
      <![CDATA[java.lang.AssertionError: The following asserts failed:
Message mismatch expected [Password required] but found [Username required],
HTTP status mismatch expected [400] but found [200]
at com.api.tests.esign.GenerateClientSignatureEsign.verifyResponseWithMissingPasswordEsign(GenerateClientSignatureEsign.java:74)
at java.base/java.util.ArrayList.forEach(ArrayList.java:1541)
... Removed 29 stack frames]]>
    </failure>
  </testcase> <!-- verifyResponseWithMissingPasswordEsign -->
  <testcase classname="com.api.tests.esign.GenerateClientSignatureEsign" name="verifyResponseWithMissingBothUsernameAndPasswordEsign" time="0.192">
    <failure type="java.lang.AssertionError" message="The following asserts failed:
	HTTP status mismatch expected [400] but found [200]">
      <![CDATA[java.lang.AssertionError: The following asserts failed:
HTTP status mismatch expected [400] but found [200]
at com.api.tests.esign.GenerateClientSignatureEsign.verifyResponseWithMissingBothUsernameAndPasswordEsign(GenerateClientSignatureEsign.java:89)
at java.base/java.util.ArrayList.forEach(ArrayList.java:1541)
... Removed 29 stack frames]]>
    </failure>
  </testcase> <!-- verifyResponseWithMissingBothUsernameAndPasswordEsign -->
  <testcase classname="com.api.tests.esign.GenerateClientSignatureEsign" name="verifyResponseWithWrongBothUsernameAndPasswordEsign" time="0.172">
    <failure type="java.lang.AssertionError" message="The following asserts failed:
	HTTP status mismatch expected [401] but found [200]">
      <![CDATA[java.lang.AssertionError: The following asserts failed:
HTTP status mismatch expected [401] but found [200]
at com.api.tests.esign.GenerateClientSignatureEsign.verifyResponseWithWrongBothUsernameAndPasswordEsign(GenerateClientSignatureEsign.java:103)
at java.base/java.util.ArrayList.forEach(ArrayList.java:1541)
... Removed 29 stack frames]]>
    </failure>
  </testcase> <!-- verifyResponseWithWrongBothUsernameAndPasswordEsign -->
  <testcase classname="com.api.tests.esign.GenerateClientSignatureEsign" name="verifyResponseWithSqlInjectionEsign" time="0.205">
    <failure type="java.lang.AssertionError" message="The following asserts failed:
	HTTP status mismatch expected [401] but found [200]">
      <![CDATA[java.lang.AssertionError: The following asserts failed:
HTTP status mismatch expected [401] but found [200]
at com.api.tests.esign.GenerateClientSignatureEsign.verifyResponseWithSqlInjectionEsign(GenerateClientSignatureEsign.java:116)
at java.base/java.util.ArrayList.forEach(ArrayList.java:1541)
... Removed 29 stack frames]]>
    </failure>
  </testcase> <!-- verifyResponseWithSqlInjectionEsign -->
  <testcase classname="com.api.tests.esign.GenerateClientSignatureEsign" name="verifyResponseWithXSSPayloadEsign" time="0.208">
    <failure type="java.lang.AssertionError" message="The following asserts failed:
	HTTP status mismatch expected [401] but found [200]">
      <![CDATA[java.lang.AssertionError: The following asserts failed:
HTTP status mismatch expected [401] but found [200]
at com.api.tests.esign.GenerateClientSignatureEsign.verifyResponseWithXSSPayloadEsign(GenerateClientSignatureEsign.java:130)
at java.base/java.util.ArrayList.forEach(ArrayList.java:1541)
... Removed 29 stack frames]]>
    </failure>
  </testcase> <!-- verifyResponseWithXSSPayloadEsign -->
  <testcase classname="com.api.tests.esign.GenerateClientSignatureEsign" name="verifyResponseWhenRequestBodyJSONMalformedEsign" time="0.204">
    <failure type="java.lang.NullPointerException">
      <![CDATA[java.lang.NullPointerException
at io.restassured.path.json.JsonPath.getBoolean(JsonPath.java:214)
at com.api.tests.esign.GenerateClientSignatureEsign.verifyResponseWhenRequestBodyJSONMalformedEsign(GenerateClientSignatureEsign.java:153)
at java.base/java.util.ArrayList.forEach(ArrayList.java:1541)
... Removed 27 stack frames]]>
    </failure>
  </testcase> <!-- verifyResponseWhenRequestBodyJSONMalformedEsign -->
  <testcase classname="com.api.tests.esign.GenerateClientSignatureEsign" name="verifyResponseWithMissingContentTypeEsign" time="0.198">
    <failure type="java.lang.AssertionError" message="The following asserts failed:
	Error message mismatch expected [Invalid or missing Content-Type. Expected application/json] but found [Malformed JSON]">
      <![CDATA[java.lang.AssertionError: The following asserts failed:
Error message mismatch expected [Invalid or missing Content-Type. Expected application/json] but found [Malformed JSON]
at com.api.tests.esign.GenerateClientSignatureEsign.verifyResponseWithMissingContentTypeEsign(GenerateClientSignatureEsign.java:180)
at java.base/java.util.ArrayList.forEach(ArrayList.java:1541)
... Removed 29 stack frames]]>
    </failure>
  </testcase> <!-- verifyResponseWithMissingContentTypeEsign -->
  <testcase classname="com.api.tests.esign.GenerateClientSignatureEsign" name="verifyResponseWithNumericValuesOfFieldsEsign" time="0.162">
    <failure type="java.lang.AssertionError" message="The following asserts failed:
	Error message should be present expected object to not be null,
	expected [User does not exist.] but found [null],
	Status should be 400 Bad Request expected [400] but found [200]">
      <![CDATA[java.lang.AssertionError: The following asserts failed:
Error message should be present expected object to not be null,
expected [User does not exist.] but found [null],
Status should be 400 Bad Request expected [400] but found [200]
at com.api.tests.esign.GenerateClientSignatureEsign.verifyResponseWithNumericValuesOfFieldsEsign(GenerateClientSignatureEsign.java:197)
at java.base/java.util.ArrayList.forEach(ArrayList.java:1541)
... Removed 29 stack frames]]>
    </failure>
  </testcase> <!-- verifyResponseWithNumericValuesOfFieldsEsign -->
  <testcase classname="com.api.tests.esign.GenerateTokenEsign" name="verifyResponseWithValidCredentialsEsign" time="3.692"/>
  <testcase classname="com.api.tests.esign.GenerateTokenEsign" name="verifyResponseWithRemovingOptionalFieldsEsign" time="1.165"/>
  <testcase classname="com.api.tests.esign.GenerateTokenEsign" name="verifyResponseWithMissingContentTypeHeaderEsign" time="1.226">
    <failure type="java.lang.AssertionError" message="The following asserts failed:
	HTTP status mismatch expected [400] but found [200]">
      <![CDATA[java.lang.AssertionError: The following asserts failed:
HTTP status mismatch expected [400] but found [200]
at com.api.tests.esign.GenerateTokenEsign.verifyResponseWithMissingContentTypeHeaderEsign(GenerateTokenEsign.java:149)
at java.base/java.util.ArrayList.forEach(ArrayList.java:1541)
... Removed 29 stack frames]]>
    </failure>
  </testcase> <!-- verifyResponseWithMissingContentTypeHeaderEsign -->
  <testcase classname="com.api.tests.esign.GenerateTokenEsign" name="verifyResponseWithMissingSignatureHeaderEsign" time="0.467">
    <failure type="java.lang.AssertionError" message="The following asserts failed:
	HTTP status mismatch expected [401] but found [200]">
      <![CDATA[java.lang.AssertionError: The following asserts failed:
HTTP status mismatch expected [401] but found [200]
at com.api.tests.esign.GenerateTokenEsign.verifyResponseWithMissingSignatureHeaderEsign(GenerateTokenEsign.java:197)
at java.base/java.util.ArrayList.forEach(ArrayList.java:1541)
... Removed 29 stack frames]]>
    </failure>
  </testcase> <!-- verifyResponseWithMissingSignatureHeaderEsign -->
  <testcase classname="com.api.tests.esign.GenerateTokenEsign" name="verifyResponseWithInvalidSignatureHeaderEsign" time="0.411">
    <failure type="java.lang.AssertionError" message="The following asserts failed:
	Message mismatch expected [Invalid crypto padding] but found [Not enough segments],
	HTTP status mismatch expected [401] but found [200]">
      <![CDATA[java.lang.AssertionError: The following asserts failed:
Message mismatch expected [Invalid crypto padding] but found [Not enough segments],
HTTP status mismatch expected [401] but found [200]
at com.api.tests.esign.GenerateTokenEsign.verifyResponseWithInvalidSignatureHeaderEsign(GenerateTokenEsign.java:247)
at java.base/java.util.ArrayList.forEach(ArrayList.java:1541)
... Removed 29 stack frames]]>
    </failure>
  </testcase> <!-- verifyResponseWithInvalidSignatureHeaderEsign -->
  <testcase classname="com.api.tests.esign.GenerateTokenEsign" name="verifyResponseWithMissingDocumentDataEsign" time="0.854">
    <failure type="java.lang.AssertionError" message="The following asserts failed:
	HTTP status mismatch expected [400] but found [200]">
      <![CDATA[java.lang.AssertionError: The following asserts failed:
HTTP status mismatch expected [400] but found [200]
at com.api.tests.esign.GenerateTokenEsign.verifyResponseWithMissingDocumentDataEsign(GenerateTokenEsign.java:271)
at java.base/java.util.ArrayList.forEach(ArrayList.java:1541)
... Removed 29 stack frames]]>
    </failure>
  </testcase> <!-- verifyResponseWithMissingDocumentDataEsign -->
  <testcase classname="com.api.tests.esign.GenerateTokenEsign" name="verifyResponseWithInvalidBase64DocumentDataEsign" time="0.808">
    <failure type="java.lang.AssertionError" message="The following asserts failed:
	Message mismatch expected [unable to convert base64 to pdf Incorrect padding] but found [unable to convert base64 to pdf Invalid base64-encoded string: number of data characters (25) cannot be 1 more than a multiple of 4],
	HTTP status mismatch expected [400] but found [200]">
      <![CDATA[java.lang.AssertionError: The following asserts failed:
Message mismatch expected [unable to convert base64 to pdf Incorrect padding] but found [unable to convert base64 to pdf Invalid base64-encoded string: number of data characters (25) cannot be 1 more than a multiple of 4],
HTTP status mismatch expected [400] but found [200]
at com.api.tests.esign.GenerateTokenEsign.verifyResponseWithInvalidBase64DocumentDataEsign(GenerateTokenEsign.java:297)
at java.base/java.util.ArrayList.forEach(ArrayList.java:1541)
... Removed 29 stack frames]]>
    </failure>
  </testcase> <!-- verifyResponseWithInvalidBase64DocumentDataEsign -->
  <testcase classname="com.api.tests.esign.GenerateTokenEsign" name="verifyResponseWithInvalidEmailFormatEsign" time="3.589">
    <failure type="java.lang.AssertionError" message="The following asserts failed:
	Expected success=false expected [false] but found [true],
	Message mismatch expected [invalid email format] but found [link generated],
	Token is not generated expected [] but found [76bf42f4-6cc9-4baf-b262-20ef052442d1],
	HTTP status mismatch expected [400] but found [200]">
      <![CDATA[java.lang.AssertionError: The following asserts failed:
Expected success=false expected [false] but found [true],
Message mismatch expected [invalid email format] but found [link generated],
Token is not generated expected [] but found [76bf42f4-6cc9-4baf-b262-20ef052442d1],
HTTP status mismatch expected [400] but found [200]
at com.api.tests.esign.GenerateTokenEsign.verifyResponseWithInvalidEmailFormatEsign(GenerateTokenEsign.java:322)
at java.base/java.util.ArrayList.forEach(ArrayList.java:1541)
... Removed 29 stack frames]]>
    </failure>
  </testcase> <!-- verifyResponseWithInvalidEmailFormatEsign -->
  <testcase classname="com.api.tests.esign.GenerateTokenEsign" name="verifyResponseWithInvalidMobileFormatEsign" time="2.466">
    <failure type="java.lang.AssertionError" message="The following asserts failed:
	Expected success=false expected [false] but found [true],
	Message mismatch expected [invalid mobile format] but found [link generated],
	Token is not generated expected [] but found [8a69dcea-02a6-4c6b-a655-825202eea6d3],
	HTTP status mismatch expected [400] but found [200]">
      <![CDATA[java.lang.AssertionError: The following asserts failed:
Expected success=false expected [false] but found [true],
Message mismatch expected [invalid mobile format] but found [link generated],
Token is not generated expected [] but found [8a69dcea-02a6-4c6b-a655-825202eea6d3],
HTTP status mismatch expected [400] but found [200]
at com.api.tests.esign.GenerateTokenEsign.verifyResponseWithInvalidMobileFormatEsign(GenerateTokenEsign.java:347)
at java.base/java.util.ArrayList.forEach(ArrayList.java:1541)
... Removed 29 stack frames]]>
    </failure>
  </testcase> <!-- verifyResponseWithInvalidMobileFormatEsign -->
  <testcase classname="com.api.tests.esign.GenerateTokenEsign" name="verifyResponseWithMissingPageNumberCordinatesEsign" time="0.967">
    <failure type="java.lang.AssertionError" message="The following asserts failed:
	HTTP status mismatch expected [400] but found [200]">
      <![CDATA[java.lang.AssertionError: The following asserts failed:
HTTP status mismatch expected [400] but found [200]
at com.api.tests.esign.GenerateTokenEsign.verifyResponseWithMissingPageNumberCordinatesEsign(GenerateTokenEsign.java:376)
at java.base/java.util.ArrayList.forEach(ArrayList.java:1541)
... Removed 29 stack frames]]>
    </failure>
  </testcase> <!-- verifyResponseWithMissingPageNumberCordinatesEsign -->
  <testcase classname="com.api.tests.esign.GenerateTokenEsign" name="verifyResponseWithNonNumericAndNegativeCordinatesValuesEsign" time="1.064">
    <failure type="java.lang.AssertionError" message="The following asserts failed:
	HTTP status mismatch expected [400] but found [200]">
      <![CDATA[java.lang.AssertionError: The following asserts failed:
HTTP status mismatch expected [400] but found [200]
at com.api.tests.esign.GenerateTokenEsign.verifyResponseWithNonNumericAndNegativeCordinatesValuesEsign(GenerateTokenEsign.java:405)
at java.base/java.util.ArrayList.forEach(ArrayList.java:1541)
... Removed 29 stack frames]]>
    </failure>
  </testcase> <!-- verifyResponseWithNonNumericAndNegativeCordinatesValuesEsign -->
  <testcase classname="com.api.tests.esign.GenerateTokenEsign" name="verifyResponseForRedirectionOfCancelAndRedirectUrlEsign" time="18.861">
    <failure type="java.lang.AssertionError" message="The following asserts failed:
	Cancel redirect URL mismatch. Expected contains: https://meon.co.in but got: https://esignuat.meon.co.in/EsignServices/default_page/demo3mvP/f39256a0-611b-43b8-a812-7f43184073d1?success=no&amp;amp;error=Request%20Cancelled&amp;amp;nsdl_status=no expected [true] but found [false]">
      <![CDATA[java.lang.AssertionError: The following asserts failed:
Cancel redirect URL mismatch. Expected contains: https://meon.co.in but got: https://esignuat.meon.co.in/EsignServices/default_page/demo3mvP/f39256a0-611b-43b8-a812-7f43184073d1?success=no&amp;error=Request%20Cancelled&amp;nsdl_status=no expected [true] but found [false]
at com.api.tests.esign.GenerateTokenEsign.verifyResponseForRedirectionOfCancelAndRedirectUrlEsign(GenerateTokenEsign.java:436)
at java.base/java.util.ArrayList.forEach(ArrayList.java:1541)
... Removed 29 stack frames]]>
    </failure>
  </testcase> <!-- verifyResponseForRedirectionOfCancelAndRedirectUrlEsign -->
  <testcase classname="com.api.tests.esign.GenerateTokenEsign" name="verifyResponseWithNonNumericDateToExpireFieldEsign" time="1.107">
    <failure type="java.lang.AssertionError" message="The following asserts failed:
	HTTP status mismatch expected [400] but found [200]">
      <![CDATA[java.lang.AssertionError: The following asserts failed:
HTTP status mismatch expected [400] but found [200]
at com.api.tests.esign.GenerateTokenEsign.verifyResponseWithNonNumericDateToExpireFieldEsign(GenerateTokenEsign.java:461)
at java.base/java.util.ArrayList.forEach(ArrayList.java:1541)
... Removed 29 stack frames]]>
    </failure>
  </testcase> <!-- verifyResponseWithNonNumericDateToExpireFieldEsign -->
  <testcase classname="com.api.tests.esign.GenerateTokenEsign" name="verifyResponseWithOutOfRangePercentageNameMatchEsign" time="1.009">
    <failure type="java.lang.AssertionError" message="The following asserts failed:
	HTTP status mismatch expected [400] but found [200]">
      <![CDATA[java.lang.AssertionError: The following asserts failed:
HTTP status mismatch expected [400] but found [200]
at com.api.tests.esign.GenerateTokenEsign.verifyResponseWithOutOfRangePercentageNameMatchEsign(GenerateTokenEsign.java:487)
at java.base/java.util.ArrayList.forEach(ArrayList.java:1541)
... Removed 29 stack frames]]>
    </failure>
  </testcase> <!-- verifyResponseWithOutOfRangePercentageNameMatchEsign -->
  <testcase classname="com.api.tests.esign.GenerateTokenEsign" name="verifyValidResponseWithFloatingValueOfPercentageNameMatchEsign" time="0.932">
    <failure type="java.lang.AssertionError" message="The following asserts failed:
	Message mismatch expected [percentage_name_match should be a float value] but found [Something went wrong],
	HTTP status mismatch expected [400] but found [200]">
      <![CDATA[java.lang.AssertionError: The following asserts failed:
Message mismatch expected [percentage_name_match should be a float value] but found [Something went wrong],
HTTP status mismatch expected [400] but found [200]
at com.api.tests.esign.GenerateTokenEsign.verifyValidResponseWithFloatingValueOfPercentageNameMatchEsign(GenerateTokenEsign.java:536)
at java.base/java.util.ArrayList.forEach(ArrayList.java:1541)
... Removed 29 stack frames]]>
    </failure>
  </testcase> <!-- verifyValidResponseWithFloatingValueOfPercentageNameMatchEsign -->
  <testcase classname="com.api.tests.esign.GenerateTokenEsign" name="verifyResponseWithInvalidAadhaarNumberFormatEsign" time="2.309">
    <failure type="java.lang.AssertionError" message="The following asserts failed:
	Expected success=false expected [false] but found [true],
	Message mismatch expected [invalid aadhaar format] but found [link generated],
	Token is generated as validation is not yet implemented expected [] but found [33260bcc-f81b-431d-87af-360ab52c1594],
	HTTP status mismatch expected [400] but found [200]">
      <![CDATA[java.lang.AssertionError: The following asserts failed:
Expected success=false expected [false] but found [true],
Message mismatch expected [invalid aadhaar format] but found [link generated],
Token is generated as validation is not yet implemented expected [] but found [33260bcc-f81b-431d-87af-360ab52c1594],
HTTP status mismatch expected [400] but found [200]
at com.api.tests.esign.GenerateTokenEsign.verifyResponseWithInvalidAadhaarNumberFormatEsign(GenerateTokenEsign.java:562)
at java.base/java.util.ArrayList.forEach(ArrayList.java:1541)
... Removed 29 stack frames]]>
    </failure>
  </testcase> <!-- verifyResponseWithInvalidAadhaarNumberFormatEsign -->
  <testcase classname="com.api.tests.esign.GenerateTokenEsign" name="verifyResponseWithMissingGenderFieldWhenTrueEsign" time="0.733">
    <failure type="java.lang.AssertionError" message="The following asserts failed:
	Message mismatch expected [invalid gender value] but found [Something went wrong],
	HTTP status mismatch expected [400] but found [200]">
      <![CDATA[java.lang.AssertionError: The following asserts failed:
Message mismatch expected [invalid gender value] but found [Something went wrong],
HTTP status mismatch expected [400] but found [200]
at com.api.tests.esign.GenerateTokenEsign.verifyResponseWithMissingGenderFieldWhenTrueEsign(GenerateTokenEsign.java:586)
at java.base/java.util.ArrayList.forEach(ArrayList.java:1541)
... Removed 29 stack frames]]>
    </failure>
  </testcase> <!-- verifyResponseWithMissingGenderFieldWhenTrueEsign -->
  <testcase classname="com.api.tests.esign.GenerateTokenEsign" name="verifyResponseWithInvalidDocumentData" time="0.763">
    <failure type="java.lang.AssertionError" message="The following asserts failed:
	Message mismatch expected [unable to convert base64 to pdf Incorrect padding] but found [unable to convert base64 to pdf Invalid base64-encoded string: number of data characters (21) cannot be 1 more than a multiple of 4],
	HTTP status mismatch expected [400] but found [200]">
      <![CDATA[java.lang.AssertionError: The following asserts failed:
Message mismatch expected [unable to convert base64 to pdf Incorrect padding] but found [unable to convert base64 to pdf Invalid base64-encoded string: number of data characters (21) cannot be 1 more than a multiple of 4],
HTTP status mismatch expected [400] but found [200]
at com.api.tests.esign.GenerateTokenEsign.verifyResponseWithInvalidDocumentData(GenerateTokenEsign.java:613)
at java.base/java.util.ArrayList.forEach(ArrayList.java:1541)
... Removed 29 stack frames]]>
    </failure>
  </testcase> <!-- verifyResponseWithInvalidDocumentData -->
  <testcase classname="com.api.tests.esign.FetchDocumentEsign" name="verifyResponseWithValidCredentialsEsign" time="41.715">
    <failure type="org.openqa.selenium.TimeoutException" message="Expected condition failed: waiting for element to be clickable: By.xpath: //button[contains(normalize-space(text()),&amp;apos;Verify OTP&amp;apos;)] (tried for 30 second(s) with 500 milliseconds interval)
Build info: version: &amp;apos;4.37.0&amp;apos;, revision: &amp;apos;3c1da1e342&amp;apos;
System info: os.name: &amp;apos;Mac OS X&amp;apos;, os.arch: &amp;apos;x86_64&amp;apos;, os.version: &amp;apos;15.6&amp;apos;, java.version: &amp;apos;11.0.20&amp;apos;
Driver info: org.openqa.selenium.firefox.FirefoxDriver
Capabilities {acceptInsecureCerts: true, browserName: firefox, browserVersion: 145.0.2, moz:accessibilityChecks: false, moz:buildID: 20251124145406, moz:geckodriverVersion: 0.36.0, moz:headless: false, moz:platformVersion: 24.6.0, moz:processID: 7028, moz:profile: /var/folders/bd/cxwv7fcd26v..., moz:shutdownTimeout: 60000, moz:webdriverClick: true, moz:windowless: false, pageLoadStrategy: normal, platformName: mac, proxy: Proxy(), setWindowRect: true, strictFileInteractability: false, timeouts: {implicit: 0, pageLoad: 300000, script: 30000}, unhandledPromptBehavior: dismiss and notify, userAgent: Mozilla/5.0 (Macintosh; Int...}
Session ID: f3475fd6-1eda-48ca-8b16-62a78f027d21">
      <![CDATA[org.openqa.selenium.TimeoutException: Expected condition failed: waiting for element to be clickable: By.xpath: //button[contains(normalize-space(text()),'Verify OTP')] (tried for 30 second(s) with 500 milliseconds interval)
Build info: version: '4.37.0', revision: '3c1da1e342'
System info: os.name: 'Mac OS X', os.arch: 'x86_64', os.version: '15.6', java.version: '11.0.20'
Driver info: org.openqa.selenium.firefox.FirefoxDriver
Capabilities {acceptInsecureCerts: true, browserName: firefox, browserVersion: 145.0.2, moz:accessibilityChecks: false, moz:buildID: 20251124145406, moz:geckodriverVersion: 0.36.0, moz:headless: false, moz:platformVersion: 24.6.0, moz:processID: 7028, moz:profile: /var/folders/bd/cxwv7fcd26v..., moz:shutdownTimeout: 60000, moz:webdriverClick: true, moz:windowless: false, pageLoadStrategy: normal, platformName: mac, proxy: Proxy(), setWindowRect: true, strictFileInteractability: false, timeouts: {implicit: 0, pageLoad: 300000, script: 30000}, unhandledPromptBehavior: dismiss and notify, userAgent: Mozilla/5.0 (Macintosh; Int...}
Session ID: f3475fd6-1eda-48ca-8b16-62a78f027d21
at org.openqa.selenium.support.ui.WebDriverWait.timeoutException(WebDriverWait.java:84)
at org.openqa.selenium.support.ui.FluentWait.until(FluentWait.java:228)
at com.api.base.AuthService.getEsign(AuthService.java:199)
at com.api.tests.esign.FetchDocumentEsign.verifyResponseWithValidCredentialsEsign(FetchDocumentEsign.java:55)
at java.base/java.util.ArrayList.forEach(ArrayList.java:1541)
... Removed 27 stack frames]]>
    </failure>
  </testcase> <!-- verifyResponseWithValidCredentialsEsign -->
</testsuite> <!-- API Test -->
