<?xml version="1.0" encoding="UTF-8"?>
<!-- Generated by org.testng.reporters.JUnitXMLReporter -->
<testsuite ignored="0" hostname="Saurabhs-MacBook-Pro.local" failures="18" tests="23" name="API Test - Dynamic Test" time="113.654" errors="0" timestamp="2025-12-27T00:36:55 IST">
  <testcase classname="com.api.tests.aadhaar.GenerateClientToken" name="getTokenWithValidCredentialsAadhaar" time="2.854"/>
  <testcase classname="com.api.tests.aadhaar.GenerateClientToken" name="verifyResponseWithMissingSecretTokenAadhaar" time="0.211">
    <failure type="java.lang.AssertionError" message="The following asserts failed:
	expected [400] but found [200]">
      <![CDATA[java.lang.AssertionError: The following asserts failed:
expected [400] but found [200]
at com.api.tests.aadhaar.GenerateClientToken.verifyResponseWithMissingSecretTokenAadhaar(GenerateClientToken.java:88)
at java.base/java.util.ArrayList.forEach(ArrayList.java:1541)
... Removed 29 stack frames]]>
    </failure>
  </testcase> <!-- verifyResponseWithMissingSecretTokenAadhaar -->
  <testcase classname="com.api.tests.aadhaar.GenerateClientToken" name="verifyResponseWithMissingCompanyNameAadhaar" time="0.192">
    <failure type="java.lang.AssertionError" message="The following asserts failed:
	expected [400] but found [200]">
      <![CDATA[java.lang.AssertionError: The following asserts failed:
expected [400] but found [200]
at com.api.tests.aadhaar.GenerateClientToken.verifyResponseWithMissingCompanyNameAadhaar(GenerateClientToken.java:110)
at java.base/java.util.ArrayList.forEach(ArrayList.java:1541)
... Removed 29 stack frames]]>
    </failure>
  </testcase> <!-- verifyResponseWithMissingCompanyNameAadhaar -->
  <testcase classname="com.api.tests.aadhaar.GenerateClientToken" name="verifyResponseWithMissingBothCompanyNameAndSecretTokenAadhaar" time="0.134">
    <failure type="java.lang.AssertionError" message="The following asserts failed:
	expected [400] but found [200]">
      <![CDATA[java.lang.AssertionError: The following asserts failed:
expected [400] but found [200]
at com.api.tests.aadhaar.GenerateClientToken.verifyResponseWithMissingBothCompanyNameAndSecretTokenAadhaar(GenerateClientToken.java:131)
at java.base/java.util.ArrayList.forEach(ArrayList.java:1541)
... Removed 29 stack frames]]>
    </failure>
  </testcase> <!-- verifyResponseWithMissingBothCompanyNameAndSecretTokenAadhaar -->
  <testcase classname="com.api.tests.aadhaar.GenerateClientToken" name="verifyResponseWithInvalidSecretTokenAadhaar" time="0.164">
    <failure type="java.lang.AssertionError" message="The following asserts failed:
	expected [401] but found [200]">
      <![CDATA[java.lang.AssertionError: The following asserts failed:
expected [401] but found [200]
at com.api.tests.aadhaar.GenerateClientToken.verifyResponseWithInvalidSecretTokenAadhaar(GenerateClientToken.java:156)
at java.base/java.util.ArrayList.forEach(ArrayList.java:1541)
... Removed 29 stack frames]]>
    </failure>
  </testcase> <!-- verifyResponseWithInvalidSecretTokenAadhaar -->
  <testcase classname="com.api.tests.aadhaar.GenerateClientToken" name="verifyResponseWithInvalidCompanyAadhaar" time="0.133">
    <failure type="java.lang.AssertionError" message="The following asserts failed:
	expected [400] but found [200]">
      <![CDATA[java.lang.AssertionError: The following asserts failed:
expected [400] but found [200]
at com.api.tests.aadhaar.GenerateClientToken.verifyResponseWithInvalidCompanyAadhaar(GenerateClientToken.java:180)
at java.base/java.util.ArrayList.forEach(ArrayList.java:1541)
... Removed 29 stack frames]]>
    </failure>
  </testcase> <!-- verifyResponseWithInvalidCompanyAadhaar -->
  <testcase classname="com.api.tests.aadhaar.GenerateClientToken" name="verifyIncorrectContentHeaderAadhaar" time="0.341">
    <failure type="java.lang.AssertionError" message="The following asserts failed:
	Server returned HTML error page:
&amp;lt;html lang=&amp;quot;en&amp;quot;&amp;gt;
  &amp;lt;head&amp;gt;
    &amp;lt;title&amp;gt;415 Unsupported Media Type&amp;lt;/title&amp;gt;
  &amp;lt;/head&amp;gt;
  &amp;lt;body&amp;gt;
    &amp;lt;h1&amp;gt;Unsupported Media Type&amp;lt;/h1&amp;gt;
    &amp;lt;p&amp;gt;Did not attempt to load JSON data because the request Content-Type was not &amp;apos;application/json&amp;apos;.&amp;lt;/p&amp;gt;
  &amp;lt;/body&amp;gt;
&amp;lt;/html&amp;gt;">
      <![CDATA[java.lang.AssertionError: The following asserts failed:
Server returned HTML error page:
<html lang="en">
  <head>
    <title>415 Unsupported Media Type</title>
  </head>
  <body>
    <h1>Unsupported Media Type</h1>
    <p>Did not attempt to load JSON data because the request Content-Type was not 'application/json'.</p>
  </body>
</html>
at com.api.tests.aadhaar.GenerateClientToken.verifyIncorrectContentHeaderAadhaar(GenerateClientToken.java:201)
at java.base/java.util.ArrayList.forEach(ArrayList.java:1541)
... Removed 29 stack frames]]>
    </failure>
  </testcase> <!-- verifyIncorrectContentHeaderAadhaar -->
  <testcase classname="com.api.tests.aadhaar.GenerateClientToken" name="verifyResponseWithLongCompanyNameAadhaar" time="0.169">
    <failure type="java.lang.AssertionError" message="The following asserts failed:
	expected [400] but found [200]">
      <![CDATA[java.lang.AssertionError: The following asserts failed:
expected [400] but found [200]
at com.api.tests.aadhaar.GenerateClientToken.verifyResponseWithLongCompanyNameAadhaar(GenerateClientToken.java:226)
at java.base/java.util.ArrayList.forEach(ArrayList.java:1541)
... Removed 29 stack frames]]>
    </failure>
  </testcase> <!-- verifyResponseWithLongCompanyNameAadhaar -->
  <testcase classname="com.api.tests.aadhaar.GenerateClientToken" name="verifyResponseWithLongSecretTokenAadhaar" time="0.141">
    <failure type="java.lang.AssertionError" message="The following asserts failed:
	expected [400] but found [200]">
      <![CDATA[java.lang.AssertionError: The following asserts failed:
expected [400] but found [200]
at com.api.tests.aadhaar.GenerateClientToken.verifyResponseWithLongSecretTokenAadhaar(GenerateClientToken.java:252)
at java.base/java.util.ArrayList.forEach(ArrayList.java:1541)
... Removed 29 stack frames]]>
    </failure>
  </testcase> <!-- verifyResponseWithLongSecretTokenAadhaar -->
  <testcase classname="com.api.tests.aadhaar.GenerateClientToken" name="verifyResponseWithSQLInjectionAadhaar" time="0.139">
    <failure type="java.lang.AssertionError" message="The following asserts failed:
	expected [400] but found [200]">
      <![CDATA[java.lang.AssertionError: The following asserts failed:
expected [400] but found [200]
at com.api.tests.aadhaar.GenerateClientToken.verifyResponseWithSQLInjectionAadhaar(GenerateClientToken.java:278)
at java.base/java.util.ArrayList.forEach(ArrayList.java:1541)
... Removed 29 stack frames]]>
    </failure>
  </testcase> <!-- verifyResponseWithSQLInjectionAadhaar -->
  <testcase classname="com.api.tests.aadhaar.GenerateClientToken" name="verifyResponseTimeSLAAadhaar" time="0.212"/>
  <testcase classname="com.api.tests.aadhaar.GenerateClientToken" name="verifyResponeWithNoRequestBodyAadhaar" time="0.448">
    <failure type="java.lang.AssertionError" message="The following asserts failed:
	expected [400] but found [502]">
      <![CDATA[java.lang.AssertionError: The following asserts failed:
expected [400] but found [502]
at com.api.tests.aadhaar.GenerateClientToken.verifyResponeWithNoRequestBodyAadhaar(GenerateClientToken.java:313)
at java.base/java.util.ArrayList.forEach(ArrayList.java:1541)
... Removed 29 stack frames]]>
    </failure>
  </testcase> <!-- verifyResponeWithNoRequestBodyAadhaar -->
  <testcase classname="com.api.tests.aadhaar.GenerateClientToken" name="verifyResponseWithNumericValuesOfFieldsAadhaar" time="0.159">
    <failure type="java.lang.AssertionError" message="The following asserts failed:
	expected [400] but found [200]">
      <![CDATA[java.lang.AssertionError: The following asserts failed:
expected [400] but found [200]
at com.api.tests.aadhaar.GenerateClientToken.verifyResponseWithNumericValuesOfFieldsAadhaar(GenerateClientToken.java:339)
at java.base/java.util.ArrayList.forEach(ArrayList.java:1541)
... Removed 29 stack frames]]>
    </failure>
  </testcase> <!-- verifyResponseWithNumericValuesOfFieldsAadhaar -->
  <testcase classname="com.api.tests.aadhaar.GenerateClientToken" name="verifyResponseWhenGETMethodInsteadOfPOSTAadhaar" time="0.172">
    <failure type="java.lang.AssertionError" message="The following asserts failed:
	Server returned HTML:
&amp;lt;html lang=&amp;quot;en&amp;quot;&amp;gt;
  &amp;lt;head&amp;gt;
    &amp;lt;title&amp;gt;405 Method Not Allowed&amp;lt;/title&amp;gt;
  &amp;lt;/head&amp;gt;
  &amp;lt;body&amp;gt;
    &amp;lt;h1&amp;gt;Method Not Allowed&amp;lt;/h1&amp;gt;
    &amp;lt;p&amp;gt;The method is not allowed for the requested URL.&amp;lt;/p&amp;gt;
  &amp;lt;/body&amp;gt;
&amp;lt;/html&amp;gt;">
      <![CDATA[java.lang.AssertionError: The following asserts failed:
Server returned HTML:
<html lang="en">
  <head>
    <title>405 Method Not Allowed</title>
  </head>
  <body>
    <h1>Method Not Allowed</h1>
    <p>The method is not allowed for the requested URL.</p>
  </body>
</html>
at com.api.tests.aadhaar.GenerateClientToken.verifyResponseWhenGETMethodInsteadOfPOSTAadhaar(GenerateClientToken.java:360)
at java.base/java.util.ArrayList.forEach(ArrayList.java:1541)
... Removed 29 stack frames]]>
    </failure>
  </testcase> <!-- verifyResponseWhenGETMethodInsteadOfPOSTAadhaar -->
  <testcase classname="com.api.tests.aadhaar.GenerateClientToken" name="verifyResponseWhenRequestBodyJSONMalformedAadhaar" time="0.13">
    <failure type="io.restassured.path.json.exception.JsonPathException" message="Failed to parse the JSON document">
      <![CDATA[io.restassured.path.json.exception.JsonPathException: Failed to parse the JSON document
at io.restassured.path.json.JsonPath$ExceptionCatcher.invoke(JsonPath.java:1002)
at io.restassured.path.json.JsonPath$4.doParseWith(JsonPath.java:967)
at io.restassured.path.json.JsonPath$JsonParser.parseWith(JsonPath.java:1047)
at io.restassured.path.json.JsonPath.get(JsonPath.java:202)
at io.restassured.path.json.JsonPath.getBoolean(JsonPath.java:214)
at com.api.tests.aadhaar.GenerateClientToken.verifyResponseWhenRequestBodyJSONMalformedAadhaar(GenerateClientToken.java:382)
at java.base/java.util.ArrayList.forEach(ArrayList.java:1541)
Caused by: groovy.json.JsonException: Lexing failed on line: 1, column: 1, while reading '<', no possible valid JSON value or punctuation could be recognized.
at groovy.json.JsonLexer.nextToken(JsonLexer.java:86)
at groovy.json.JsonLexer$nextToken.call(Unknown Source)
at io.restassured.internal.path.json.ConfigurableJsonSlurper.parse(ConfigurableJsonSlurper.groovy:97)
at io.restassured.internal.path.json.ConfigurableJsonSlurper$parse.callCurrent(Unknown Source)
at io.restassured.internal.path.json.ConfigurableJsonSlurper.parseText(ConfigurableJsonSlurper.groovy:83)
at io.restassured.path.json.JsonPath$4$1.method(JsonPath.java:965)
at io.restassured.path.json.JsonPath$ExceptionCatcher.invoke(JsonPath.java:1000)
... 33 more
... Removed 27 stack frames]]>
    </failure>
  </testcase> <!-- verifyResponseWhenRequestBodyJSONMalformedAadhaar -->
  <testcase classname="com.api.tests.aadhaar.GenerateDigilockerLink" name="verifyResponseWithMandatoryFieldsGenerateDigilockerLink" time="102.733"/>
  <testcase classname="com.api.tests.aadhaar.GenerateDigilockerLink" name="verifyResponseWhenCompanyNameMissingGenerateDigilockerLink" time="0.242"/>
  <testcase classname="com.api.tests.aadhaar.GenerateDigilockerLink" name="verifyResponseWhenDocumentFieldMissingGenerateDigilockerLink" time="0.141">
    <failure type="java.lang.AssertionError" message="The following asserts failed:
	expected [Missing required fields: documents] but found [null]">
      <![CDATA[java.lang.AssertionError: The following asserts failed:
expected [Missing required fields: documents] but found [null]
at com.api.tests.aadhaar.GenerateDigilockerLink.verifyResponseWhenDocumentFieldMissingGenerateDigilockerLink(GenerateDigilockerLink.java:172)
at java.base/java.util.ArrayList.forEach(ArrayList.java:1541)
... Removed 29 stack frames]]>
    </failure>
  </testcase> <!-- verifyResponseWhenDocumentFieldMissingGenerateDigilockerLink -->
  <testcase classname="com.api.tests.aadhaar.GenerateDigilockerLink" name="verifyResponseWhenDocumentFieldContainsUnsupportedValueGenerateDigilockerLink" time="0.182"/>
  <testcase classname="com.api.tests.aadhaar.GenerateDigilockerLink" name="verifyResponseWhenRequestBodyJSONMalformedGenerateDigilockerLink" time="0.147">
    <failure type="io.restassured.path.json.exception.JsonPathException" message="Failed to parse the JSON document">
      <![CDATA[io.restassured.path.json.exception.JsonPathException: Failed to parse the JSON document
at io.restassured.path.json.JsonPath$ExceptionCatcher.invoke(JsonPath.java:1002)
at io.restassured.path.json.JsonPath$4.doParseWith(JsonPath.java:967)
at io.restassured.path.json.JsonPath$JsonParser.parseWith(JsonPath.java:1047)
at io.restassured.path.json.JsonPath.get(JsonPath.java:202)
at io.restassured.path.json.JsonPath.getBoolean(JsonPath.java:214)
at com.api.tests.aadhaar.GenerateDigilockerLink.verifyResponseWhenRequestBodyJSONMalformedGenerateDigilockerLink(GenerateDigilockerLink.java:222)
at java.base/java.util.ArrayList.forEach(ArrayList.java:1541)
Caused by: groovy.json.JsonException: Lexing failed on line: 1, column: 1, while reading '<', no possible valid JSON value or punctuation could be recognized.
at groovy.json.JsonLexer.nextToken(JsonLexer.java:86)
at groovy.json.JsonLexer$nextToken.call(Unknown Source)
at io.restassured.internal.path.json.ConfigurableJsonSlurper.parse(ConfigurableJsonSlurper.groovy:97)
at io.restassured.internal.path.json.ConfigurableJsonSlurper$parse.callCurrent(Unknown Source)
at io.restassured.internal.path.json.ConfigurableJsonSlurper.parseText(ConfigurableJsonSlurper.groovy:83)
at io.restassured.path.json.JsonPath$4$1.method(JsonPath.java:965)
at io.restassured.path.json.JsonPath$ExceptionCatcher.invoke(JsonPath.java:1000)
... 33 more
... Removed 27 stack frames]]>
    </failure>
  </testcase> <!-- verifyResponseWhenRequestBodyJSONMalformedGenerateDigilockerLink -->
  <testcase classname="com.api.tests.aadhaar.GenerateDigilockerLink" name="verifyResponseWithWrongContentTypeHeaderGenerateDigilockerLink" time="0.175">
    <failure type="io.restassured.path.json.exception.JsonPathException" message="Failed to parse the JSON document">
      <![CDATA[io.restassured.path.json.exception.JsonPathException: Failed to parse the JSON document
at io.restassured.path.json.JsonPath$ExceptionCatcher.invoke(JsonPath.java:1002)
at io.restassured.path.json.JsonPath$4.doParseWith(JsonPath.java:967)
at io.restassured.path.json.JsonPath$JsonParser.parseWith(JsonPath.java:1047)
at io.restassured.path.json.JsonPath.get(JsonPath.java:202)
at io.restassured.path.json.JsonPath.getBoolean(JsonPath.java:214)
at com.api.tests.aadhaar.GenerateDigilockerLink.verifyResponseWithWrongContentTypeHeaderGenerateDigilockerLink(GenerateDigilockerLink.java:250)
at java.base/java.util.ArrayList.forEach(ArrayList.java:1541)
Caused by: groovy.json.JsonException: Lexing failed on line: 1, column: 1, while reading '<', no possible valid JSON value or punctuation could be recognized.
at groovy.json.JsonLexer.nextToken(JsonLexer.java:86)
at groovy.json.JsonLexer$nextToken.call(Unknown Source)
at io.restassured.internal.path.json.ConfigurableJsonSlurper.parse(ConfigurableJsonSlurper.groovy:97)
at io.restassured.internal.path.json.ConfigurableJsonSlurper$parse.callCurrent(Unknown Source)
at io.restassured.internal.path.json.ConfigurableJsonSlurper.parseText(ConfigurableJsonSlurper.groovy:83)
at io.restassured.path.json.JsonPath$4$1.method(JsonPath.java:965)
at io.restassured.path.json.JsonPath$ExceptionCatcher.invoke(JsonPath.java:1000)
... 33 more
... Removed 27 stack frames]]>
    </failure>
  </testcase> <!-- verifyResponseWithWrongContentTypeHeaderGenerateDigilockerLink -->
  <testcase classname="com.api.tests.aadhaar.GenerateDigilockerLink" name="verifyResponseWhenRequestBodyEmptyGenerateDigilockerLink" time="0.168">
    <failure type="java.lang.AssertionError" message="The following asserts failed:
	expected [400] but found [200]">
      <![CDATA[java.lang.AssertionError: The following asserts failed:
expected [400] but found [200]
at com.api.tests.aadhaar.GenerateDigilockerLink.verifyResponseWhenRequestBodyEmptyGenerateDigilockerLink(GenerateDigilockerLink.java:273)
at java.base/java.util.ArrayList.forEach(ArrayList.java:1541)
... Removed 29 stack frames]]>
    </failure>
  </testcase> <!-- verifyResponseWhenRequestBodyEmptyGenerateDigilockerLink -->
  <testcase classname="com.api.tests.aadhaar.GenerateDigilockerLink" name="verifyResponseForNumericTypesGenerateDigilockerLink" time="0.301">
    <failure type="java.lang.AssertionError" message="The following asserts failed:
	expected [400] but found [200]">
      <![CDATA[java.lang.AssertionError: The following asserts failed:
expected [400] but found [200]
at com.api.tests.aadhaar.GenerateDigilockerLink.verifyResponseForNumericTypesGenerateDigilockerLink(GenerateDigilockerLink.java:302)
at java.base/java.util.ArrayList.forEach(ArrayList.java:1541)
... Removed 29 stack frames]]>
    </failure>
  </testcase> <!-- verifyResponseForNumericTypesGenerateDigilockerLink -->
</testsuite> <!-- API Test - Dynamic Test -->
