<?xml version="1.0" encoding="UTF-8"?>
<!-- Generated by org.testng.reporters.JUnitXMLReporter -->
<testsuite ignored="0" hostname="Saurabhs-MacBook-Pro.local" failures="97" tests="129" name="API Test - Dynamic Test" time="322.235" errors="0" timestamp="2025-12-17T14:52:04 IST">
  <testcase classname="com.api.tests.aadhaar.GenerateClientToken" name="getTokenWithValidCredentialsAadhaar" time="5.167"/>
  <testcase classname="com.api.tests.aadhaar.GenerateClientToken" name="verifyResponseWithMissingSecretTokenAadhaar" time="0.392">
    <failure type="java.lang.AssertionError" message="The following asserts failed:
	expected [400] but found [200]">
      <![CDATA[java.lang.AssertionError: The following asserts failed:
expected [400] but found [200]
at com.api.tests.aadhaar.GenerateClientToken.verifyResponseWithMissingSecretTokenAadhaar(GenerateClientToken.java:86)
at java.base/java.util.ArrayList.forEach(ArrayList.java:1541)
... Removed 29 stack frames]]>
    </failure>
  </testcase> <!-- verifyResponseWithMissingSecretTokenAadhaar -->
  <testcase classname="com.api.tests.aadhaar.GenerateClientToken" name="verifyResponseWithMissingCompanyNameAadhaar" time="0.33">
    <failure type="java.lang.AssertionError" message="The following asserts failed:
	expected [400] but found [200]">
      <![CDATA[java.lang.AssertionError: The following asserts failed:
expected [400] but found [200]
at com.api.tests.aadhaar.GenerateClientToken.verifyResponseWithMissingCompanyNameAadhaar(GenerateClientToken.java:107)
at java.base/java.util.ArrayList.forEach(ArrayList.java:1541)
... Removed 29 stack frames]]>
    </failure>
  </testcase> <!-- verifyResponseWithMissingCompanyNameAadhaar -->
  <testcase classname="com.api.tests.aadhaar.GenerateClientToken" name="verifyResponseWithMissingBothCompanyNameAndSecretTokenAadhaar" time="0.312">
    <failure type="java.lang.AssertionError" message="The following asserts failed:
	expected [400] but found [200]">
      <![CDATA[java.lang.AssertionError: The following asserts failed:
expected [400] but found [200]
at com.api.tests.aadhaar.GenerateClientToken.verifyResponseWithMissingBothCompanyNameAndSecretTokenAadhaar(GenerateClientToken.java:127)
at java.base/java.util.ArrayList.forEach(ArrayList.java:1541)
... Removed 29 stack frames]]>
    </failure>
  </testcase> <!-- verifyResponseWithMissingBothCompanyNameAndSecretTokenAadhaar -->
  <testcase classname="com.api.tests.aadhaar.GenerateClientToken" name="verifyResponseWithInvalidSecretTokenAadhaar" time="0.255">
    <failure type="java.lang.AssertionError" message="The following asserts failed:
	expected [401] but found [200]">
      <![CDATA[java.lang.AssertionError: The following asserts failed:
expected [401] but found [200]
at com.api.tests.aadhaar.GenerateClientToken.verifyResponseWithInvalidSecretTokenAadhaar(GenerateClientToken.java:151)
at java.base/java.util.ArrayList.forEach(ArrayList.java:1541)
... Removed 29 stack frames]]>
    </failure>
  </testcase> <!-- verifyResponseWithInvalidSecretTokenAadhaar -->
  <testcase classname="com.api.tests.aadhaar.GenerateClientToken" name="verifyResponseWithInvalidCompanyAadhaar" time="0.272">
    <failure type="java.lang.AssertionError" message="The following asserts failed:
	expected [400] but found [200]">
      <![CDATA[java.lang.AssertionError: The following asserts failed:
expected [400] but found [200]
at com.api.tests.aadhaar.GenerateClientToken.verifyResponseWithInvalidCompanyAadhaar(GenerateClientToken.java:174)
at java.base/java.util.ArrayList.forEach(ArrayList.java:1541)
... Removed 29 stack frames]]>
    </failure>
  </testcase> <!-- verifyResponseWithInvalidCompanyAadhaar -->
  <testcase classname="com.api.tests.aadhaar.GenerateClientToken" name="verifyIncorrectContentHeaderAadhaar" time="0.7">
    <failure type="java.lang.AssertionError" message="The following asserts failed:
	Server returned HTML error page:
&amp;lt;html lang=&amp;quot;en&amp;quot;&amp;gt;
  &amp;lt;head&amp;gt;
    &amp;lt;title&amp;gt;415 Unsupported Media Type&amp;lt;/title&amp;gt;
  &amp;lt;/head&amp;gt;
  &amp;lt;body&amp;gt;
    &amp;lt;h1&amp;gt;Unsupported Media Type&amp;lt;/h1&amp;gt;
    &amp;lt;p&amp;gt;Did not attempt to load JSON data because the request Content-Type was not &amp;apos;application/json&amp;apos;.&amp;lt;/p&amp;gt;
  &amp;lt;/body&amp;gt;
&amp;lt;/html&amp;gt;">
      <![CDATA[java.lang.AssertionError: The following asserts failed:
Server returned HTML error page:
<html lang="en">
  <head>
    <title>415 Unsupported Media Type</title>
  </head>
  <body>
    <h1>Unsupported Media Type</h1>
    <p>Did not attempt to load JSON data because the request Content-Type was not 'application/json'.</p>
  </body>
</html>
at com.api.tests.aadhaar.GenerateClientToken.verifyIncorrectContentHeaderAadhaar(GenerateClientToken.java:195)
at java.base/java.util.ArrayList.forEach(ArrayList.java:1541)
... Removed 29 stack frames]]>
    </failure>
  </testcase> <!-- verifyIncorrectContentHeaderAadhaar -->
  <testcase classname="com.api.tests.aadhaar.GenerateClientToken" name="verifyResponseWithLongCompanyNameAadhaar" time="0.334">
    <failure type="java.lang.AssertionError" message="The following asserts failed:
	expected [400] but found [200]">
      <![CDATA[java.lang.AssertionError: The following asserts failed:
expected [400] but found [200]
at com.api.tests.aadhaar.GenerateClientToken.verifyResponseWithLongCompanyNameAadhaar(GenerateClientToken.java:219)
at java.base/java.util.ArrayList.forEach(ArrayList.java:1541)
... Removed 29 stack frames]]>
    </failure>
  </testcase> <!-- verifyResponseWithLongCompanyNameAadhaar -->
  <testcase classname="com.api.tests.aadhaar.GenerateClientToken" name="verifyResponseWithLongSecretTokenAadhaar" time="0.185">
    <failure type="java.lang.AssertionError" message="The following asserts failed:
	expected [400] but found [200]">
      <![CDATA[java.lang.AssertionError: The following asserts failed:
expected [400] but found [200]
at com.api.tests.aadhaar.GenerateClientToken.verifyResponseWithLongSecretTokenAadhaar(GenerateClientToken.java:244)
at java.base/java.util.ArrayList.forEach(ArrayList.java:1541)
... Removed 29 stack frames]]>
    </failure>
  </testcase> <!-- verifyResponseWithLongSecretTokenAadhaar -->
  <testcase classname="com.api.tests.aadhaar.GenerateClientToken" name="verifyResponseWithSQLInjectionAadhaar" time="0.297">
    <failure type="java.lang.AssertionError" message="The following asserts failed:
	expected [400] but found [200]">
      <![CDATA[java.lang.AssertionError: The following asserts failed:
expected [400] but found [200]
at com.api.tests.aadhaar.GenerateClientToken.verifyResponseWithSQLInjectionAadhaar(GenerateClientToken.java:269)
at java.base/java.util.ArrayList.forEach(ArrayList.java:1541)
... Removed 29 stack frames]]>
    </failure>
  </testcase> <!-- verifyResponseWithSQLInjectionAadhaar -->
  <testcase classname="com.api.tests.aadhaar.GenerateClientToken" name="verifyResponseTimeSLAAadhaar" time="0.389"/>
  <testcase classname="com.api.tests.aadhaar.GenerateClientToken" name="verifyResponeWithNoRequestBodyAadhaar" time="0.193">
    <failure type="java.lang.AssertionError" message="The following asserts failed:
	expected [400] but found [502]">
      <![CDATA[java.lang.AssertionError: The following asserts failed:
expected [400] but found [502]
at com.api.tests.aadhaar.GenerateClientToken.verifyResponeWithNoRequestBodyAadhaar(GenerateClientToken.java:304)
at java.base/java.util.ArrayList.forEach(ArrayList.java:1541)
... Removed 29 stack frames]]>
    </failure>
  </testcase> <!-- verifyResponeWithNoRequestBodyAadhaar -->
  <testcase classname="com.api.tests.aadhaar.GenerateClientToken" name="verifyResponseWithNumericValuesOfFieldsAadhaar" time="0.229">
    <failure type="java.lang.AssertionError" message="The following asserts failed:
	expected [400] but found [200]">
      <![CDATA[java.lang.AssertionError: The following asserts failed:
expected [400] but found [200]
at com.api.tests.aadhaar.GenerateClientToken.verifyResponseWithNumericValuesOfFieldsAadhaar(GenerateClientToken.java:329)
at java.base/java.util.ArrayList.forEach(ArrayList.java:1541)
... Removed 29 stack frames]]>
    </failure>
  </testcase> <!-- verifyResponseWithNumericValuesOfFieldsAadhaar -->
  <testcase classname="com.api.tests.aadhaar.GenerateClientToken" name="verifyResponseWhenGETMethodInsteadOfPOSTAadhaar" time="0.298">
    <failure type="java.lang.AssertionError" message="The following asserts failed:
	Server returned HTML:
&amp;lt;html lang=&amp;quot;en&amp;quot;&amp;gt;
  &amp;lt;head&amp;gt;
    &amp;lt;title&amp;gt;405 Method Not Allowed&amp;lt;/title&amp;gt;
  &amp;lt;/head&amp;gt;
  &amp;lt;body&amp;gt;
    &amp;lt;h1&amp;gt;Method Not Allowed&amp;lt;/h1&amp;gt;
    &amp;lt;p&amp;gt;The method is not allowed for the requested URL.&amp;lt;/p&amp;gt;
  &amp;lt;/body&amp;gt;
&amp;lt;/html&amp;gt;">
      <![CDATA[java.lang.AssertionError: The following asserts failed:
Server returned HTML:
<html lang="en">
  <head>
    <title>405 Method Not Allowed</title>
  </head>
  <body>
    <h1>Method Not Allowed</h1>
    <p>The method is not allowed for the requested URL.</p>
  </body>
</html>
at com.api.tests.aadhaar.GenerateClientToken.verifyResponseWhenGETMethodInsteadOfPOSTAadhaar(GenerateClientToken.java:350)
at java.base/java.util.ArrayList.forEach(ArrayList.java:1541)
... Removed 29 stack frames]]>
    </failure>
  </testcase> <!-- verifyResponseWhenGETMethodInsteadOfPOSTAadhaar -->
  <testcase classname="com.api.tests.aadhaar.GenerateClientToken" name="verifyResponseWhenRequestBodyJSONMalformedAadhaar" time="0.192">
    <failure type="io.restassured.path.json.exception.JsonPathException" message="Failed to parse the JSON document">
      <![CDATA[io.restassured.path.json.exception.JsonPathException: Failed to parse the JSON document
at io.restassured.path.json.JsonPath$ExceptionCatcher.invoke(JsonPath.java:1002)
at io.restassured.path.json.JsonPath$4.doParseWith(JsonPath.java:967)
at io.restassured.path.json.JsonPath$JsonParser.parseWith(JsonPath.java:1047)
at io.restassured.path.json.JsonPath.get(JsonPath.java:202)
at io.restassured.path.json.JsonPath.getBoolean(JsonPath.java:214)
at com.api.tests.aadhaar.GenerateClientToken.verifyResponseWhenRequestBodyJSONMalformedAadhaar(GenerateClientToken.java:372)
at java.base/java.util.ArrayList.forEach(ArrayList.java:1541)
Caused by: groovy.json.JsonException: Lexing failed on line: 1, column: 1, while reading '<', no possible valid JSON value or punctuation could be recognized.
at groovy.json.JsonLexer.nextToken(JsonLexer.java:86)
at groovy.json.JsonLexer$nextToken.call(Unknown Source)
at io.restassured.internal.path.json.ConfigurableJsonSlurper.parse(ConfigurableJsonSlurper.groovy:97)
at io.restassured.internal.path.json.ConfigurableJsonSlurper$parse.callCurrent(Unknown Source)
at io.restassured.internal.path.json.ConfigurableJsonSlurper.parseText(ConfigurableJsonSlurper.groovy:83)
at io.restassured.path.json.JsonPath$4$1.method(JsonPath.java:965)
at io.restassured.path.json.JsonPath$ExceptionCatcher.invoke(JsonPath.java:1000)
... 33 more
... Removed 27 stack frames]]>
    </failure>
  </testcase> <!-- verifyResponseWhenRequestBodyJSONMalformedAadhaar -->
  <testcase classname="com.api.tests.aadhaar.GenerateDigilockerLink" name="verifyResponseWithMandatoryFieldsGenerateDigilockerLink" time="87.553"/>
  <testcase classname="com.api.tests.aadhaar.GenerateDigilockerLink" name="verifyResponseWhenCompanyNameMissingGenerateDigilockerLink" time="0.266"/>
  <testcase classname="com.api.tests.aadhaar.GenerateDigilockerLink" name="verifyResponseWhenDocumentFieldMissingGenerateDigilockerLink" time="0.169">
    <failure type="java.lang.AssertionError" message="The following asserts failed:
	expected [Missing required fields: documents] but found [null]">
      <![CDATA[java.lang.AssertionError: The following asserts failed:
expected [Missing required fields: documents] but found [null]
at com.api.tests.aadhaar.GenerateDigilockerLink.verifyResponseWhenDocumentFieldMissingGenerateDigilockerLink(GenerateDigilockerLink.java:172)
at java.base/java.util.ArrayList.forEach(ArrayList.java:1541)
... Removed 29 stack frames]]>
    </failure>
  </testcase> <!-- verifyResponseWhenDocumentFieldMissingGenerateDigilockerLink -->
  <testcase classname="com.api.tests.aadhaar.GenerateDigilockerLink" name="verifyResponseWhenDocumentFieldContainsUnsupportedValueGenerateDigilockerLink" time="0.198"/>
  <testcase classname="com.api.tests.aadhaar.GenerateDigilockerLink" name="verifyResponseWhenRequestBodyJSONMalformedGenerateDigilockerLink" time="0.238">
    <failure type="io.restassured.path.json.exception.JsonPathException" message="Failed to parse the JSON document">
      <![CDATA[io.restassured.path.json.exception.JsonPathException: Failed to parse the JSON document
at io.restassured.path.json.JsonPath$ExceptionCatcher.invoke(JsonPath.java:1002)
at io.restassured.path.json.JsonPath$4.doParseWith(JsonPath.java:967)
at io.restassured.path.json.JsonPath$JsonParser.parseWith(JsonPath.java:1047)
at io.restassured.path.json.JsonPath.get(JsonPath.java:202)
at io.restassured.path.json.JsonPath.getBoolean(JsonPath.java:214)
at com.api.tests.aadhaar.GenerateDigilockerLink.verifyResponseWhenRequestBodyJSONMalformedGenerateDigilockerLink(GenerateDigilockerLink.java:222)
at java.base/java.util.ArrayList.forEach(ArrayList.java:1541)
Caused by: groovy.json.JsonException: Lexing failed on line: 1, column: 1, while reading '<', no possible valid JSON value or punctuation could be recognized.
at groovy.json.JsonLexer.nextToken(JsonLexer.java:86)
at groovy.json.JsonLexer$nextToken.call(Unknown Source)
at io.restassured.internal.path.json.ConfigurableJsonSlurper.parse(ConfigurableJsonSlurper.groovy:97)
at io.restassured.internal.path.json.ConfigurableJsonSlurper$parse.callCurrent(Unknown Source)
at io.restassured.internal.path.json.ConfigurableJsonSlurper.parseText(ConfigurableJsonSlurper.groovy:83)
at io.restassured.path.json.JsonPath$4$1.method(JsonPath.java:965)
at io.restassured.path.json.JsonPath$ExceptionCatcher.invoke(JsonPath.java:1000)
... 33 more
... Removed 27 stack frames]]>
    </failure>
  </testcase> <!-- verifyResponseWhenRequestBodyJSONMalformedGenerateDigilockerLink -->
  <testcase classname="com.api.tests.aadhaar.GenerateDigilockerLink" name="verifyResponseWithWrongContentTypeHeaderGenerateDigilockerLink" time="0.265">
    <failure type="io.restassured.path.json.exception.JsonPathException" message="Failed to parse the JSON document">
      <![CDATA[io.restassured.path.json.exception.JsonPathException: Failed to parse the JSON document
at io.restassured.path.json.JsonPath$ExceptionCatcher.invoke(JsonPath.java:1002)
at io.restassured.path.json.JsonPath$4.doParseWith(JsonPath.java:967)
at io.restassured.path.json.JsonPath$JsonParser.parseWith(JsonPath.java:1047)
at io.restassured.path.json.JsonPath.get(JsonPath.java:202)
at io.restassured.path.json.JsonPath.getBoolean(JsonPath.java:214)
at com.api.tests.aadhaar.GenerateDigilockerLink.verifyResponseWithWrongContentTypeHeaderGenerateDigilockerLink(GenerateDigilockerLink.java:250)
at java.base/java.util.ArrayList.forEach(ArrayList.java:1541)
Caused by: groovy.json.JsonException: Lexing failed on line: 1, column: 1, while reading '<', no possible valid JSON value or punctuation could be recognized.
at groovy.json.JsonLexer.nextToken(JsonLexer.java:86)
at groovy.json.JsonLexer$nextToken.call(Unknown Source)
at io.restassured.internal.path.json.ConfigurableJsonSlurper.parse(ConfigurableJsonSlurper.groovy:97)
at io.restassured.internal.path.json.ConfigurableJsonSlurper$parse.callCurrent(Unknown Source)
at io.restassured.internal.path.json.ConfigurableJsonSlurper.parseText(ConfigurableJsonSlurper.groovy:83)
at io.restassured.path.json.JsonPath$4$1.method(JsonPath.java:965)
at io.restassured.path.json.JsonPath$ExceptionCatcher.invoke(JsonPath.java:1000)
... 33 more
... Removed 27 stack frames]]>
    </failure>
  </testcase> <!-- verifyResponseWithWrongContentTypeHeaderGenerateDigilockerLink -->
  <testcase classname="com.api.tests.aadhaar.GenerateDigilockerLink" name="verifyResponseWhenRequestBodyEmptyGenerateDigilockerLink" time="0.28">
    <failure type="java.lang.AssertionError" message="The following asserts failed:
	expected [400] but found [200]">
      <![CDATA[java.lang.AssertionError: The following asserts failed:
expected [400] but found [200]
at com.api.tests.aadhaar.GenerateDigilockerLink.verifyResponseWhenRequestBodyEmptyGenerateDigilockerLink(GenerateDigilockerLink.java:273)
at java.base/java.util.ArrayList.forEach(ArrayList.java:1541)
... Removed 29 stack frames]]>
    </failure>
  </testcase> <!-- verifyResponseWhenRequestBodyEmptyGenerateDigilockerLink -->
  <testcase classname="com.api.tests.aadhaar.GenerateDigilockerLink" name="verifyResponseForNumericTypesGenerateDigilockerLink" time="0.462">
    <failure type="java.lang.AssertionError" message="The following asserts failed:
	expected [400] but found [200]">
      <![CDATA[java.lang.AssertionError: The following asserts failed:
expected [400] but found [200]
at com.api.tests.aadhaar.GenerateDigilockerLink.verifyResponseForNumericTypesGenerateDigilockerLink(GenerateDigilockerLink.java:302)
at java.base/java.util.ArrayList.forEach(ArrayList.java:1541)
... Removed 29 stack frames]]>
    </failure>
  </testcase> <!-- verifyResponseForNumericTypesGenerateDigilockerLink -->
  <testcase classname="com.api.tests.aadhaar.RetrieveAadhaarData" name="verifyResponseWithValidCredentialsRetrieveAadhaarData" time="0.212">
    <failure type="java.lang.AssertionError" message="The following asserts failed:
	Message mismatch expected [Data Exported Successfully] but found [Please generate a client token first],
	Status code mismatch expected [200] but found [400]">
      <![CDATA[java.lang.AssertionError: The following asserts failed:
Message mismatch expected [Data Exported Successfully] but found [Please generate a client token first],
Status code mismatch expected [200] but found [400]
at com.api.tests.aadhaar.RetrieveAadhaarData.verifyResponseWithValidCredentialsRetrieveAadhaarData(RetrieveAadhaarData.java:54)
at java.base/java.util.ArrayList.forEach(ArrayList.java:1541)
... Removed 29 stack frames]]>
    </failure>
  </testcase> <!-- verifyResponseWithValidCredentialsRetrieveAadhaarData -->
  <testcase classname="com.api.tests.aadhaar.RetrieveAadhaarData" name="verifyResponseWithMissingStateRetrieveAadhaarData" time="0.202">
    <failure type="java.lang.NullPointerException">
      <![CDATA[java.lang.NullPointerException
at com.api.tests.aadhaar.RetrieveAadhaarData.verifyResponseWithMissingStateRetrieveAadhaarData(RetrieveAadhaarData.java:71)
at java.base/java.util.ArrayList.forEach(ArrayList.java:1541)
... Removed 27 stack frames]]>
    </failure>
  </testcase> <!-- verifyResponseWithMissingStateRetrieveAadhaarData -->
  <testcase classname="com.api.tests.aadhaar.RetrieveAadhaarData" name="verifyResponseWithInvalidClientTokenRetrieveAadhaarData" time="0.183">
    <failure type="java.lang.NullPointerException">
      <![CDATA[java.lang.NullPointerException
at com.api.tests.aadhaar.RetrieveAadhaarData.verifyResponseWithInvalidClientTokenRetrieveAadhaarData(RetrieveAadhaarData.java:93)
at java.base/java.util.ArrayList.forEach(ArrayList.java:1541)
... Removed 27 stack frames]]>
    </failure>
  </testcase> <!-- verifyResponseWithInvalidClientTokenRetrieveAadhaarData -->
  <testcase classname="com.api.tests.aadhaar.RetrieveAadhaarData" name="verifyResponseWithInvalidStateRetrieveAadhaarData" time="0.154">
    <failure type="java.lang.NullPointerException">
      <![CDATA[java.lang.NullPointerException
at com.api.tests.aadhaar.RetrieveAadhaarData.verifyResponseWithInvalidStateRetrieveAadhaarData(RetrieveAadhaarData.java:114)
at java.base/java.util.ArrayList.forEach(ArrayList.java:1541)
... Removed 27 stack frames]]>
    </failure>
  </testcase> <!-- verifyResponseWithInvalidStateRetrieveAadhaarData -->
  <testcase classname="com.api.tests.aadhaar.RetrieveAadhaarData" name="verifyResponseWhenRequestBodyJSONMalformedRetrieveAadhaarData" time="0.213">
    <failure type="java.lang.AssertionError" message="The following asserts failed:
	Server returned HTML instead of JSON:
&amp;lt;html lang=&amp;quot;en&amp;quot;&amp;gt;
  &amp;lt;head&amp;gt;
    &amp;lt;title&amp;gt;400 Bad Request&amp;lt;/title&amp;gt;
  &amp;lt;/head&amp;gt;
  &amp;lt;body&amp;gt;
    &amp;lt;h1&amp;gt;Bad Request&amp;lt;/h1&amp;gt;
    &amp;lt;p&amp;gt;The browser (or proxy) sent a request that this server could not understand.&amp;lt;/p&amp;gt;
  &amp;lt;/body&amp;gt;
&amp;lt;/html&amp;gt;">
      <![CDATA[java.lang.AssertionError: The following asserts failed:
Server returned HTML instead of JSON:
<html lang="en">
  <head>
    <title>400 Bad Request</title>
  </head>
  <body>
    <h1>Bad Request</h1>
    <p>The browser (or proxy) sent a request that this server could not understand.</p>
  </body>
</html>
at com.api.tests.aadhaar.RetrieveAadhaarData.verifyResponseWhenRequestBodyJSONMalformedRetrieveAadhaarData(RetrieveAadhaarData.java:138)
at java.base/java.util.ArrayList.forEach(ArrayList.java:1541)
... Removed 29 stack frames]]>
    </failure>
  </testcase> <!-- verifyResponseWhenRequestBodyJSONMalformedRetrieveAadhaarData -->
  <testcase classname="com.api.tests.aadhaar.RetrieveAadhaarData" name="verifyResponseWithWrongContentHeaderRetrieveAadhaarData" time="0.151">
    <failure type="java.lang.AssertionError" message="The following asserts failed:
	Server returned HTML instead of JSON:
&amp;lt;html lang=&amp;quot;en&amp;quot;&amp;gt;
  &amp;lt;head&amp;gt;
    &amp;lt;title&amp;gt;415 Unsupported Media Type&amp;lt;/title&amp;gt;
  &amp;lt;/head&amp;gt;
  &amp;lt;body&amp;gt;
    &amp;lt;h1&amp;gt;Unsupported Media Type&amp;lt;/h1&amp;gt;
    &amp;lt;p&amp;gt;Did not attempt to load JSON data because the request Content-Type was not &amp;apos;application/json&amp;apos;.&amp;lt;/p&amp;gt;
  &amp;lt;/body&amp;gt;
&amp;lt;/html&amp;gt;,
	Expected 400 Bad Request expected [400] but found [415]">
      <![CDATA[java.lang.AssertionError: The following asserts failed:
Server returned HTML instead of JSON:
<html lang="en">
  <head>
    <title>415 Unsupported Media Type</title>
  </head>
  <body>
    <h1>Unsupported Media Type</h1>
    <p>Did not attempt to load JSON data because the request Content-Type was not 'application/json'.</p>
  </body>
</html>,
Expected 400 Bad Request expected [400] but found [415]
at com.api.tests.aadhaar.RetrieveAadhaarData.verifyResponseWithWrongContentHeaderRetrieveAadhaarData(RetrieveAadhaarData.java:160)
at java.base/java.util.ArrayList.forEach(ArrayList.java:1541)
... Removed 29 stack frames]]>
    </failure>
  </testcase> <!-- verifyResponseWithWrongContentHeaderRetrieveAadhaarData -->
  <testcase classname="com.api.tests.aadhaar.RetrieveAadhaarData" name="verifyResponseWithNumericValuesOfFieldsRetrieveAadhaarData" time="0.062">
    <failure type="io.restassured.path.json.exception.JsonPathException" message="Failed to parse the JSON document">
      <![CDATA[io.restassured.path.json.exception.JsonPathException: Failed to parse the JSON document
at io.restassured.path.json.JsonPath$ExceptionCatcher.invoke(JsonPath.java:1002)
at io.restassured.path.json.JsonPath$4.doParseWith(JsonPath.java:967)
at io.restassured.path.json.JsonPath$JsonParser.parseWith(JsonPath.java:1047)
at io.restassured.path.json.JsonPath.get(JsonPath.java:202)
at io.restassured.path.json.JsonPath.getString(JsonPath.java:352)
at com.api.tests.aadhaar.RetrieveAadhaarData.verifyResponseWithNumericValuesOfFieldsRetrieveAadhaarData(RetrieveAadhaarData.java:174)
at java.base/java.util.ArrayList.forEach(ArrayList.java:1541)
Caused by: groovy.json.JsonException: Lexing failed on line: 1, column: 1, while reading '<', no possible valid JSON value or punctuation could be recognized.
at groovy.json.JsonLexer.nextToken(JsonLexer.java:86)
at groovy.json.JsonLexer$nextToken.call(Unknown Source)
at io.restassured.internal.path.json.ConfigurableJsonSlurper.parse(ConfigurableJsonSlurper.groovy:97)
at io.restassured.internal.path.json.ConfigurableJsonSlurper$parse.callCurrent(Unknown Source)
at io.restassured.internal.path.json.ConfigurableJsonSlurper.parseText(ConfigurableJsonSlurper.groovy:83)
at io.restassured.path.json.JsonPath$4$1.method(JsonPath.java:965)
at io.restassured.path.json.JsonPath$ExceptionCatcher.invoke(JsonPath.java:1000)
... 33 more
... Removed 27 stack frames]]>
    </failure>
  </testcase> <!-- verifyResponseWithNumericValuesOfFieldsRetrieveAadhaarData -->
  <testcase classname="com.api.tests.aadhaar.RetrieveAadhaarData" name="verifyResponseWithSqlInjectionRetrieveAadhaarData" time="0.249">
    <failure type="java.lang.AssertionError" message="The following asserts failed:
	expected [400] but found [404]">
      <![CDATA[java.lang.AssertionError: The following asserts failed:
expected [400] but found [404]
at com.api.tests.aadhaar.RetrieveAadhaarData.verifyResponseWithSqlInjectionRetrieveAadhaarData(RetrieveAadhaarData.java:193)
at java.base/java.util.ArrayList.forEach(ArrayList.java:1541)
... Removed 29 stack frames]]>
    </failure>
  </testcase> <!-- verifyResponseWithSqlInjectionRetrieveAadhaarData -->
  <testcase classname="com.api.tests.aadhaar.RetrieveAadhaarData" name="verifyResponseWithXSSPayloadRetrieveAadhaarData" time="0.28">
    <failure type="java.lang.AssertionError" message="The following asserts failed:
	expected [400] but found [404]">
      <![CDATA[java.lang.AssertionError: The following asserts failed:
expected [400] but found [404]
at com.api.tests.aadhaar.RetrieveAadhaarData.verifyResponseWithXSSPayloadRetrieveAadhaarData(RetrieveAadhaarData.java:205)
at java.base/java.util.ArrayList.forEach(ArrayList.java:1541)
... Removed 29 stack frames]]>
    </failure>
  </testcase> <!-- verifyResponseWithXSSPayloadRetrieveAadhaarData -->
  <testcase classname="com.api.tests.esign.GenerateClientSignatureEsign" name="verifyResponseWithValidCredentialsEsign" time="0.846"/>
  <testcase classname="com.api.tests.esign.GenerateClientSignatureEsign" name="verifyResponseWithMissingUsernameEsign" time="0.172">
    <failure type="java.lang.AssertionError" message="The following asserts failed:
	HTTP status mismatch expected [400] but found [200]">
      <![CDATA[java.lang.AssertionError: The following asserts failed:
HTTP status mismatch expected [400] but found [200]
at com.api.tests.esign.GenerateClientSignatureEsign.verifyResponseWithMissingUsernameEsign(GenerateClientSignatureEsign.java:74)
at java.base/java.util.ArrayList.forEach(ArrayList.java:1541)
... Removed 29 stack frames]]>
    </failure>
  </testcase> <!-- verifyResponseWithMissingUsernameEsign -->
  <testcase classname="com.api.tests.esign.GenerateClientSignatureEsign" name="verifyResponseWithMissingPasswordEsign" time="0.319">
    <failure type="java.lang.AssertionError" message="The following asserts failed:
	HTTP status mismatch expected [400] but found [200],
	Message mismatch expected [Password required] but found [Username required]">
      <![CDATA[java.lang.AssertionError: The following asserts failed:
HTTP status mismatch expected [400] but found [200],
Message mismatch expected [Password required] but found [Username required]
at com.api.tests.esign.GenerateClientSignatureEsign.verifyResponseWithMissingPasswordEsign(GenerateClientSignatureEsign.java:95)
at java.base/java.util.ArrayList.forEach(ArrayList.java:1541)
... Removed 29 stack frames]]>
    </failure>
  </testcase> <!-- verifyResponseWithMissingPasswordEsign -->
  <testcase classname="com.api.tests.esign.GenerateClientSignatureEsign" name="verifyResponseWithMissingBothUsernameAndPasswordEsign" time="0.157">
    <failure type="java.lang.AssertionError" message="The following asserts failed:
	HTTP status mismatch expected [400] but found [200]">
      <![CDATA[java.lang.AssertionError: The following asserts failed:
HTTP status mismatch expected [400] but found [200]
at com.api.tests.esign.GenerateClientSignatureEsign.verifyResponseWithMissingBothUsernameAndPasswordEsign(GenerateClientSignatureEsign.java:119)
at java.base/java.util.ArrayList.forEach(ArrayList.java:1541)
... Removed 29 stack frames]]>
    </failure>
  </testcase> <!-- verifyResponseWithMissingBothUsernameAndPasswordEsign -->
  <testcase classname="com.api.tests.esign.GenerateClientSignatureEsign" name="verifyResponseWithWrongBothUsernameAndPasswordEsign" time="0.185">
    <failure type="java.lang.AssertionError" message="The following asserts failed:
	HTTP status mismatch expected [401] but found [200]">
      <![CDATA[java.lang.AssertionError: The following asserts failed:
HTTP status mismatch expected [401] but found [200]
at com.api.tests.esign.GenerateClientSignatureEsign.verifyResponseWithWrongBothUsernameAndPasswordEsign(GenerateClientSignatureEsign.java:142)
at java.base/java.util.ArrayList.forEach(ArrayList.java:1541)
... Removed 29 stack frames]]>
    </failure>
  </testcase> <!-- verifyResponseWithWrongBothUsernameAndPasswordEsign -->
  <testcase classname="com.api.tests.esign.GenerateClientSignatureEsign" name="verifyResponseWithSqlInjectionEsign" time="0.159">
    <failure type="java.lang.AssertionError" message="The following asserts failed:
	HTTP status mismatch expected [401] but found [200]">
      <![CDATA[java.lang.AssertionError: The following asserts failed:
HTTP status mismatch expected [401] but found [200]
at com.api.tests.esign.GenerateClientSignatureEsign.verifyResponseWithSqlInjectionEsign(GenerateClientSignatureEsign.java:164)
at java.base/java.util.ArrayList.forEach(ArrayList.java:1541)
... Removed 29 stack frames]]>
    </failure>
  </testcase> <!-- verifyResponseWithSqlInjectionEsign -->
  <testcase classname="com.api.tests.esign.GenerateClientSignatureEsign" name="verifyResponseWithXSSPayloadEsign" time="0.167">
    <failure type="java.lang.AssertionError" message="The following asserts failed:
	HTTP status mismatch expected [401] but found [200]">
      <![CDATA[java.lang.AssertionError: The following asserts failed:
HTTP status mismatch expected [401] but found [200]
at com.api.tests.esign.GenerateClientSignatureEsign.verifyResponseWithXSSPayloadEsign(GenerateClientSignatureEsign.java:187)
at java.base/java.util.ArrayList.forEach(ArrayList.java:1541)
... Removed 29 stack frames]]>
    </failure>
  </testcase> <!-- verifyResponseWithXSSPayloadEsign -->
  <testcase classname="com.api.tests.esign.GenerateClientSignatureEsign" name="verifyResponseWhenRequestBodyJSONMalformedEsign" time="0.251">
    <failure type="java.lang.NullPointerException">
      <![CDATA[java.lang.NullPointerException
at io.restassured.path.json.JsonPath.getBoolean(JsonPath.java:214)
at com.api.tests.esign.GenerateClientSignatureEsign.verifyResponseWhenRequestBodyJSONMalformedEsign(GenerateClientSignatureEsign.java:210)
at java.base/java.util.ArrayList.forEach(ArrayList.java:1541)
... Removed 27 stack frames]]>
    </failure>
  </testcase> <!-- verifyResponseWhenRequestBodyJSONMalformedEsign -->
  <testcase classname="com.api.tests.esign.GenerateClientSignatureEsign" name="verifyResponseWithMissingContentTypeEsign" time="0.22">
    <failure type="java.lang.AssertionError" message="The following asserts failed:
	Error message mismatch expected [Invalid or missing Content-Type. Expected application/json] but found [Malformed JSON]">
      <![CDATA[java.lang.AssertionError: The following asserts failed:
Error message mismatch expected [Invalid or missing Content-Type. Expected application/json] but found [Malformed JSON]
at com.api.tests.esign.GenerateClientSignatureEsign.verifyResponseWithMissingContentTypeEsign(GenerateClientSignatureEsign.java:237)
at java.base/java.util.ArrayList.forEach(ArrayList.java:1541)
... Removed 29 stack frames]]>
    </failure>
  </testcase> <!-- verifyResponseWithMissingContentTypeEsign -->
  <testcase classname="com.api.tests.esign.GenerateClientSignatureEsign" name="verifyResponseWithNumericValuesOfFieldsEsign" time="0.229">
    <failure type="java.lang.AssertionError" message="The following asserts failed:
	Error message should be present expected object to not be null,
	expected [User does not exist.] but found [null],
	Status should be 400 Bad Request expected [400] but found [200]">
      <![CDATA[java.lang.AssertionError: The following asserts failed:
Error message should be present expected object to not be null,
expected [User does not exist.] but found [null],
Status should be 400 Bad Request expected [400] but found [200]
at com.api.tests.esign.GenerateClientSignatureEsign.verifyResponseWithNumericValuesOfFieldsEsign(GenerateClientSignatureEsign.java:254)
at java.base/java.util.ArrayList.forEach(ArrayList.java:1541)
... Removed 29 stack frames]]>
    </failure>
  </testcase> <!-- verifyResponseWithNumericValuesOfFieldsEsign -->
  <testcase classname="com.api.tests.esign.GenerateTokenEsign" name="verifyResponseWithValidCredentialsEsign" time="2.97"/>
  <testcase classname="com.api.tests.esign.GenerateTokenEsign" name="verifyResponseWithRemovingOptionalFieldsEsign" time="1.113">
    <failure type="java.lang.AssertionError" message="The following asserts failed:
	expected [400] but found [200]">
      <![CDATA[java.lang.AssertionError: The following asserts failed:
expected [400] but found [200]
at com.api.tests.esign.GenerateTokenEsign.verifyResponseWithRemovingOptionalFieldsEsign(GenerateTokenEsign.java:114)
at java.base/java.util.ArrayList.forEach(ArrayList.java:1541)
... Removed 29 stack frames]]>
    </failure>
  </testcase> <!-- verifyResponseWithRemovingOptionalFieldsEsign -->
  <testcase classname="com.api.tests.esign.GenerateTokenEsign" name="verifyResponseWithMissingContentTypeHeaderEsign" time="0.996">
    <failure type="java.lang.AssertionError" message="The following asserts failed:
	expected [400] but found [200]">
      <![CDATA[java.lang.AssertionError: The following asserts failed:
expected [400] but found [200]
at com.api.tests.esign.GenerateTokenEsign.verifyResponseWithMissingContentTypeHeaderEsign(GenerateTokenEsign.java:172)
at java.base/java.util.ArrayList.forEach(ArrayList.java:1541)
... Removed 29 stack frames]]>
    </failure>
  </testcase> <!-- verifyResponseWithMissingContentTypeHeaderEsign -->
  <testcase classname="com.api.tests.esign.GenerateTokenEsign" name="verifyResponseWithMissingSignatureHeaderEsign" time="0.59">
    <failure type="java.lang.AssertionError" message="The following asserts failed:
	HTTP status mismatch expected [401] but found [200]">
      <![CDATA[java.lang.AssertionError: The following asserts failed:
HTTP status mismatch expected [401] but found [200]
at com.api.tests.esign.GenerateTokenEsign.verifyResponseWithMissingSignatureHeaderEsign(GenerateTokenEsign.java:229)
at java.base/java.util.ArrayList.forEach(ArrayList.java:1541)
... Removed 29 stack frames]]>
    </failure>
  </testcase> <!-- verifyResponseWithMissingSignatureHeaderEsign -->
  <testcase classname="com.api.tests.esign.GenerateTokenEsign" name="verifyResponseWithInvalidSignatureHeaderEsign" time="0.516">
    <failure type="java.lang.AssertionError" message="The following asserts failed:
	HTTP status mismatch expected [401] but found [200],
	Message mismatch expected [Invalid crypto padding] but found [Not enough segments]">
      <![CDATA[java.lang.AssertionError: The following asserts failed:
HTTP status mismatch expected [401] but found [200],
Message mismatch expected [Invalid crypto padding] but found [Not enough segments]
at com.api.tests.esign.GenerateTokenEsign.verifyResponseWithInvalidSignatureHeaderEsign(GenerateTokenEsign.java:287)
at java.base/java.util.ArrayList.forEach(ArrayList.java:1541)
... Removed 29 stack frames]]>
    </failure>
  </testcase> <!-- verifyResponseWithInvalidSignatureHeaderEsign -->
  <testcase classname="com.api.tests.esign.GenerateTokenEsign" name="verifyResponseWithMissingDocumentDataEsign" time="0.816">
    <failure type="java.lang.AssertionError" message="The following asserts failed:
	HTTP status mismatch expected [400] but found [200]">
      <![CDATA[java.lang.AssertionError: The following asserts failed:
HTTP status mismatch expected [400] but found [200]
at com.api.tests.esign.GenerateTokenEsign.verifyResponseWithMissingDocumentDataEsign(GenerateTokenEsign.java:319)
at java.base/java.util.ArrayList.forEach(ArrayList.java:1541)
... Removed 29 stack frames]]>
    </failure>
  </testcase> <!-- verifyResponseWithMissingDocumentDataEsign -->
  <testcase classname="com.api.tests.esign.GenerateTokenEsign" name="verifyResponseWithInvalidBase64DocumentDataEsign" time="0.885">
    <failure type="java.lang.AssertionError" message="The following asserts failed:
	HTTP status mismatch expected [400] but found [200],
	Message mismatch expected [unable to convert base64 to pdf Incorrect padding] but found [unable to convert base64 to pdf Invalid base64-encoded string: number of data characters (25) cannot be 1 more than a multiple of 4]">
      <![CDATA[java.lang.AssertionError: The following asserts failed:
HTTP status mismatch expected [400] but found [200],
Message mismatch expected [unable to convert base64 to pdf Incorrect padding] but found [unable to convert base64 to pdf Invalid base64-encoded string: number of data characters (25) cannot be 1 more than a multiple of 4]
at com.api.tests.esign.GenerateTokenEsign.verifyResponseWithInvalidBase64DocumentDataEsign(GenerateTokenEsign.java:354)
at java.base/java.util.ArrayList.forEach(ArrayList.java:1541)
... Removed 29 stack frames]]>
    </failure>
  </testcase> <!-- verifyResponseWithInvalidBase64DocumentDataEsign -->
  <testcase classname="com.api.tests.esign.GenerateTokenEsign" name="verifyResponseWithInvalidEmailFormatEsign" time="3.738">
    <failure type="java.lang.AssertionError" message="The following asserts failed:
	HTTP status mismatch expected [400] but found [200],
	Expected success=false expected [false] but found [true],
	Message mismatch expected [invalid email format] but found [link generated]">
      <![CDATA[java.lang.AssertionError: The following asserts failed:
HTTP status mismatch expected [400] but found [200],
Expected success=false expected [false] but found [true],
Message mismatch expected [invalid email format] but found [link generated]
at com.api.tests.esign.GenerateTokenEsign.verifyResponseWithInvalidEmailFormatEsign(GenerateTokenEsign.java:388)
at java.base/java.util.ArrayList.forEach(ArrayList.java:1541)
... Removed 29 stack frames]]>
    </failure>
  </testcase> <!-- verifyResponseWithInvalidEmailFormatEsign -->
  <testcase classname="com.api.tests.esign.GenerateTokenEsign" name="verifyResponseWithInvalidMobileFormatEsign" time="2.829">
    <failure type="java.lang.AssertionError" message="The following asserts failed:
	HTTP status mismatch expected [400] but found [200],
	Expected success=false expected [false] but found [true],
	Message mismatch expected [invalid mobile format] but found [link generated]">
      <![CDATA[java.lang.AssertionError: The following asserts failed:
HTTP status mismatch expected [400] but found [200],
Expected success=false expected [false] but found [true],
Message mismatch expected [invalid mobile format] but found [link generated]
at com.api.tests.esign.GenerateTokenEsign.verifyResponseWithInvalidMobileFormatEsign(GenerateTokenEsign.java:422)
at java.base/java.util.ArrayList.forEach(ArrayList.java:1541)
... Removed 29 stack frames]]>
    </failure>
  </testcase> <!-- verifyResponseWithInvalidMobileFormatEsign -->
  <testcase classname="com.api.tests.esign.GenerateTokenEsign" name="verifyResponseWithMissingPageNumberCordinatesEsign" time="0.966">
    <failure type="java.lang.AssertionError" message="The following asserts failed:
	HTTP status mismatch expected [400] but found [200]">
      <![CDATA[java.lang.AssertionError: The following asserts failed:
HTTP status mismatch expected [400] but found [200]
at com.api.tests.esign.GenerateTokenEsign.verifyResponseWithMissingPageNumberCordinatesEsign(GenerateTokenEsign.java:459)
at java.base/java.util.ArrayList.forEach(ArrayList.java:1541)
... Removed 29 stack frames]]>
    </failure>
  </testcase> <!-- verifyResponseWithMissingPageNumberCordinatesEsign -->
  <testcase classname="com.api.tests.esign.GenerateTokenEsign" name="verifyResponseWithNonNumericAndNegativeCordinatesValuesEsign" time="1.218">
    <failure type="java.lang.AssertionError" message="The following asserts failed:
	HTTP status mismatch expected [400] but found [200]">
      <![CDATA[java.lang.AssertionError: The following asserts failed:
HTTP status mismatch expected [400] but found [200]
at com.api.tests.esign.GenerateTokenEsign.verifyResponseWithNonNumericAndNegativeCordinatesValuesEsign(GenerateTokenEsign.java:497)
at java.base/java.util.ArrayList.forEach(ArrayList.java:1541)
... Removed 29 stack frames]]>
    </failure>
  </testcase> <!-- verifyResponseWithNonNumericAndNegativeCordinatesValuesEsign -->
  <testcase classname="com.api.tests.esign.GenerateTokenEsign" name="verifyResponseForRedirectionOfCancelAndRedirectUrlEsign" time="23.352"/>
  <testcase classname="com.api.tests.esign.GenerateTokenEsign" name="verifyResponseWithNonNumericDateToExpireFieldEsign" time="0.898"/>
  <testcase classname="com.api.tests.esign.GenerateTokenEsign" name="verifyResponseWithOutOfRangePercentageNameMatchEsign" time="0.991">
    <failure type="java.lang.AssertionError" message="The following asserts failed:
	HTTP status mismatch expected [400] but found [200]">
      <![CDATA[java.lang.AssertionError: The following asserts failed:
HTTP status mismatch expected [400] but found [200]
at com.api.tests.esign.GenerateTokenEsign.verifyResponseWithOutOfRangePercentageNameMatchEsign(GenerateTokenEsign.java:605)
at java.base/java.util.ArrayList.forEach(ArrayList.java:1541)
... Removed 29 stack frames]]>
    </failure>
  </testcase> <!-- verifyResponseWithOutOfRangePercentageNameMatchEsign -->
  <testcase classname="com.api.tests.esign.GenerateTokenEsign" name="verifyValidResponseWithFloatingValueOfPercentageNameMatchEsign" time="2.262">
    <failure type="java.lang.AssertionError" message="The following asserts failed:
	HTTP status mismatch expected [400] but found [200],
	Message mismatch expected [percentage_name_match should be a float value] but found [Something went wrong]">
      <![CDATA[java.lang.AssertionError: The following asserts failed:
HTTP status mismatch expected [400] but found [200],
Message mismatch expected [percentage_name_match should be a float value] but found [Something went wrong]
at com.api.tests.esign.GenerateTokenEsign.verifyValidResponseWithFloatingValueOfPercentageNameMatchEsign(GenerateTokenEsign.java:662)
at java.base/java.util.ArrayList.forEach(ArrayList.java:1541)
... Removed 29 stack frames]]>
    </failure>
  </testcase> <!-- verifyValidResponseWithFloatingValueOfPercentageNameMatchEsign -->
  <testcase classname="com.api.tests.esign.GenerateTokenEsign" name="verifyResponseWithInvalidAadhaarNumberFormatEsign" time="2.314">
    <failure type="java.lang.AssertionError" message="The following asserts failed:
	HTTP status mismatch expected [400] but found [200],
	Expected success=false expected [false] but found [true],
	Message mismatch expected [invalid aadhaar format] but found [link generated]">
      <![CDATA[java.lang.AssertionError: The following asserts failed:
HTTP status mismatch expected [400] but found [200],
Expected success=false expected [false] but found [true],
Message mismatch expected [invalid aadhaar format] but found [link generated]
at com.api.tests.esign.GenerateTokenEsign.verifyResponseWithInvalidAadhaarNumberFormatEsign(GenerateTokenEsign.java:696)
at java.base/java.util.ArrayList.forEach(ArrayList.java:1541)
... Removed 29 stack frames]]>
    </failure>
  </testcase> <!-- verifyResponseWithInvalidAadhaarNumberFormatEsign -->
  <testcase classname="com.api.tests.esign.GenerateTokenEsign" name="verifyResponseWithMissingGenderFieldWhenTrueEsign" time="0.721">
    <failure type="java.lang.AssertionError" message="The following asserts failed:
	HTTP status mismatch expected [400] but found [200],
	Message mismatch expected [invalid gender value] but found [Something went wrong]">
      <![CDATA[java.lang.AssertionError: The following asserts failed:
HTTP status mismatch expected [400] but found [200],
Message mismatch expected [invalid gender value] but found [Something went wrong]
at com.api.tests.esign.GenerateTokenEsign.verifyResponseWithMissingGenderFieldWhenTrueEsign(GenerateTokenEsign.java:728)
at java.base/java.util.ArrayList.forEach(ArrayList.java:1541)
... Removed 29 stack frames]]>
    </failure>
  </testcase> <!-- verifyResponseWithMissingGenderFieldWhenTrueEsign -->
  <testcase classname="com.api.tests.esign.GenerateTokenEsign" name="verifyResponseWithInvalidDocumentData" time="1.192">
    <failure type="java.lang.AssertionError" message="The following asserts failed:
	HTTP status mismatch expected [400] but found [200],
	Message mismatch expected [unable to convert base64 to pdf Incorrect padding] but found [unable to convert base64 to pdf Invalid base64-encoded string: number of data characters (21) cannot be 1 more than a multiple of 4]">
      <![CDATA[java.lang.AssertionError: The following asserts failed:
HTTP status mismatch expected [400] but found [200],
Message mismatch expected [unable to convert base64 to pdf Incorrect padding] but found [unable to convert base64 to pdf Invalid base64-encoded string: number of data characters (21) cannot be 1 more than a multiple of 4]
at com.api.tests.esign.GenerateTokenEsign.verifyResponseWithInvalidDocumentData(GenerateTokenEsign.java:763)
at java.base/java.util.ArrayList.forEach(ArrayList.java:1541)
... Removed 29 stack frames]]>
    </failure>
  </testcase> <!-- verifyResponseWithInvalidDocumentData -->
  <testcase classname="com.api.tests.esign.FetchDocumentEsign" name="verifyResponseWithValidCredentialsEsign" time="47.326">
    <failure type="java.lang.AssertionError" message="The following asserts failed:
	Some issue occured while attempting to fetch the document expected [true] but found [false],
	Missing full_path field from the response expected object to not be null">
      <![CDATA[java.lang.AssertionError: The following asserts failed:
Some issue occured while attempting to fetch the document expected [true] but found [false],
Missing full_path field from the response expected object to not be null
at com.api.tests.esign.FetchDocumentEsign.verifyResponseWithValidCredentialsEsign(FetchDocumentEsign.java:60)
at java.base/java.util.ArrayList.forEach(ArrayList.java:1541)
... Removed 29 stack frames]]>
    </failure>
  </testcase> <!-- verifyResponseWithValidCredentialsEsign -->
  <testcase classname="com.api.tests.esign.FetchDocumentEsign" name="verifyResponseWithMissingTokenField_FetchDocumentEsign" time="0.228">
    <failure type="java.lang.AssertionError" message="The following asserts failed:
	HTTP status mismatch expected [400] but found [200]">
      <![CDATA[java.lang.AssertionError: The following asserts failed:
HTTP status mismatch expected [400] but found [200]
at com.api.tests.esign.FetchDocumentEsign.verifyResponseWithMissingTokenField_FetchDocumentEsign(FetchDocumentEsign.java:82)
at java.base/java.util.ArrayList.forEach(ArrayList.java:1541)
... Removed 29 stack frames]]>
    </failure>
  </testcase> <!-- verifyResponseWithMissingTokenField_FetchDocumentEsign -->
  <testcase classname="com.api.tests.esign.FetchDocumentEsign" name="verifyResponseWithMissingMobileNumberField_FetchDocumentEsign" time="0.204">
    <failure type="java.lang.AssertionError" message="The following asserts failed:
	HTTP status mismatch expected [400] but found [200],
	expected [Mobile number missing in request] but found [UUID missing in request]">
      <![CDATA[java.lang.AssertionError: The following asserts failed:
HTTP status mismatch expected [400] but found [200],
expected [Mobile number missing in request] but found [UUID missing in request]
at com.api.tests.esign.FetchDocumentEsign.verifyResponseWithMissingMobileNumberField_FetchDocumentEsign(FetchDocumentEsign.java:104)
at java.base/java.util.ArrayList.forEach(ArrayList.java:1541)
... Removed 29 stack frames]]>
    </failure>
  </testcase> <!-- verifyResponseWithMissingMobileNumberField_FetchDocumentEsign -->
  <testcase classname="com.api.tests.esign.FetchDocumentEsign" name="verifyResponseWithMissingSignatureHeader_FetchDocumentEsign" time="0.244">
    <failure type="java.lang.AssertionError" message="The following asserts failed:
	HTTP status mismatch expected [401] but found [200],
	expected [Header Missing] but found [null]">
      <![CDATA[java.lang.AssertionError: The following asserts failed:
HTTP status mismatch expected [401] but found [200],
expected [Header Missing] but found [null]
at com.api.tests.esign.FetchDocumentEsign.verifyResponseWithMissingSignatureHeader_FetchDocumentEsign(FetchDocumentEsign.java:128)
at java.base/java.util.ArrayList.forEach(ArrayList.java:1541)
... Removed 29 stack frames]]>
    </failure>
  </testcase> <!-- verifyResponseWithMissingSignatureHeader_FetchDocumentEsign -->
  <testcase classname="com.api.tests.esign.FetchDocumentEsign" name="verifyResponseWithInvalidSignature_FetchDocumentEsign" time="0.185">
    <failure type="java.lang.AssertionError" message="The following asserts failed:
	HTTP status mismatch expected [401] but found [200]">
      <![CDATA[java.lang.AssertionError: The following asserts failed:
HTTP status mismatch expected [401] but found [200]
at com.api.tests.esign.FetchDocumentEsign.verifyResponseWithInvalidSignature_FetchDocumentEsign(FetchDocumentEsign.java:151)
at java.base/java.util.ArrayList.forEach(ArrayList.java:1541)
... Removed 29 stack frames]]>
    </failure>
  </testcase> <!-- verifyResponseWithInvalidSignature_FetchDocumentEsign -->
  <testcase classname="com.api.tests.esign.FetchDocumentEsign" name="verifyResponseWhenRequestBodyJSONMalformedEsign_FetchDocumentEsign" time="0.206">
    <failure type="java.lang.NullPointerException">
      <![CDATA[java.lang.NullPointerException
at io.restassured.path.json.JsonPath.getBoolean(JsonPath.java:214)
at com.api.tests.esign.FetchDocumentEsign.verifyResponseWhenRequestBodyJSONMalformedEsign_FetchDocumentEsign(FetchDocumentEsign.java:172)
at java.base/java.util.ArrayList.forEach(ArrayList.java:1541)
... Removed 27 stack frames]]>
    </failure>
  </testcase> <!-- verifyResponseWhenRequestBodyJSONMalformedEsign_FetchDocumentEsign -->
  <testcase classname="com.api.tests.esign.FetchDocumentEsign" name="verifyResponseWhenTokenExpired_FetchDocumentEsign" time="0.228">
    <failure type="java.lang.AssertionError" message="The following asserts failed:
	HTTP status mismatch expected [401] but found [200],
	expected [Token is expired] but found [Please do esign for getting pdf for this signer.]">
      <![CDATA[java.lang.AssertionError: The following asserts failed:
HTTP status mismatch expected [401] but found [200],
expected [Token is expired] but found [Please do esign for getting pdf for this signer.]
at com.api.tests.esign.FetchDocumentEsign.verifyResponseWhenTokenExpired_FetchDocumentEsign(FetchDocumentEsign.java:198)
at java.base/java.util.ArrayList.forEach(ArrayList.java:1541)
... Removed 29 stack frames]]>
    </failure>
  </testcase> <!-- verifyResponseWhenTokenExpired_FetchDocumentEsign -->
  <testcase classname="com.api.tests.esign.FetchDocumentEsign" name="verifyResponseWithInvalidTokenField_FetchDocumentEsign" time="0.282">
    <failure type="java.lang.NullPointerException">
      <![CDATA[java.lang.NullPointerException
at io.restassured.path.json.JsonPath.getBoolean(JsonPath.java:214)
at com.api.tests.esign.FetchDocumentEsign.verifyResponseWithInvalidTokenField_FetchDocumentEsign(FetchDocumentEsign.java:219)
at java.base/java.util.ArrayList.forEach(ArrayList.java:1541)
... Removed 27 stack frames]]>
    </failure>
  </testcase> <!-- verifyResponseWithInvalidTokenField_FetchDocumentEsign -->
  <testcase classname="com.api.tests.esign.FetchDocumentEsign" name="verifyResponseWithInvalidMobileField_FetchDocumentEsign" time="0.179">
    <failure type="java.lang.AssertionError" message="The following asserts failed:
	HTTP status mismatch expected [400] but found [200]">
      <![CDATA[java.lang.AssertionError: The following asserts failed:
HTTP status mismatch expected [400] but found [200]
at com.api.tests.esign.FetchDocumentEsign.verifyResponseWithInvalidMobileField_FetchDocumentEsign(FetchDocumentEsign.java:245)
at java.base/java.util.ArrayList.forEach(ArrayList.java:1541)
... Removed 29 stack frames]]>
    </failure>
  </testcase> <!-- verifyResponseWithInvalidMobileField_FetchDocumentEsign -->
  <testcase classname="com.api.tests.esign.FetchDocumentEsign" name="verifyResponseWithMissingContentTypeHeader_FetchDocumentEsign" time="0.207">
    <failure type="java.lang.NullPointerException">
      <![CDATA[java.lang.NullPointerException
at io.restassured.path.json.JsonPath.getBoolean(JsonPath.java:214)
at com.api.tests.esign.FetchDocumentEsign.verifyResponseWithMissingContentTypeHeader_FetchDocumentEsign(FetchDocumentEsign.java:266)
at java.base/java.util.ArrayList.forEach(ArrayList.java:1541)
... Removed 27 stack frames]]>
    </failure>
  </testcase> <!-- verifyResponseWithMissingContentTypeHeader_FetchDocumentEsign -->
  <testcase classname="com.api.tests.kyc.GenerateAdminToken_KYC" name="verifyResponseWithValidCredentials_KYC" time="0.522"/>
  <testcase classname="com.api.tests.kyc.GenerateAdminToken_KYC" name="verifyResponseWithIncorrectPasswordField_KYC" time="0.188">
    <failure type="java.lang.NullPointerException">
      <![CDATA[java.lang.NullPointerException
at com.api.tests.kyc.GenerateAdminToken_KYC.verifyResponseWithIncorrectPasswordField_KYC(GenerateAdminToken_KYC.java:68)
at java.base/java.util.ArrayList.forEach(ArrayList.java:1541)
... Removed 27 stack frames]]>
    </failure>
  </testcase> <!-- verifyResponseWithIncorrectPasswordField_KYC -->
  <testcase classname="com.api.tests.kyc.GenerateAdminToken_KYC" name="verifyResponseWithNonExistentEmailField_KYC" time="0.2">
    <failure type="java.lang.NullPointerException">
      <![CDATA[java.lang.NullPointerException
at com.api.tests.kyc.GenerateAdminToken_KYC.verifyResponseWithNonExistentEmailField_KYC(GenerateAdminToken_KYC.java:92)
at java.base/java.util.ArrayList.forEach(ArrayList.java:1541)
... Removed 27 stack frames]]>
    </failure>
  </testcase> <!-- verifyResponseWithNonExistentEmailField_KYC -->
  <testcase classname="com.api.tests.kyc.GenerateAdminToken_KYC" name="verifyResponseWithMissingEmailField_KYC" time="0.181">
    <failure type="java.lang.NullPointerException">
      <![CDATA[java.lang.NullPointerException
at java.base/java.util.concurrent.ConcurrentHashMap.putVal(ConcurrentHashMap.java:1011)
at java.base/java.util.concurrent.ConcurrentHashMap.put(ConcurrentHashMap.java:1006)
at com.api.utility.SessionUtility.put(SessionUtility.java:16)
at com.api.tests.kyc.GenerateAdminToken_KYC.verifyResponseWithMissingEmailField_KYC(GenerateAdminToken_KYC.java:117)
at java.base/java.util.ArrayList.forEach(ArrayList.java:1541)
... Removed 27 stack frames]]>
    </failure>
  </testcase> <!-- verifyResponseWithMissingEmailField_KYC -->
  <testcase classname="com.api.tests.kyc.GenerateAdminToken_KYC" name="verifyResponseWithMissingPasswordField_KYC" time="0.191">
    <failure type="java.lang.NullPointerException">
      <![CDATA[java.lang.NullPointerException
at java.base/java.util.concurrent.ConcurrentHashMap.putVal(ConcurrentHashMap.java:1011)
at java.base/java.util.concurrent.ConcurrentHashMap.put(ConcurrentHashMap.java:1006)
at com.api.utility.SessionUtility.put(SessionUtility.java:16)
at com.api.tests.kyc.GenerateAdminToken_KYC.verifyResponseWithMissingPasswordField_KYC(GenerateAdminToken_KYC.java:140)
at java.base/java.util.ArrayList.forEach(ArrayList.java:1541)
... Removed 27 stack frames]]>
    </failure>
  </testcase> <!-- verifyResponseWithMissingPasswordField_KYC -->
  <testcase classname="com.api.tests.kyc.GenerateAdminToken_KYC" name="verifyResponseWhenRequestBodyJSONMalformed_KYC" time="0.199">
    <failure type="java.lang.AssertionError" message="The following asserts failed:
	Server returned HTML error page for incorrect Content-Type. Response body:
&amp;lt;html lang=&amp;quot;en&amp;quot;&amp;gt;
  &amp;lt;head&amp;gt;
    &amp;lt;title&amp;gt;400 Bad Request&amp;lt;/title&amp;gt;
  &amp;lt;/head&amp;gt;
  &amp;lt;body&amp;gt;
    &amp;lt;h1&amp;gt;Bad Request&amp;lt;/h1&amp;gt;
    &amp;lt;p&amp;gt;Failed to decode JSON object: Expecting &amp;apos;,&amp;apos; delimiter: line 3 column 29 (char 68)&amp;lt;/p&amp;gt;
  &amp;lt;/body&amp;gt;
&amp;lt;/html&amp;gt;">
      <![CDATA[java.lang.AssertionError: The following asserts failed:
Server returned HTML error page for incorrect Content-Type. Response body:
<html lang="en">
  <head>
    <title>400 Bad Request</title>
  </head>
  <body>
    <h1>Bad Request</h1>
    <p>Failed to decode JSON object: Expecting ',' delimiter: line 3 column 29 (char 68)</p>
  </body>
</html>
at com.api.tests.kyc.GenerateAdminToken_KYC.verifyResponseWhenRequestBodyJSONMalformed_KYC(GenerateAdminToken_KYC.java:169)
at java.base/java.util.ArrayList.forEach(ArrayList.java:1541)
... Removed 29 stack frames]]>
    </failure>
  </testcase> <!-- verifyResponseWhenRequestBodyJSONMalformed_KYC -->
  <testcase classname="com.api.tests.kyc.GenerateAdminToken_KYC" name="verifyResponseWhenNonJsonContentType_KYC" time="0.185">
    <failure type="java.lang.AssertionError" message="The following asserts failed:
	Server returned HTML error page for incorrect Content-Type. Response body:
&amp;lt;html lang=&amp;quot;en&amp;quot;&amp;gt;
  &amp;lt;head&amp;gt;
    &amp;lt;title&amp;gt;415 Unsupported Media Type&amp;lt;/title&amp;gt;
  &amp;lt;/head&amp;gt;
  &amp;lt;body&amp;gt;
    &amp;lt;h1&amp;gt;Unsupported Media Type&amp;lt;/h1&amp;gt;
    &amp;lt;p&amp;gt;Did not attempt to load JSON data because the request Content-Type was not &amp;apos;application/json&amp;apos;.&amp;lt;/p&amp;gt;
  &amp;lt;/body&amp;gt;
&amp;lt;/html&amp;gt;">
      <![CDATA[java.lang.AssertionError: The following asserts failed:
Server returned HTML error page for incorrect Content-Type. Response body:
<html lang="en">
  <head>
    <title>415 Unsupported Media Type</title>
  </head>
  <body>
    <h1>Unsupported Media Type</h1>
    <p>Did not attempt to load JSON data because the request Content-Type was not 'application/json'.</p>
  </body>
</html>
at com.api.tests.kyc.GenerateAdminToken_KYC.verifyResponseWhenNonJsonContentType_KYC(GenerateAdminToken_KYC.java:194)
at java.base/java.util.ArrayList.forEach(ArrayList.java:1541)
... Removed 29 stack frames]]>
    </failure>
  </testcase> <!-- verifyResponseWhenNonJsonContentType_KYC -->
  <testcase classname="com.api.tests.kyc.GenerateAdminToken_KYC" name="verifyResponseWithWrongHTTPMethod_KYC" time="0.227">
    <failure type="java.lang.AssertionError" message="The following asserts failed:
	Server returned HTML error page for incorrect HTTP Method. Response body:
&amp;lt;html lang=&amp;quot;en&amp;quot;&amp;gt;
  &amp;lt;head&amp;gt;
    &amp;lt;title&amp;gt;405 Method Not Allowed&amp;lt;/title&amp;gt;
  &amp;lt;/head&amp;gt;
  &amp;lt;body&amp;gt;
    &amp;lt;h1&amp;gt;Method Not Allowed&amp;lt;/h1&amp;gt;
    &amp;lt;p&amp;gt;The method is not allowed for the requested URL.&amp;lt;/p&amp;gt;
  &amp;lt;/body&amp;gt;
&amp;lt;/html&amp;gt;">
      <![CDATA[java.lang.AssertionError: The following asserts failed:
Server returned HTML error page for incorrect HTTP Method. Response body:
<html lang="en">
  <head>
    <title>405 Method Not Allowed</title>
  </head>
  <body>
    <h1>Method Not Allowed</h1>
    <p>The method is not allowed for the requested URL.</p>
  </body>
</html>
at com.api.tests.kyc.GenerateAdminToken_KYC.verifyResponseWithWrongHTTPMethod_KYC(GenerateAdminToken_KYC.java:220)
at java.base/java.util.ArrayList.forEach(ArrayList.java:1541)
... Removed 29 stack frames]]>
    </failure>
  </testcase> <!-- verifyResponseWithWrongHTTPMethod_KYC -->
  <testcase classname="com.api.tests.kyc.GetUserData_KYC" name="verifyResponseWithValidAuthAndRequiredFields_GetDataKYC" time="0.372"/>
  <testcase classname="com.api.tests.kyc.GetUserData_KYC" name="verifyResponseWithInvalidAuthAndRequiredFields_GetDataKYC" time="0.386">
    <failure type="java.lang.NullPointerException">
      <![CDATA[java.lang.NullPointerException
at com.api.tests.kyc.GetUserData_KYC.verifyResponseWithInvalidAuthAndRequiredFields_GetDataKYC(GetUserData_KYC.java:93)
at java.base/java.util.ArrayList.forEach(ArrayList.java:1541)
... Removed 27 stack frames]]>
    </failure>
  </testcase> <!-- verifyResponseWithInvalidAuthAndRequiredFields_GetDataKYC -->
  <testcase classname="com.api.tests.kyc.GetUserData_KYC" name="verifyResponseWithMissingWorkFlowKeyField_GetDataKYC" time="0.352">
    <failure type="java.lang.AssertionError" message="The following asserts failed:
	Server returned HTML error page when required field work_flow_key is missing. Response body: &amp;lt;html&amp;gt;
  &amp;lt;head&amp;gt;
    &amp;lt;title&amp;gt;Internal Server Error&amp;lt;/title&amp;gt;
  &amp;lt;/head&amp;gt;
  &amp;lt;body&amp;gt;
    &amp;lt;h1/&amp;gt;
    &amp;lt;p&amp;gt;Internal Server Error&amp;lt;/p&amp;gt;
  &amp;lt;/body&amp;gt;
&amp;lt;/html&amp;gt;">
      <![CDATA[java.lang.AssertionError: The following asserts failed:
Server returned HTML error page when required field work_flow_key is missing. Response body: <html>
  <head>
    <title>Internal Server Error</title>
  </head>
  <body>
    <h1/>
    <p>Internal Server Error</p>
  </body>
</html>
at com.api.tests.kyc.GetUserData_KYC.verifyResponseWithMissingWorkFlowKeyField_GetDataKYC(GetUserData_KYC.java:118)
at java.base/java.util.ArrayList.forEach(ArrayList.java:1541)
... Removed 29 stack frames]]>
    </failure>
  </testcase> <!-- verifyResponseWithMissingWorkFlowKeyField_GetDataKYC -->
  <testcase classname="com.api.tests.kyc.GetUserData_KYC" name="verifyResponseWithMissingCompanyField_GetDataKYC" time="0.432">
    <failure type="java.lang.AssertionError" message="The following asserts failed:
	expected [false] but found [false],
	expected [400] but found [401],
	expected [Missing company field] but found [Token not valid]">
      <![CDATA[java.lang.AssertionError: The following asserts failed:
expected [false] but found [false],
expected [400] but found [401],
expected [Missing company field] but found [Token not valid]
at com.api.tests.kyc.GetUserData_KYC.verifyResponseWithMissingCompanyField_GetDataKYC(GetUserData_KYC.java:141)
at java.base/java.util.ArrayList.forEach(ArrayList.java:1541)
... Removed 29 stack frames]]>
    </failure>
  </testcase> <!-- verifyResponseWithMissingCompanyField_GetDataKYC -->
  <testcase classname="com.api.tests.kyc.GetUserData_KYC" name="verifyResponseWithEmptyWorkFlowKeyField_GetDataKYC" time="0.403">
    <failure type="java.lang.AssertionError" message="The following asserts failed:
	Server returned HTML error page when required field work_flow_key is empty. Response body: &amp;lt;html&amp;gt;
  &amp;lt;head&amp;gt;
    &amp;lt;title&amp;gt;Internal Server Error&amp;lt;/title&amp;gt;
  &amp;lt;/head&amp;gt;
  &amp;lt;body&amp;gt;
    &amp;lt;h1/&amp;gt;
    &amp;lt;p&amp;gt;Internal Server Error&amp;lt;/p&amp;gt;
  &amp;lt;/body&amp;gt;
&amp;lt;/html&amp;gt;">
      <![CDATA[java.lang.AssertionError: The following asserts failed:
Server returned HTML error page when required field work_flow_key is empty. Response body: <html>
  <head>
    <title>Internal Server Error</title>
  </head>
  <body>
    <h1/>
    <p>Internal Server Error</p>
  </body>
</html>
at com.api.tests.kyc.GetUserData_KYC.verifyResponseWithEmptyWorkFlowKeyField_GetDataKYC(GetUserData_KYC.java:166)
at java.base/java.util.ArrayList.forEach(ArrayList.java:1541)
... Removed 29 stack frames]]>
    </failure>
  </testcase> <!-- verifyResponseWithEmptyWorkFlowKeyField_GetDataKYC -->
  <testcase classname="com.api.tests.kyc.GetUserData_KYC" name="verifyResponseWithEmptyCompanyField_GetDataKYC" time="0.238">
    <failure type="java.lang.AssertionError" message="The following asserts failed:
	expected [400] but found [401],
	expected [Missing company value] but found [Token not valid]">
      <![CDATA[java.lang.AssertionError: The following asserts failed:
expected [400] but found [401],
expected [Missing company value] but found [Token not valid]
at com.api.tests.kyc.GetUserData_KYC.verifyResponseWithEmptyCompanyField_GetDataKYC(GetUserData_KYC.java:190)
at java.base/java.util.ArrayList.forEach(ArrayList.java:1541)
... Removed 29 stack frames]]>
    </failure>
  </testcase> <!-- verifyResponseWithEmptyCompanyField_GetDataKYC -->
  <testcase classname="com.api.tests.kyc.GetUserData_KYC" name="verifyResponseWithMissingPerPageField_GetDataKYC" time="0.249">
    <failure type="java.lang.AssertionError" message="The following asserts failed:
	Server returned HTML error page when required pagination field per_page is missing.. Response body: &amp;lt;html&amp;gt;
  &amp;lt;head&amp;gt;
    &amp;lt;title&amp;gt;Internal Server Error&amp;lt;/title&amp;gt;
  &amp;lt;/head&amp;gt;
  &amp;lt;body&amp;gt;
    &amp;lt;h1/&amp;gt;
    &amp;lt;p&amp;gt;Internal Server Error&amp;lt;/p&amp;gt;
  &amp;lt;/body&amp;gt;
&amp;lt;/html&amp;gt;">
      <![CDATA[java.lang.AssertionError: The following asserts failed:
Server returned HTML error page when required pagination field per_page is missing.. Response body: <html>
  <head>
    <title>Internal Server Error</title>
  </head>
  <body>
    <h1/>
    <p>Internal Server Error</p>
  </body>
</html>
at com.api.tests.kyc.GetUserData_KYC.verifyResponseWithMissingPerPageField_GetDataKYC(GetUserData_KYC.java:222)
at java.base/java.util.ArrayList.forEach(ArrayList.java:1541)
... Removed 29 stack frames]]>
    </failure>
  </testcase> <!-- verifyResponseWithMissingPerPageField_GetDataKYC -->
  <testcase classname="com.api.tests.kyc.GetUserData_KYC" name="verifyResponseWithNonNumericPageAndPerPageFields_GetDataKYC" time="0.267">
    <failure type="java.lang.AssertionError" message="The following asserts failed:
	expected [true] but found [false],
	Server returned HTML error page when non-numeric page/per_page.. Response body: &amp;lt;html lang=&amp;quot;en&amp;quot;&amp;gt;
  &amp;lt;head&amp;gt;
    &amp;lt;title&amp;gt;400 Bad Request&amp;lt;/title&amp;gt;
  &amp;lt;/head&amp;gt;
  &amp;lt;body&amp;gt;
    &amp;lt;h1&amp;gt;Bad Request&amp;lt;/h1&amp;gt;
    &amp;lt;p&amp;gt;Failed to decode JSON object: Invalid control character at: line 4 column 3 (char 58)&amp;lt;/p&amp;gt;
  &amp;lt;/body&amp;gt;
&amp;lt;/html&amp;gt;">
      <![CDATA[java.lang.AssertionError: The following asserts failed:
expected [true] but found [false],
Server returned HTML error page when non-numeric page/per_page.. Response body: <html lang="en">
  <head>
    <title>400 Bad Request</title>
  </head>
  <body>
    <h1>Bad Request</h1>
    <p>Failed to decode JSON object: Invalid control character at: line 4 column 3 (char 58)</p>
  </body>
</html>
at com.api.tests.kyc.GetUserData_KYC.verifyResponseWithNonNumericPageAndPerPageFields_GetDataKYC(GetUserData_KYC.java:257)
at java.base/java.util.ArrayList.forEach(ArrayList.java:1541)
... Removed 29 stack frames]]>
    </failure>
  </testcase> <!-- verifyResponseWithNonNumericPageAndPerPageFields_GetDataKYC -->
  <testcase classname="com.api.tests.kyc.GetUserData_KYC" name="verifyResponseWhenPageAndPerPageFieldsAreSetToZero_GetDataKYC" time="0.168">
    <failure type="java.lang.AssertionError" message="The following asserts failed:
	expected [true] but found [false],
	Server returned HTML error page when page and per_page are set to &amp;apos;0&amp;apos;. Response body: &amp;lt;html lang=&amp;quot;en&amp;quot;&amp;gt;
  &amp;lt;head&amp;gt;
    &amp;lt;title&amp;gt;400 Bad Request&amp;lt;/title&amp;gt;
  &amp;lt;/head&amp;gt;
  &amp;lt;body&amp;gt;
    &amp;lt;h1&amp;gt;Bad Request&amp;lt;/h1&amp;gt;
    &amp;lt;p&amp;gt;Failed to decode JSON object: Invalid control character at: line 4 column 3 (char 56)&amp;lt;/p&amp;gt;
  &amp;lt;/body&amp;gt;
&amp;lt;/html&amp;gt;">
      <![CDATA[java.lang.AssertionError: The following asserts failed:
expected [true] but found [false],
Server returned HTML error page when page and per_page are set to '0'. Response body: <html lang="en">
  <head>
    <title>400 Bad Request</title>
  </head>
  <body>
    <h1>Bad Request</h1>
    <p>Failed to decode JSON object: Invalid control character at: line 4 column 3 (char 56)</p>
  </body>
</html>
at com.api.tests.kyc.GetUserData_KYC.verifyResponseWhenPageAndPerPageFieldsAreSetToZero_GetDataKYC(GetUserData_KYC.java:292)
at java.base/java.util.ArrayList.forEach(ArrayList.java:1541)
... Removed 29 stack frames]]>
    </failure>
  </testcase> <!-- verifyResponseWhenPageAndPerPageFieldsAreSetToZero_GetDataKYC -->
  <testcase classname="com.api.tests.kyc.GetUserData_KYC" name="verifyResponseWithMalformedJSON_GetDataKYC" time="0.188">
    <failure type="java.lang.AssertionError" message="The following asserts failed:
	Server returned HTML error page when malformed JSON returns parse error. Response body: &amp;lt;html lang=&amp;quot;en&amp;quot;&amp;gt;
  &amp;lt;head&amp;gt;
    &amp;lt;title&amp;gt;400 Bad Request&amp;lt;/title&amp;gt;
  &amp;lt;/head&amp;gt;
  &amp;lt;body&amp;gt;
    &amp;lt;h1&amp;gt;Bad Request&amp;lt;/h1&amp;gt;
    &amp;lt;p&amp;gt;Failed to decode JSON object: Invalid control character at: line 4 column 3 (char 56)&amp;lt;/p&amp;gt;
  &amp;lt;/body&amp;gt;
&amp;lt;/html&amp;gt;">
      <![CDATA[java.lang.AssertionError: The following asserts failed:
Server returned HTML error page when malformed JSON returns parse error. Response body: <html lang="en">
  <head>
    <title>400 Bad Request</title>
  </head>
  <body>
    <h1>Bad Request</h1>
    <p>Failed to decode JSON object: Invalid control character at: line 4 column 3 (char 56)</p>
  </body>
</html>
at com.api.tests.kyc.GetUserData_KYC.verifyResponseWithMalformedJSON_GetDataKYC(GetUserData_KYC.java:328)
at java.base/java.util.ArrayList.forEach(ArrayList.java:1541)
... Removed 29 stack frames]]>
    </failure>
  </testcase> <!-- verifyResponseWithMalformedJSON_GetDataKYC -->
  <testcase classname="com.api.tests.kyc.GetUserData_KYC" name="verifyResponseWithNonJsonContentType_GetDataKYC" time="0.202">
    <failure type="java.lang.AssertionError" message="The following asserts failed:
	Server returned HTML error page when malformed JSON returns parse error. Response body: &amp;lt;html lang=&amp;quot;en&amp;quot;&amp;gt;
  &amp;lt;head&amp;gt;
    &amp;lt;title&amp;gt;415 Unsupported Media Type&amp;lt;/title&amp;gt;
  &amp;lt;/head&amp;gt;
  &amp;lt;body&amp;gt;
    &amp;lt;h1&amp;gt;Unsupported Media Type&amp;lt;/h1&amp;gt;
    &amp;lt;p&amp;gt;Did not attempt to load JSON data because the request Content-Type was not &amp;apos;application/json&amp;apos;.&amp;lt;/p&amp;gt;
  &amp;lt;/body&amp;gt;
&amp;lt;/html&amp;gt;">
      <![CDATA[java.lang.AssertionError: The following asserts failed:
Server returned HTML error page when malformed JSON returns parse error. Response body: <html lang="en">
  <head>
    <title>415 Unsupported Media Type</title>
  </head>
  <body>
    <h1>Unsupported Media Type</h1>
    <p>Did not attempt to load JSON data because the request Content-Type was not 'application/json'.</p>
  </body>
</html>
at com.api.tests.kyc.GetUserData_KYC.verifyResponseWithNonJsonContentType_GetDataKYC(GetUserData_KYC.java:362)
at java.base/java.util.ArrayList.forEach(ArrayList.java:1541)
... Removed 29 stack frames]]>
    </failure>
  </testcase> <!-- verifyResponseWithNonJsonContentType_GetDataKYC -->
  <testcase classname="com.api.tests.kyc.GetUserData_KYC" name="verifyResponseWithWrongHTTPMethod_GetDataKYC" time="0.2">
    <failure type="java.lang.AssertionError" message="The following asserts failed:
	Server returned HTML error page when malformed JSON returns parse error. Response body: &amp;lt;html lang=&amp;quot;en&amp;quot;&amp;gt;
  &amp;lt;head&amp;gt;
    &amp;lt;title&amp;gt;405 Method Not Allowed&amp;lt;/title&amp;gt;
  &amp;lt;/head&amp;gt;
  &amp;lt;body&amp;gt;
    &amp;lt;h1&amp;gt;Method Not Allowed&amp;lt;/h1&amp;gt;
    &amp;lt;p&amp;gt;The method is not allowed for the requested URL.&amp;lt;/p&amp;gt;
  &amp;lt;/body&amp;gt;
&amp;lt;/html&amp;gt;">
      <![CDATA[java.lang.AssertionError: The following asserts failed:
Server returned HTML error page when malformed JSON returns parse error. Response body: <html lang="en">
  <head>
    <title>405 Method Not Allowed</title>
  </head>
  <body>
    <h1>Method Not Allowed</h1>
    <p>The method is not allowed for the requested URL.</p>
  </body>
</html>
at com.api.tests.kyc.GetUserData_KYC.verifyResponseWithWrongHTTPMethod_GetDataKYC(GetUserData_KYC.java:397)
at java.base/java.util.ArrayList.forEach(ArrayList.java:1541)
... Removed 29 stack frames]]>
    </failure>
  </testcase> <!-- verifyResponseWithWrongHTTPMethod_GetDataKYC -->
  <testcase classname="com.api.tests.kyc.GetSsoRoute_KYC" name="verifyResponseWithValidMandatoryFields_SSORoute" time="0.785"/>
  <testcase classname="com.api.tests.kyc.GetSsoRoute_KYC" name="verifyResponseWithMissingCompanyfield_SSORoute" time="0.255"/>
  <testcase classname="com.api.tests.kyc.GetSsoRoute_KYC" name="verifyResponseWithMissingWorkflowfield_SSORoute" time="0.16"/>
  <testcase classname="com.api.tests.kyc.GetSsoRoute_KYC" name="verifyResponseWithMissingSecretKeyfield_SSORoute" time="0.148"/>
  <testcase classname="com.api.tests.kyc.GetSsoRoute_KYC" name="verifyResponseWithMissingUniqueKeysfield_SSORoute" time="0.201"/>
  <testcase classname="com.api.tests.kyc.GetSsoRoute_KYC" name="verifyResponseWithWrongHTTPMethod_GetDataKYC" time="0.198">
    <failure type="java.lang.AssertionError" message="The following asserts failed:
	expected [true] but found [false],
	[CRITICAL] Server returned HTML error page when &amp;apos;GET&amp;apos; method is used instead of &amp;apos;POST&amp;apos;. Response body: &amp;lt;html lang=&amp;quot;en&amp;quot;&amp;gt;
  &amp;lt;head&amp;gt;
    &amp;lt;title&amp;gt;400 Bad Request&amp;lt;/title&amp;gt;
  &amp;lt;/head&amp;gt;
  &amp;lt;body&amp;gt;
    &amp;lt;h1&amp;gt;Bad Request&amp;lt;/h1&amp;gt;
    &amp;lt;p&amp;gt;Failed to decode JSON object: Invalid control character at: line 4 column 3 (char 58)&amp;lt;/p&amp;gt;
  &amp;lt;/body&amp;gt;
&amp;lt;/html&amp;gt; expected [false] but found [true]">
      <![CDATA[java.lang.AssertionError: The following asserts failed:
expected [true] but found [false],
[CRITICAL] Server returned HTML error page when 'GET' method is used instead of 'POST'. Response body: <html lang="en">
  <head>
    <title>400 Bad Request</title>
  </head>
  <body>
    <h1>Bad Request</h1>
    <p>Failed to decode JSON object: Invalid control character at: line 4 column 3 (char 58)</p>
  </body>
</html> expected [false] but found [true]
at com.api.tests.kyc.GetSsoRoute_KYC.verifyResponseWithWrongHTTPMethod_GetDataKYC(GetSsoRoute_KYC.java:151)
at java.base/java.util.ArrayList.forEach(ArrayList.java:1541)
... Removed 29 stack frames]]>
    </failure>
  </testcase> <!-- verifyResponseWithWrongHTTPMethod_GetDataKYC -->
  <testcase classname="com.api.tests.kyc.GetSsoRoute_KYC" name="verifyResponseWithMalformedJSON_GetDataKYC" time="0.177">
    <failure type="java.lang.AssertionError" message="The following asserts failed:
	expected [true] but found [false],
	[CRITICAL] Server returned HTML error page when JSON is malformed. Response body: &amp;lt;html lang=&amp;quot;en&amp;quot;&amp;gt;
  &amp;lt;head&amp;gt;
    &amp;lt;title&amp;gt;400 Bad Request&amp;lt;/title&amp;gt;
  &amp;lt;/head&amp;gt;
  &amp;lt;body&amp;gt;
    &amp;lt;h1&amp;gt;Bad Request&amp;lt;/h1&amp;gt;
    &amp;lt;p&amp;gt;Failed to decode JSON object: Invalid control character at: line 4 column 3 (char 58)&amp;lt;/p&amp;gt;
  &amp;lt;/body&amp;gt;
&amp;lt;/html&amp;gt; expected [false] but found [true]">
      <![CDATA[java.lang.AssertionError: The following asserts failed:
expected [true] but found [false],
[CRITICAL] Server returned HTML error page when JSON is malformed. Response body: <html lang="en">
  <head>
    <title>400 Bad Request</title>
  </head>
  <body>
    <h1>Bad Request</h1>
    <p>Failed to decode JSON object: Invalid control character at: line 4 column 3 (char 58)</p>
  </body>
</html> expected [false] but found [true]
at com.api.tests.kyc.GetSsoRoute_KYC.verifyResponseWithMalformedJSON_GetDataKYC(GetSsoRoute_KYC.java:180)
at java.base/java.util.ArrayList.forEach(ArrayList.java:1541)
... Removed 29 stack frames]]>
    </failure>
  </testcase> <!-- verifyResponseWithMalformedJSON_GetDataKYC -->
  <testcase classname="com.api.tests.pennydrop.GenerateToken_PennyDrop" name="verifyResponseWithValidCredentials_PD" time="0.586"/>
  <testcase classname="com.api.tests.pennydrop.GenerateToken_PennyDrop" name="verifyResponseWithMalformedJSON_PD" time="0.372">
    <failure type="java.lang.AssertionError" message="The following asserts failed:
	[CRITICAL] Response body is returning HTML body with invalid JSON format&amp;lt;html lang=&amp;quot;en&amp;quot;&amp;gt;
  &amp;lt;head&amp;gt;
    &amp;lt;title&amp;gt;400 Bad Request&amp;lt;/title&amp;gt;
  &amp;lt;/head&amp;gt;
  &amp;lt;body&amp;gt;
    &amp;lt;h1&amp;gt;Bad Request&amp;lt;/h1&amp;gt;
    &amp;lt;p&amp;gt;The browser (or proxy) sent a request that this server could not understand.&amp;lt;/p&amp;gt;
  &amp;lt;/body&amp;gt;
&amp;lt;/html&amp;gt; expected [false] but found [true]">
      <![CDATA[java.lang.AssertionError: The following asserts failed:
[CRITICAL] Response body is returning HTML body with invalid JSON format<html lang="en">
  <head>
    <title>400 Bad Request</title>
  </head>
  <body>
    <h1>Bad Request</h1>
    <p>The browser (or proxy) sent a request that this server could not understand.</p>
  </body>
</html> expected [false] but found [true]
at com.api.tests.pennydrop.GenerateToken_PennyDrop.verifyResponseWithMalformedJSON_PD(GenerateToken_PennyDrop.java:77)
at java.base/java.util.ArrayList.forEach(ArrayList.java:1541)
... Removed 29 stack frames]]>
    </failure>
  </testcase> <!-- verifyResponseWithMalformedJSON_PD -->
  <testcase classname="com.api.tests.pennydrop.GenerateToken_PennyDrop" name="verifyResponseWithNonJSONContentType_PD" time="0.38">
    <failure type="java.lang.AssertionError" message="The following asserts failed:
	[CRITICAL] Response body is returning HTML body with invalid JSON format&amp;lt;html lang=&amp;quot;en&amp;quot;&amp;gt;
  &amp;lt;head&amp;gt;
    &amp;lt;title&amp;gt;400 Bad Request&amp;lt;/title&amp;gt;
  &amp;lt;/head&amp;gt;
  &amp;lt;body&amp;gt;
    &amp;lt;h1&amp;gt;Bad Request&amp;lt;/h1&amp;gt;
    &amp;lt;p&amp;gt;The browser (or proxy) sent a request that this server could not understand.&amp;lt;/p&amp;gt;
  &amp;lt;/body&amp;gt;
&amp;lt;/html&amp;gt; expected [false] but found [true]">
      <![CDATA[java.lang.AssertionError: The following asserts failed:
[CRITICAL] Response body is returning HTML body with invalid JSON format<html lang="en">
  <head>
    <title>400 Bad Request</title>
  </head>
  <body>
    <h1>Bad Request</h1>
    <p>The browser (or proxy) sent a request that this server could not understand.</p>
  </body>
</html> expected [false] but found [true]
at com.api.tests.pennydrop.GenerateToken_PennyDrop.verifyResponseWithNonJSONContentType_PD(GenerateToken_PennyDrop.java:99)
at java.base/java.util.ArrayList.forEach(ArrayList.java:1541)
... Removed 29 stack frames]]>
    </failure>
  </testcase> <!-- verifyResponseWithNonJSONContentType_PD -->
  <testcase classname="com.api.tests.pennydrop.GenerateToken_PennyDrop" name="verifyResponseWithNonSupportedHTTPMethod_PD" time="0.304">
    <failure type="java.lang.AssertionError" message="The following asserts failed:
	[CRITICAL] Response body is returning HTML body with invalid JSON format&amp;lt;html lang=&amp;quot;en&amp;quot;&amp;gt;
  &amp;lt;head&amp;gt;
    &amp;lt;title&amp;gt;405 Method Not Allowed&amp;lt;/title&amp;gt;
  &amp;lt;/head&amp;gt;
  &amp;lt;body&amp;gt;
    &amp;lt;h1&amp;gt;Method Not Allowed&amp;lt;/h1&amp;gt;
    &amp;lt;p&amp;gt;The method is not allowed for the requested URL.&amp;lt;/p&amp;gt;
  &amp;lt;/body&amp;gt;
&amp;lt;/html&amp;gt; expected [false] but found [true]">
      <![CDATA[java.lang.AssertionError: The following asserts failed:
[CRITICAL] Response body is returning HTML body with invalid JSON format<html lang="en">
  <head>
    <title>405 Method Not Allowed</title>
  </head>
  <body>
    <h1>Method Not Allowed</h1>
    <p>The method is not allowed for the requested URL.</p>
  </body>
</html> expected [false] but found [true]
at com.api.tests.pennydrop.GenerateToken_PennyDrop.verifyResponseWithNonSupportedHTTPMethod_PD(GenerateToken_PennyDrop.java:121)
at java.base/java.util.ArrayList.forEach(ArrayList.java:1541)
... Removed 29 stack frames]]>
    </failure>
  </testcase> <!-- verifyResponseWithNonSupportedHTTPMethod_PD -->
  <testcase classname="com.api.tests.pennydrop.BankVerification_PennyDrop" name="verifyResponseWithValidCredentialsAndToken_PD" time="10.648">
    <failure type="java.lang.AssertionError" message="The following asserts failed:
	expected [MAIN MARKET KALADHUNGI,PO KALADHUNGI,DISTT NAINITAL,UTTRAKHAND 263140] but found [PATNA,STATE BIHAR,PIN 800008],
	expected [KALADHUNGI] but found [HAJIGANJ],
	expected [SBIN0014141] but found [SBIN0001234]">
      <![CDATA[java.lang.AssertionError: The following asserts failed:
expected [MAIN MARKET KALADHUNGI,PO KALADHUNGI,DISTT NAINITAL,UTTRAKHAND 263140] but found [PATNA,STATE BIHAR,PIN 800008],
expected [KALADHUNGI] but found [HAJIGANJ],
expected [SBIN0014141] but found [SBIN0001234]
at com.api.tests.pennydrop.BankVerification_PennyDrop.verifyResponseWithValidCredentialsAndToken_PD(BankVerification_PennyDrop.java:84)
at java.base/java.util.ArrayList.forEach(ArrayList.java:1541)
... Removed 29 stack frames]]>
    </failure>
  </testcase> <!-- verifyResponseWithValidCredentialsAndToken_PD -->
  <testcase classname="com.api.tests.pennydrop.BankVerification_PennyDrop" name="verifyResponseWithMissingAuthHeader_PD" time="0.535">
    <failure type="java.lang.AssertionError" message="The following asserts failed:
	HTTP status mismatch expected [401] but found [200]">
      <![CDATA[java.lang.AssertionError: The following asserts failed:
HTTP status mismatch expected [401] but found [200]
at com.api.tests.pennydrop.BankVerification_PennyDrop.verifyResponseWithMissingAuthHeader_PD(BankVerification_PennyDrop.java:111)
at java.base/java.util.ArrayList.forEach(ArrayList.java:1541)
... Removed 29 stack frames]]>
    </failure>
  </testcase> <!-- verifyResponseWithMissingAuthHeader_PD -->
  <testcase classname="com.api.tests.pennydrop.BankVerification_PennyDrop" name="verifyResponseWithInvalidToken_PD" time="0.779">
    <failure type="java.lang.AssertionError" message="The following asserts failed:
	expected [401] but found [400]">
      <![CDATA[java.lang.AssertionError: The following asserts failed:
expected [401] but found [400]
at com.api.tests.pennydrop.BankVerification_PennyDrop.verifyResponseWithInvalidToken_PD(BankVerification_PennyDrop.java:138)
at java.base/java.util.ArrayList.forEach(ArrayList.java:1541)
... Removed 29 stack frames]]>
    </failure>
  </testcase> <!-- verifyResponseWithInvalidToken_PD -->
  <testcase classname="com.api.tests.pennydrop.BankVerification_PennyDrop" name="verifyResponseWithMissingNameField_PD" time="0.762"/>
  <testcase classname="com.api.tests.pennydrop.BankVerification_PennyDrop" name="verifyResponseWithMissingMobileField_PD" time="0.604">
    <failure type="java.lang.AssertionError" message="The following asserts failed:
	[HIGH] Something went wrong! expected [Missing field: mobile] but found [Missing field: name]">
      <![CDATA[java.lang.AssertionError: The following asserts failed:
[HIGH] Something went wrong! expected [Missing field: mobile] but found [Missing field: name]
at com.api.tests.pennydrop.BankVerification_PennyDrop.verifyResponseWithMissingMobileField_PD(BankVerification_PennyDrop.java:190)
at java.base/java.util.ArrayList.forEach(ArrayList.java:1541)
... Removed 29 stack frames]]>
    </failure>
  </testcase> <!-- verifyResponseWithMissingMobileField_PD -->
  <testcase classname="com.api.tests.pennydrop.BankVerification_PennyDrop" name="verifyResponseWithInvalidMobileField_PD" time="0.711"/>
  <testcase classname="com.api.tests.pennydrop.BankVerification_PennyDrop" name="verifyResponseWithInvalidIFSCField_PD" time="0.461">
    <failure type="java.lang.AssertionError" message="The following asserts failed:
	[HIGH] Something went wrong! expected [IFSC should be like &amp;apos;SBIN0001234] but found [IFSC should be like &amp;apos;SBIN0001234&amp;apos;]">
      <![CDATA[java.lang.AssertionError: The following asserts failed:
[HIGH] Something went wrong! expected [IFSC should be like 'SBIN0001234] but found [IFSC should be like 'SBIN0001234']
at com.api.tests.pennydrop.BankVerification_PennyDrop.verifyResponseWithInvalidIFSCField_PD(BankVerification_PennyDrop.java:245)
at java.base/java.util.ArrayList.forEach(ArrayList.java:1541)
... Removed 29 stack frames]]>
    </failure>
  </testcase> <!-- verifyResponseWithInvalidIFSCField_PD -->
  <testcase classname="com.api.tests.pennydrop.BankVerification_PennyDrop" name="verifyResponseWithMalformedJSON_PD" time="0.546">
    <failure type="java.lang.AssertionError" message="The following asserts failed:
	[CRITICAL] Response body is returning HTML body with invalid JSON format. Response body is: &amp;lt;html lang=&amp;quot;en&amp;quot;&amp;gt;
  &amp;lt;head&amp;gt;
    &amp;lt;title&amp;gt;400 Bad Request&amp;lt;/title&amp;gt;
  &amp;lt;/head&amp;gt;
  &amp;lt;body&amp;gt;
    &amp;lt;h1&amp;gt;Bad Request&amp;lt;/h1&amp;gt;
    &amp;lt;p&amp;gt;The browser (or proxy) sent a request that this server could not understand.&amp;lt;/p&amp;gt;
  &amp;lt;/body&amp;gt;
&amp;lt;/html&amp;gt; expected [false] but found [true]">
      <![CDATA[java.lang.AssertionError: The following asserts failed:
[CRITICAL] Response body is returning HTML body with invalid JSON format. Response body is: <html lang="en">
  <head>
    <title>400 Bad Request</title>
  </head>
  <body>
    <h1>Bad Request</h1>
    <p>The browser (or proxy) sent a request that this server could not understand.</p>
  </body>
</html> expected [false] but found [true]
at com.api.tests.pennydrop.BankVerification_PennyDrop.verifyResponseWithMalformedJSON_PD(BankVerification_PennyDrop.java:264)
at java.base/java.util.ArrayList.forEach(ArrayList.java:1541)
... Removed 29 stack frames]]>
    </failure>
  </testcase> <!-- verifyResponseWithMalformedJSON_PD -->
  <testcase classname="com.api.tests.pennydrop.BankVerification_PennyDrop" name="verifyResponseWithSqlInjection_PD" time="0.545">
    <failure type="java.lang.AssertionError" message="The following asserts failed:
	expected [401] but found [400]">
      <![CDATA[java.lang.AssertionError: The following asserts failed:
expected [401] but found [400]
at com.api.tests.pennydrop.BankVerification_PennyDrop.verifyResponseWithSqlInjection_PD(BankVerification_PennyDrop.java:291)
at java.base/java.util.ArrayList.forEach(ArrayList.java:1541)
... Removed 29 stack frames]]>
    </failure>
  </testcase> <!-- verifyResponseWithSqlInjection_PD -->
  <testcase classname="com.api.tests.pennydrop.BankVerification_PennyDrop" name="verifyResponseWithResponseTime_PD" time="14.672">
    <failure type="java.lang.AssertionError" message="The following asserts failed:
	expected [true] but found [false]">
      <![CDATA[java.lang.AssertionError: The following asserts failed:
expected [true] but found [false]
at com.api.tests.pennydrop.BankVerification_PennyDrop.verifyResponseWithResponseTime_PD(BankVerification_PennyDrop.java:308)
at java.base/java.util.ArrayList.forEach(ArrayList.java:1541)
... Removed 29 stack frames]]>
    </failure>
  </testcase> <!-- verifyResponseWithResponseTime_PD -->
  <testcase classname="com.api.tests.reversepennydrop.GenerateToken_RPD" name="verifyResponseWithValidCredentials_RPD" time="0.432"/>
  <testcase classname="com.api.tests.reversepennydrop.GenerateToken_RPD" name="verifyResponseWithMissingClientIdField_RPD" time="0.275"/>
  <testcase classname="com.api.tests.reversepennydrop.GenerateToken_RPD" name="verifyResponseWithMissingClientSecretField_RPD" time="0.234"/>
  <testcase classname="com.api.tests.reversepennydrop.GenerateToken_RPD" name="verifyResponseWithWrongClientIdField_RPD" time="0.243"/>
  <testcase classname="com.api.tests.reversepennydrop.GenerateToken_RPD" name="verifyResponseWithWrongClientSecretField_RPD" time="0.23"/>
  <testcase classname="com.api.tests.reversepennydrop.InitiateRequest_RPD" name="verifyResponseWithValidCredentials" time="43.977"/>
  <testcase classname="com.api.tests.reversepennydrop.InitiateRequest_RPD" name="verifyResponseWithMissingRedirectUrl_RPD" time="0.376">
    <failure type="java.lang.AssertionError" message="The following asserts failed:
	[CRITICAL] Message expected [Please pass &amp;quot;redirect_url&amp;quot; for successfull redirection] but found [Invalid token],
	expected [400] but found [401]">
      <![CDATA[java.lang.AssertionError: The following asserts failed:
[CRITICAL] Message expected [Please pass "redirect_url" for successfull redirection] but found [Invalid token],
expected [400] but found [401]
at com.api.tests.reversepennydrop.InitiateRequest_RPD.verifyResponseWithMissingRedirectUrl_RPD(InitiateRequest_RPD.java:118)
at java.base/java.util.ArrayList.forEach(ArrayList.java:1541)
... Removed 29 stack frames]]>
    </failure>
  </testcase> <!-- verifyResponseWithMissingRedirectUrl_RPD -->
  <testcase classname="com.api.tests.reversepennydrop.InitiateRequest_RPD" name="verifyResponseWithInvalidVersion_RPD" time="0.298">
    <failure type="java.lang.AssertionError" message="The following asserts failed:
	[HIGH] Status code should be 400 Bad Request &amp;quot;msg&amp;quot;: &amp;quot;Unsupported version&amp;quot;, expected [400] but found [401]">
      <![CDATA[java.lang.AssertionError: The following asserts failed:
[HIGH] Status code should be 400 Bad Request "msg": "Unsupported version", expected [400] but found [401]
at com.api.tests.reversepennydrop.InitiateRequest_RPD.verifyResponseWithInvalidVersion_RPD(InitiateRequest_RPD.java:138)
at java.base/java.util.ArrayList.forEach(ArrayList.java:1541)
... Removed 29 stack frames]]>
    </failure>
  </testcase> <!-- verifyResponseWithInvalidVersion_RPD -->
  <testcase classname="com.api.tests.reversepennydrop.InitiateRequest_RPD" name="verifyResponseWithNonJsonContentType_RPD" time="0.257">
    <failure type="java.lang.AssertionError" message="The following asserts failed:
	expected [400] but found [401],
	expected [Unsupported media type &amp;quot;text/plain&amp;quot; in request.] but found [Invalid token]">
      <![CDATA[java.lang.AssertionError: The following asserts failed:
expected [400] but found [401],
expected [Unsupported media type "text/plain" in request.] but found [Invalid token]
at com.api.tests.reversepennydrop.InitiateRequest_RPD.verifyResponseWithNonJsonContentType_RPD(InitiateRequest_RPD.java:162)
at java.base/java.util.ArrayList.forEach(ArrayList.java:1541)
... Removed 29 stack frames]]>
    </failure>
  </testcase> <!-- verifyResponseWithNonJsonContentType_RPD -->
  <testcase classname="com.api.tests.reversepennydrop.GenerateExportToken_RPD" name="verifyResponseWithValidCredentials_RPD" time="0.296"/>
  <testcase classname="com.api.tests.reversepennydrop.GenerateExportToken_RPD" name="verifyResponseWithMissingCLientId_RPD" time="0.386"/>
  <testcase classname="com.api.tests.reversepennydrop.GenerateExportToken_RPD" name="verifyResponseWithMissingCLientSecret_RPD" time="0.36"/>
  <testcase classname="com.api.tests.reversepennydrop.GenerateExportToken_RPD" name="verifyResponseWithInvalidCLientId_RPD" time="0.276"/>
  <testcase classname="com.api.tests.reversepennydrop.GenerateExportToken_RPD" name="verifyResponseWithInvalidCLientSecret_RPD" time="0.227"/>
  <testcase classname="com.api.tests.reversepennydrop.GenerateExportToken_RPD" name="verifyResponseWithInvalidJSON_RPD" time="0.256"/>
  <testcase classname="com.api.tests.reversepennydrop.GenerateExportToken_RPD" name="verifyResponseWithNonJSONContentType_RPD" time="0.258">
    <failure type="java.lang.AssertionError" message="The following asserts failed:
	expected [Unsupported media type &amp;quot;text/plain&amp;quot; in request.] but found [Unsupported media type \&amp;quot;text/plain\&amp;quot; in request.]">
      <![CDATA[java.lang.AssertionError: The following asserts failed:
expected [Unsupported media type "text/plain" in request.] but found [Unsupported media type \"text/plain\" in request.]
at com.api.tests.reversepennydrop.GenerateExportToken_RPD.verifyResponseWithNonJSONContentType_RPD(GenerateExportToken_RPD.java:193)
at java.base/java.util.ArrayList.forEach(ArrayList.java:1541)
... Removed 29 stack frames]]>
    </failure>
  </testcase> <!-- verifyResponseWithNonJSONContentType_RPD -->
  <testcase classname="com.api.tests.reversepennydrop.GenerateExportToken_RPD" name="verifyResponseWithInvalidCharacters_RPD" time="0.255"/>
  <testcase classname="com.api.tests.reversepennydrop.GetExportData_RPD" name="verifyResponseWithValidToken_RPD" time="10.645">
    <failure type="java.lang.AssertionError" message="The following asserts failed:
	UTR mismatch expected [reverse_penny_drop_yrJNKfKwdlhdzymwruIz] but found [reverse_penny_drop_yxDkzCYlIzipqiJplCbh],
	UPI ID mismatch expected [9990785954@ptyes] but found [9990785954@ptsbi]">
      <![CDATA[java.lang.AssertionError: The following asserts failed:
UTR mismatch expected [reverse_penny_drop_yrJNKfKwdlhdzymwruIz] but found [reverse_penny_drop_yxDkzCYlIzipqiJplCbh],
UPI ID mismatch expected [9990785954@ptyes] but found [9990785954@ptsbi]
at com.api.tests.reversepennydrop.GetExportData_RPD.waitAndGetResponseHeaders(GetExportData_RPD.java:151)
at com.api.tests.reversepennydrop.GetExportData_RPD.verifyResponseWithValidToken_RPD(GetExportData_RPD.java:108)
at java.base/java.util.ArrayList.forEach(ArrayList.java:1541)
... Removed 29 stack frames]]>
    </failure>
  </testcase> <!-- verifyResponseWithValidToken_RPD -->
</testsuite> <!-- API Test - Dynamic Test -->
