<?xml version="1.0" encoding="UTF-8"?>
<testng-results ignored="0" total="18" passed="13" failed="5" skipped="0">
  <reporter-output>
  </reporter-output>
  <suite started-at="2025-12-12T15:17:11 IST" name="API Test Suite" finished-at="2025-12-12T15:18:17 IST" duration-ms="66259">
    <groups>
    </groups>
    <test started-at="2025-12-12T15:17:11 IST" name="API Test" finished-at="2025-12-12T15:18:17 IST" duration-ms="66259">
      <class name="com.api.tests.reversepennydrop.InitiateRequest_RPD">
        <test-method is-config="true" signature="setupSoftAssert()[pri:0, instance:com.api.tests.reversepennydrop.InitiateRequest_RPD@3de8f619]" started-at="2025-12-12T15:17:19 IST" name="setupSoftAssert" finished-at="2025-12-12T15:17:19 IST" duration-ms="2" status="PASS">
          <reporter-output>
          </reporter-output>
        </test-method> <!-- setupSoftAssert -->
        <test-method is-config="true" signature="setup()[pri:0, instance:com.api.tests.reversepennydrop.InitiateRequest_RPD@3de8f619]" started-at="2025-12-12T15:17:19 IST" name="setup" finished-at="2025-12-12T15:17:19 IST" duration-ms="6" status="PASS">
          <reporter-output>
          </reporter-output>
        </test-method> <!-- setup -->
        <test-method signature="verifyResponseWithValidCredentials()[pri:1, instance:com.api.tests.reversepennydrop.InitiateRequest_RPD@3de8f619]" started-at="2025-12-12T15:17:19 IST" name="verifyResponseWithValidCredentials" description="tc_01 - Verify request initiates successfully with valid token and valid body" finished-at="2025-12-12T15:18:00 IST" duration-ms="40786" status="PASS">
          <reporter-output>
          </reporter-output>
        </test-method> <!-- verifyResponseWithValidCredentials -->
        <test-method is-config="true" signature="setupSoftAssert()[pri:0, instance:com.api.tests.reversepennydrop.InitiateRequest_RPD@3de8f619]" started-at="2025-12-12T15:18:00 IST" name="setupSoftAssert" finished-at="2025-12-12T15:18:00 IST" duration-ms="1" status="PASS">
          <reporter-output>
          </reporter-output>
        </test-method> <!-- setupSoftAssert -->
        <test-method is-config="true" signature="setup()[pri:0, instance:com.api.tests.reversepennydrop.InitiateRequest_RPD@3de8f619]" started-at="2025-12-12T15:18:00 IST" name="setup" finished-at="2025-12-12T15:18:00 IST" duration-ms="33" status="PASS">
          <reporter-output>
          </reporter-output>
        </test-method> <!-- setup -->
        <test-method signature="verifyResponseWithMissingRedirectUrl_RPD()[pri:2, instance:com.api.tests.reversepennydrop.InitiateRequest_RPD@3de8f619]" started-at="2025-12-12T15:18:00 IST" name="verifyResponseWithMissingRedirectUrl_RPD" description="tc_02 - Verify error when redirect_url is missing from body." finished-at="2025-12-12T15:18:01 IST" duration-ms="446" status="FAIL">
          <exception class="java.lang.AssertionError">
            <message>
              <![CDATA[The following asserts failed:
[CRITICAL] Message expected [Please pass "redirect_url" for successfull redirection] but found [Invalid token],
expected [400] but found [401]]]>
            </message>
            <full-stacktrace>
              <![CDATA[java.lang.AssertionError: The following asserts failed:
[CRITICAL] Message expected [Please pass "redirect_url" for successfull redirection] but found [Invalid token],
expected [400] but found [401]
at org.testng.asserts.SoftAssert.assertAll(SoftAssert.java:46)
at org.testng.asserts.SoftAssert.assertAll(SoftAssert.java:30)
at com.api.tests.reversepennydrop.InitiateRequest_RPD.verifyResponseWithMissingRedirectUrl_RPD(InitiateRequest_RPD.java:118)
at java.base/jdk.internal.reflect.NativeMethodAccessorImpl.invoke0(Native Method)
at java.base/jdk.internal.reflect.NativeMethodAccessorImpl.invoke(NativeMethodAccessorImpl.java:62)
at java.base/jdk.internal.reflect.DelegatingMethodAccessorImpl.invoke(DelegatingMethodAccessorImpl.java:43)
at java.base/java.lang.reflect.Method.invoke(Method.java:566)
at org.testng.internal.invokers.MethodInvocationHelper.invokeMethod(MethodInvocationHelper.java:141)
at org.testng.internal.invokers.TestInvoker.invokeMethod(TestInvoker.java:686)
at org.testng.internal.invokers.TestInvoker.invokeTestMethod(TestInvoker.java:230)
at org.testng.internal.invokers.MethodRunner.runInSequence(MethodRunner.java:63)
at org.testng.internal.invokers.TestInvoker$MethodInvocationAgent.invoke(TestInvoker.java:992)
at org.testng.internal.invokers.TestInvoker.invokeTestMethods(TestInvoker.java:203)
at org.testng.internal.invokers.TestMethodWorker.invokeTestMethods(TestMethodWorker.java:154)
at org.testng.internal.invokers.TestMethodWorker.run(TestMethodWorker.java:134)
at java.base/java.util.ArrayList.forEach(ArrayList.java:1541)
at org.testng.TestRunner.privateRun(TestRunner.java:739)
at org.testng.TestRunner.run(TestRunner.java:614)
at org.testng.SuiteRunner.runTest(SuiteRunner.java:421)
at org.testng.SuiteRunner.runSequentially(SuiteRunner.java:413)
at org.testng.SuiteRunner.privateRun(SuiteRunner.java:373)
at org.testng.SuiteRunner.run(SuiteRunner.java:312)
at org.testng.SuiteRunnerWorker.runSuite(SuiteRunnerWorker.java:52)
at org.testng.SuiteRunnerWorker.run(SuiteRunnerWorker.java:95)
at org.testng.TestNG.runSuitesSequentially(TestNG.java:1274)
at org.testng.TestNG.runSuitesLocally(TestNG.java:1208)
at org.testng.TestNG.runSuites(TestNG.java:1112)
at org.testng.TestNG.run(TestNG.java:1079)
at org.testng.remote.AbstractRemoteTestNG.run(AbstractRemoteTestNG.java:115)
at org.testng.remote.RemoteTestNG.initAndRun(RemoteTestNG.java:293)
at org.testng.remote.RemoteTestNG.main(RemoteTestNG.java:91)
]]>
            </full-stacktrace>
          </exception> <!-- java.lang.AssertionError -->
          <reporter-output>
          </reporter-output>
        </test-method> <!-- verifyResponseWithMissingRedirectUrl_RPD -->
        <test-method is-config="true" signature="setup()[pri:0, instance:com.api.tests.reversepennydrop.InitiateRequest_RPD@3de8f619]" started-at="2025-12-12T15:18:01 IST" name="setup" finished-at="2025-12-12T15:18:01 IST" duration-ms="12" status="PASS">
          <reporter-output>
          </reporter-output>
        </test-method> <!-- setup -->
        <test-method is-config="true" signature="setupSoftAssert()[pri:0, instance:com.api.tests.reversepennydrop.InitiateRequest_RPD@3de8f619]" started-at="2025-12-12T15:18:01 IST" name="setupSoftAssert" finished-at="2025-12-12T15:18:01 IST" duration-ms="0" status="PASS">
          <reporter-output>
          </reporter-output>
        </test-method> <!-- setupSoftAssert -->
        <test-method signature="verifyResponseWithInvalidVersion_RPD()[pri:3, instance:com.api.tests.reversepennydrop.InitiateRequest_RPD@3de8f619]" started-at="2025-12-12T15:18:01 IST" name="verifyResponseWithInvalidVersion_RPD" description="tc_08 - Verify version value validation (unsupported version)." finished-at="2025-12-12T15:18:01 IST" duration-ms="457" status="FAIL">
          <exception class="java.lang.AssertionError">
            <message>
              <![CDATA[The following asserts failed:
[HIGH] Status code should be 400 Bad Request "msg": "Unsupported version", expected [400] but found [401]]]>
            </message>
            <full-stacktrace>
              <![CDATA[java.lang.AssertionError: The following asserts failed:
[HIGH] Status code should be 400 Bad Request "msg": "Unsupported version", expected [400] but found [401]
at org.testng.asserts.SoftAssert.assertAll(SoftAssert.java:46)
at org.testng.asserts.SoftAssert.assertAll(SoftAssert.java:30)
at com.api.tests.reversepennydrop.InitiateRequest_RPD.verifyResponseWithInvalidVersion_RPD(InitiateRequest_RPD.java:138)
at java.base/jdk.internal.reflect.NativeMethodAccessorImpl.invoke0(Native Method)
at java.base/jdk.internal.reflect.NativeMethodAccessorImpl.invoke(NativeMethodAccessorImpl.java:62)
at java.base/jdk.internal.reflect.DelegatingMethodAccessorImpl.invoke(DelegatingMethodAccessorImpl.java:43)
at java.base/java.lang.reflect.Method.invoke(Method.java:566)
at org.testng.internal.invokers.MethodInvocationHelper.invokeMethod(MethodInvocationHelper.java:141)
at org.testng.internal.invokers.TestInvoker.invokeMethod(TestInvoker.java:686)
at org.testng.internal.invokers.TestInvoker.invokeTestMethod(TestInvoker.java:230)
at org.testng.internal.invokers.MethodRunner.runInSequence(MethodRunner.java:63)
at org.testng.internal.invokers.TestInvoker$MethodInvocationAgent.invoke(TestInvoker.java:992)
at org.testng.internal.invokers.TestInvoker.invokeTestMethods(TestInvoker.java:203)
at org.testng.internal.invokers.TestMethodWorker.invokeTestMethods(TestMethodWorker.java:154)
at org.testng.internal.invokers.TestMethodWorker.run(TestMethodWorker.java:134)
at java.base/java.util.ArrayList.forEach(ArrayList.java:1541)
at org.testng.TestRunner.privateRun(TestRunner.java:739)
at org.testng.TestRunner.run(TestRunner.java:614)
at org.testng.SuiteRunner.runTest(SuiteRunner.java:421)
at org.testng.SuiteRunner.runSequentially(SuiteRunner.java:413)
at org.testng.SuiteRunner.privateRun(SuiteRunner.java:373)
at org.testng.SuiteRunner.run(SuiteRunner.java:312)
at org.testng.SuiteRunnerWorker.runSuite(SuiteRunnerWorker.java:52)
at org.testng.SuiteRunnerWorker.run(SuiteRunnerWorker.java:95)
at org.testng.TestNG.runSuitesSequentially(TestNG.java:1274)
at org.testng.TestNG.runSuitesLocally(TestNG.java:1208)
at org.testng.TestNG.runSuites(TestNG.java:1112)
at org.testng.TestNG.run(TestNG.java:1079)
at org.testng.remote.AbstractRemoteTestNG.run(AbstractRemoteTestNG.java:115)
at org.testng.remote.RemoteTestNG.initAndRun(RemoteTestNG.java:293)
at org.testng.remote.RemoteTestNG.main(RemoteTestNG.java:91)
]]>
            </full-stacktrace>
          </exception> <!-- java.lang.AssertionError -->
          <reporter-output>
          </reporter-output>
        </test-method> <!-- verifyResponseWithInvalidVersion_RPD -->
        <test-method is-config="true" signature="setupSoftAssert()[pri:0, instance:com.api.tests.reversepennydrop.InitiateRequest_RPD@3de8f619]" started-at="2025-12-12T15:18:01 IST" name="setupSoftAssert" finished-at="2025-12-12T15:18:01 IST" duration-ms="1" status="PASS">
          <reporter-output>
          </reporter-output>
        </test-method> <!-- setupSoftAssert -->
        <test-method is-config="true" signature="setup()[pri:0, instance:com.api.tests.reversepennydrop.InitiateRequest_RPD@3de8f619]" started-at="2025-12-12T15:18:01 IST" name="setup" finished-at="2025-12-12T15:18:01 IST" duration-ms="22" status="PASS">
          <reporter-output>
          </reporter-output>
        </test-method> <!-- setup -->
        <test-method signature="verifyResponseWithNonJsonContentType_RPD()[pri:4, instance:com.api.tests.reversepennydrop.InitiateRequest_RPD@3de8f619]" started-at="2025-12-12T15:18:01 IST" name="verifyResponseWithNonJsonContentType_RPD" description="tc_10 - Verify Content-Type enforcement (non-JSON rejected)." finished-at="2025-12-12T15:18:02 IST" duration-ms="424" status="FAIL">
          <exception class="java.lang.AssertionError">
            <message>
              <![CDATA[The following asserts failed:
expected [400] but found [401],
expected [Unsupported media type "text/plain" in request.] but found [Invalid token]]]>
            </message>
            <full-stacktrace>
              <![CDATA[java.lang.AssertionError: The following asserts failed:
expected [400] but found [401],
expected [Unsupported media type "text/plain" in request.] but found [Invalid token]
at org.testng.asserts.SoftAssert.assertAll(SoftAssert.java:46)
at org.testng.asserts.SoftAssert.assertAll(SoftAssert.java:30)
at com.api.tests.reversepennydrop.InitiateRequest_RPD.verifyResponseWithNonJsonContentType_RPD(InitiateRequest_RPD.java:162)
at java.base/jdk.internal.reflect.NativeMethodAccessorImpl.invoke0(Native Method)
at java.base/jdk.internal.reflect.NativeMethodAccessorImpl.invoke(NativeMethodAccessorImpl.java:62)
at java.base/jdk.internal.reflect.DelegatingMethodAccessorImpl.invoke(DelegatingMethodAccessorImpl.java:43)
at java.base/java.lang.reflect.Method.invoke(Method.java:566)
at org.testng.internal.invokers.MethodInvocationHelper.invokeMethod(MethodInvocationHelper.java:141)
at org.testng.internal.invokers.TestInvoker.invokeMethod(TestInvoker.java:686)
at org.testng.internal.invokers.TestInvoker.invokeTestMethod(TestInvoker.java:230)
at org.testng.internal.invokers.MethodRunner.runInSequence(MethodRunner.java:63)
at org.testng.internal.invokers.TestInvoker$MethodInvocationAgent.invoke(TestInvoker.java:992)
at org.testng.internal.invokers.TestInvoker.invokeTestMethods(TestInvoker.java:203)
at org.testng.internal.invokers.TestMethodWorker.invokeTestMethods(TestMethodWorker.java:154)
at org.testng.internal.invokers.TestMethodWorker.run(TestMethodWorker.java:134)
at java.base/java.util.ArrayList.forEach(ArrayList.java:1541)
at org.testng.TestRunner.privateRun(TestRunner.java:739)
at org.testng.TestRunner.run(TestRunner.java:614)
at org.testng.SuiteRunner.runTest(SuiteRunner.java:421)
at org.testng.SuiteRunner.runSequentially(SuiteRunner.java:413)
at org.testng.SuiteRunner.privateRun(SuiteRunner.java:373)
at org.testng.SuiteRunner.run(SuiteRunner.java:312)
at org.testng.SuiteRunnerWorker.runSuite(SuiteRunnerWorker.java:52)
at org.testng.SuiteRunnerWorker.run(SuiteRunnerWorker.java:95)
at org.testng.TestNG.runSuitesSequentially(TestNG.java:1274)
at org.testng.TestNG.runSuitesLocally(TestNG.java:1208)
at org.testng.TestNG.runSuites(TestNG.java:1112)
at org.testng.TestNG.run(TestNG.java:1079)
at org.testng.remote.AbstractRemoteTestNG.run(AbstractRemoteTestNG.java:115)
at org.testng.remote.RemoteTestNG.initAndRun(RemoteTestNG.java:293)
at org.testng.remote.RemoteTestNG.main(RemoteTestNG.java:91)
]]>
            </full-stacktrace>
          </exception> <!-- java.lang.AssertionError -->
          <reporter-output>
          </reporter-output>
        </test-method> <!-- verifyResponseWithNonJsonContentType_RPD -->
      </class> <!-- com.api.tests.reversepennydrop.InitiateRequest_RPD -->
      <class name="com.api.tests.reversepennydrop.GenerateExportToken_RPD">
        <test-method is-config="true" signature="setupSoftAssert()[pri:0, instance:com.api.tests.reversepennydrop.GenerateExportToken_RPD@2ab4bc72]" started-at="2025-12-12T15:18:02 IST" name="setupSoftAssert" finished-at="2025-12-12T15:18:02 IST" duration-ms="0" status="PASS">
          <reporter-output>
          </reporter-output>
        </test-method> <!-- setupSoftAssert -->
        <test-method is-config="true" signature="setup()[pri:0, instance:com.api.tests.reversepennydrop.GenerateExportToken_RPD@2ab4bc72]" started-at="2025-12-12T15:18:02 IST" name="setup" finished-at="2025-12-12T15:18:02 IST" duration-ms="14" status="PASS">
          <reporter-output>
          </reporter-output>
        </test-method> <!-- setup -->
        <test-method signature="verifyResponseWithValidCredentials_RPD()[pri:1, instance:com.api.tests.reversepennydrop.GenerateExportToken_RPD@2ab4bc72]" started-at="2025-12-12T15:18:02 IST" name="verifyResponseWithValidCredentials_RPD" description="tc_01 - Verify token generated successfully with valid client_id, client_secret and transaction_id" finished-at="2025-12-12T15:18:02 IST" duration-ms="394" status="PASS">
          <reporter-output>
          </reporter-output>
        </test-method> <!-- verifyResponseWithValidCredentials_RPD -->
        <test-method is-config="true" signature="setupSoftAssert()[pri:0, instance:com.api.tests.reversepennydrop.GenerateExportToken_RPD@2ab4bc72]" started-at="2025-12-12T15:18:02 IST" name="setupSoftAssert" finished-at="2025-12-12T15:18:02 IST" duration-ms="0" status="PASS">
          <reporter-output>
          </reporter-output>
        </test-method> <!-- setupSoftAssert -->
        <test-method is-config="true" signature="setup()[pri:0, instance:com.api.tests.reversepennydrop.GenerateExportToken_RPD@2ab4bc72]" started-at="2025-12-12T15:18:02 IST" name="setup" finished-at="2025-12-12T15:18:02 IST" duration-ms="7" status="PASS">
          <reporter-output>
          </reporter-output>
        </test-method> <!-- setup -->
        <test-method signature="verifyResponseWithMissingCLientId_RPD()[pri:2, instance:com.api.tests.reversepennydrop.GenerateExportToken_RPD@2ab4bc72]" started-at="2025-12-12T15:18:02 IST" name="verifyResponseWithMissingCLientId_RPD" description="tc_03 - Verify error when client_id is missing (transaction_id present)." finished-at="2025-12-12T15:18:02 IST" duration-ms="330" status="PASS">
          <reporter-output>
          </reporter-output>
        </test-method> <!-- verifyResponseWithMissingCLientId_RPD -->
        <test-method is-config="true" signature="setupSoftAssert()[pri:0, instance:com.api.tests.reversepennydrop.GenerateExportToken_RPD@2ab4bc72]" started-at="2025-12-12T15:18:02 IST" name="setupSoftAssert" finished-at="2025-12-12T15:18:02 IST" duration-ms="1" status="PASS">
          <reporter-output>
          </reporter-output>
        </test-method> <!-- setupSoftAssert -->
        <test-method is-config="true" signature="setup()[pri:0, instance:com.api.tests.reversepennydrop.GenerateExportToken_RPD@2ab4bc72]" started-at="2025-12-12T15:18:02 IST" name="setup" finished-at="2025-12-12T15:18:02 IST" duration-ms="9" status="PASS">
          <reporter-output>
          </reporter-output>
        </test-method> <!-- setup -->
        <test-method signature="verifyResponseWithMissingCLientSecret_RPD()[pri:3, instance:com.api.tests.reversepennydrop.GenerateExportToken_RPD@2ab4bc72]" started-at="2025-12-12T15:18:02 IST" name="verifyResponseWithMissingCLientSecret_RPD" description="tc_04 - Verify error when client_secret is missing (transaction_id present)." finished-at="2025-12-12T15:18:03 IST" duration-ms="345" status="PASS">
          <reporter-output>
          </reporter-output>
        </test-method> <!-- verifyResponseWithMissingCLientSecret_RPD -->
        <test-method is-config="true" signature="setupSoftAssert()[pri:0, instance:com.api.tests.reversepennydrop.GenerateExportToken_RPD@2ab4bc72]" started-at="2025-12-12T15:18:03 IST" name="setupSoftAssert" finished-at="2025-12-12T15:18:03 IST" duration-ms="0" status="PASS">
          <reporter-output>
          </reporter-output>
        </test-method> <!-- setupSoftAssert -->
        <test-method is-config="true" signature="setup()[pri:0, instance:com.api.tests.reversepennydrop.GenerateExportToken_RPD@2ab4bc72]" started-at="2025-12-12T15:18:03 IST" name="setup" finished-at="2025-12-12T15:18:03 IST" duration-ms="81" status="PASS">
          <reporter-output>
          </reporter-output>
        </test-method> <!-- setup -->
        <test-method signature="verifyResponseWithInvalidCLientId_RPD()[pri:4, instance:com.api.tests.reversepennydrop.GenerateExportToken_RPD@2ab4bc72]" started-at="2025-12-12T15:18:03 IST" name="verifyResponseWithInvalidCLientId_RPD" description="tc_05 - Verify authentication fails with invalid client_secret." finished-at="2025-12-12T15:18:03 IST" duration-ms="397" status="PASS">
          <reporter-output>
          </reporter-output>
        </test-method> <!-- verifyResponseWithInvalidCLientId_RPD -->
        <test-method is-config="true" signature="setupSoftAssert()[pri:0, instance:com.api.tests.reversepennydrop.GenerateExportToken_RPD@2ab4bc72]" started-at="2025-12-12T15:18:03 IST" name="setupSoftAssert" finished-at="2025-12-12T15:18:03 IST" duration-ms="0" status="PASS">
          <reporter-output>
          </reporter-output>
        </test-method> <!-- setupSoftAssert -->
        <test-method is-config="true" signature="setup()[pri:0, instance:com.api.tests.reversepennydrop.GenerateExportToken_RPD@2ab4bc72]" started-at="2025-12-12T15:18:03 IST" name="setup" finished-at="2025-12-12T15:18:03 IST" duration-ms="5" status="PASS">
          <reporter-output>
          </reporter-output>
        </test-method> <!-- setup -->
        <test-method signature="verifyResponseWithInvalidCLientSecret_RPD()[pri:5, instance:com.api.tests.reversepennydrop.GenerateExportToken_RPD@2ab4bc72]" started-at="2025-12-12T15:18:03 IST" name="verifyResponseWithInvalidCLientSecret_RPD" description="tc_06 - Verify authentication fails with invalid client_secret." finished-at="2025-12-12T15:18:04 IST" duration-ms="403" status="PASS">
          <reporter-output>
          </reporter-output>
        </test-method> <!-- verifyResponseWithInvalidCLientSecret_RPD -->
        <test-method is-config="true" signature="setupSoftAssert()[pri:0, instance:com.api.tests.reversepennydrop.GenerateExportToken_RPD@2ab4bc72]" started-at="2025-12-12T15:18:04 IST" name="setupSoftAssert" finished-at="2025-12-12T15:18:04 IST" duration-ms="4" status="PASS">
          <reporter-output>
          </reporter-output>
        </test-method> <!-- setupSoftAssert -->
        <test-method is-config="true" signature="setup()[pri:0, instance:com.api.tests.reversepennydrop.GenerateExportToken_RPD@2ab4bc72]" started-at="2025-12-12T15:18:04 IST" name="setup" finished-at="2025-12-12T15:18:04 IST" duration-ms="14" status="PASS">
          <reporter-output>
          </reporter-output>
        </test-method> <!-- setup -->
        <test-method signature="verifyResponseWithInvalidJSON_RPD()[pri:6, instance:com.api.tests.reversepennydrop.GenerateExportToken_RPD@2ab4bc72]" started-at="2025-12-12T15:18:04 IST" name="verifyResponseWithInvalidJSON_RPD" description="tc_07 - Verify invalid JSON returns parse error." finished-at="2025-12-12T15:18:04 IST" duration-ms="421" status="PASS">
          <reporter-output>
          </reporter-output>
        </test-method> <!-- verifyResponseWithInvalidJSON_RPD -->
        <test-method is-config="true" signature="setupSoftAssert()[pri:0, instance:com.api.tests.reversepennydrop.GenerateExportToken_RPD@2ab4bc72]" started-at="2025-12-12T15:18:04 IST" name="setupSoftAssert" finished-at="2025-12-12T15:18:04 IST" duration-ms="1" status="PASS">
          <reporter-output>
          </reporter-output>
        </test-method> <!-- setupSoftAssert -->
        <test-method is-config="true" signature="setup()[pri:0, instance:com.api.tests.reversepennydrop.GenerateExportToken_RPD@2ab4bc72]" started-at="2025-12-12T15:18:04 IST" name="setup" finished-at="2025-12-12T15:18:04 IST" duration-ms="15" status="PASS">
          <reporter-output>
          </reporter-output>
        </test-method> <!-- setup -->
        <test-method signature="verifyResponseWithNonJSONContentType_RPD()[pri:7, instance:com.api.tests.reversepennydrop.GenerateExportToken_RPD@2ab4bc72]" started-at="2025-12-12T15:18:04 IST" name="verifyResponseWithNonJSONContentType_RPD" description="tc_08 - Verify content-type enforcement (non-JSON rejected)." finished-at="2025-12-12T15:18:04 IST" duration-ms="444" status="FAIL">
          <exception class="java.lang.AssertionError">
            <message>
              <![CDATA[The following asserts failed:
expected [Unsupported media type "text/plain" in request.] but found [Unsupported media type \"text/plain\" in request.]]]>
            </message>
            <full-stacktrace>
              <![CDATA[java.lang.AssertionError: The following asserts failed:
expected [Unsupported media type "text/plain" in request.] but found [Unsupported media type \"text/plain\" in request.]
at org.testng.asserts.SoftAssert.assertAll(SoftAssert.java:46)
at org.testng.asserts.SoftAssert.assertAll(SoftAssert.java:30)
at com.api.tests.reversepennydrop.GenerateExportToken_RPD.verifyResponseWithNonJSONContentType_RPD(GenerateExportToken_RPD.java:193)
at java.base/jdk.internal.reflect.NativeMethodAccessorImpl.invoke0(Native Method)
at java.base/jdk.internal.reflect.NativeMethodAccessorImpl.invoke(NativeMethodAccessorImpl.java:62)
at java.base/jdk.internal.reflect.DelegatingMethodAccessorImpl.invoke(DelegatingMethodAccessorImpl.java:43)
at java.base/java.lang.reflect.Method.invoke(Method.java:566)
at org.testng.internal.invokers.MethodInvocationHelper.invokeMethod(MethodInvocationHelper.java:141)
at org.testng.internal.invokers.TestInvoker.invokeMethod(TestInvoker.java:686)
at org.testng.internal.invokers.TestInvoker.invokeTestMethod(TestInvoker.java:230)
at org.testng.internal.invokers.MethodRunner.runInSequence(MethodRunner.java:63)
at org.testng.internal.invokers.TestInvoker$MethodInvocationAgent.invoke(TestInvoker.java:992)
at org.testng.internal.invokers.TestInvoker.invokeTestMethods(TestInvoker.java:203)
at org.testng.internal.invokers.TestMethodWorker.invokeTestMethods(TestMethodWorker.java:154)
at org.testng.internal.invokers.TestMethodWorker.run(TestMethodWorker.java:134)
at java.base/java.util.ArrayList.forEach(ArrayList.java:1541)
at org.testng.TestRunner.privateRun(TestRunner.java:739)
at org.testng.TestRunner.run(TestRunner.java:614)
at org.testng.SuiteRunner.runTest(SuiteRunner.java:421)
at org.testng.SuiteRunner.runSequentially(SuiteRunner.java:413)
at org.testng.SuiteRunner.privateRun(SuiteRunner.java:373)
at org.testng.SuiteRunner.run(SuiteRunner.java:312)
at org.testng.SuiteRunnerWorker.runSuite(SuiteRunnerWorker.java:52)
at org.testng.SuiteRunnerWorker.run(SuiteRunnerWorker.java:95)
at org.testng.TestNG.runSuitesSequentially(TestNG.java:1274)
at org.testng.TestNG.runSuitesLocally(TestNG.java:1208)
at org.testng.TestNG.runSuites(TestNG.java:1112)
at org.testng.TestNG.run(TestNG.java:1079)
at org.testng.remote.AbstractRemoteTestNG.run(AbstractRemoteTestNG.java:115)
at org.testng.remote.RemoteTestNG.initAndRun(RemoteTestNG.java:293)
at org.testng.remote.RemoteTestNG.main(RemoteTestNG.java:91)
]]>
            </full-stacktrace>
          </exception> <!-- java.lang.AssertionError -->
          <reporter-output>
          </reporter-output>
        </test-method> <!-- verifyResponseWithNonJSONContentType_RPD -->
        <test-method is-config="true" signature="setupSoftAssert()[pri:0, instance:com.api.tests.reversepennydrop.GenerateExportToken_RPD@2ab4bc72]" started-at="2025-12-12T15:18:04 IST" name="setupSoftAssert" finished-at="2025-12-12T15:18:04 IST" duration-ms="1" status="PASS">
          <reporter-output>
          </reporter-output>
        </test-method> <!-- setupSoftAssert -->
        <test-method is-config="true" signature="setup()[pri:0, instance:com.api.tests.reversepennydrop.GenerateExportToken_RPD@2ab4bc72]" started-at="2025-12-12T15:18:04 IST" name="setup" finished-at="2025-12-12T15:18:05 IST" duration-ms="14" status="PASS">
          <reporter-output>
          </reporter-output>
        </test-method> <!-- setup -->
        <test-method signature="verifyResponseWithInvalidCharacters_RPD()[pri:8, instance:com.api.tests.reversepennydrop.GenerateExportToken_RPD@2ab4bc72]" started-at="2025-12-12T15:18:05 IST" name="verifyResponseWithInvalidCharacters_RPD" description="tc_10 - Verify invalid characters in client_id/client_secret rejected." finished-at="2025-12-12T15:18:05 IST" duration-ms="400" status="PASS">
          <reporter-output>
          </reporter-output>
        </test-method> <!-- verifyResponseWithInvalidCharacters_RPD -->
      </class> <!-- com.api.tests.reversepennydrop.GenerateExportToken_RPD -->
      <class name="com.api.tests.reversepennydrop.GenerateToken_RPD">
        <test-method is-config="true" signature="setupSoftAssert()[pri:0, instance:com.api.tests.reversepennydrop.GenerateToken_RPD@3ba987b8]" started-at="2025-12-12T15:17:11 IST" name="setupSoftAssert" finished-at="2025-12-12T15:17:11 IST" duration-ms="11" status="PASS">
          <reporter-output>
          </reporter-output>
        </test-method> <!-- setupSoftAssert -->
        <test-method is-config="true" signature="setup()[pri:0, instance:com.api.tests.reversepennydrop.GenerateToken_RPD@3ba987b8]" started-at="2025-12-12T15:17:11 IST" name="setup" finished-at="2025-12-12T15:17:15 IST" duration-ms="4070" status="PASS">
          <reporter-output>
          </reporter-output>
        </test-method> <!-- setup -->
        <test-method signature="verifyResponseWithValidCredentials_RPD()[pri:1, instance:com.api.tests.reversepennydrop.GenerateToken_RPD@3ba987b8]" started-at="2025-12-12T15:17:15 IST" name="verifyResponseWithValidCredentials_RPD" description="tc_01 - Verify token generated successfully with valid client_id and client_secret." finished-at="2025-12-12T15:17:18 IST" duration-ms="2547" status="PASS">
          <reporter-output>
          </reporter-output>
        </test-method> <!-- verifyResponseWithValidCredentials_RPD -->
        <test-method is-config="true" signature="setupSoftAssert()[pri:0, instance:com.api.tests.reversepennydrop.GenerateToken_RPD@3ba987b8]" started-at="2025-12-12T15:17:18 IST" name="setupSoftAssert" finished-at="2025-12-12T15:17:18 IST" duration-ms="2" status="PASS">
          <reporter-output>
          </reporter-output>
        </test-method> <!-- setupSoftAssert -->
        <test-method is-config="true" signature="setup()[pri:0, instance:com.api.tests.reversepennydrop.GenerateToken_RPD@3ba987b8]" started-at="2025-12-12T15:17:18 IST" name="setup" finished-at="2025-12-12T15:17:18 IST" duration-ms="30" status="PASS">
          <reporter-output>
          </reporter-output>
        </test-method> <!-- setup -->
        <test-method signature="verifyResponseWithMissingClientIdField_RPD()[pri:2, instance:com.api.tests.reversepennydrop.GenerateToken_RPD@3ba987b8]" started-at="2025-12-12T15:17:18 IST" name="verifyResponseWithMissingClientIdField_RPD" description="tc_02 - Verify error when client_id is missing." finished-at="2025-12-12T15:17:18 IST" duration-ms="380" status="PASS">
          <reporter-output>
          </reporter-output>
        </test-method> <!-- verifyResponseWithMissingClientIdField_RPD -->
        <test-method is-config="true" signature="setupSoftAssert()[pri:0, instance:com.api.tests.reversepennydrop.GenerateToken_RPD@3ba987b8]" started-at="2025-12-12T15:17:18 IST" name="setupSoftAssert" finished-at="2025-12-12T15:17:18 IST" duration-ms="2" status="PASS">
          <reporter-output>
          </reporter-output>
        </test-method> <!-- setupSoftAssert -->
        <test-method is-config="true" signature="setup()[pri:0, instance:com.api.tests.reversepennydrop.GenerateToken_RPD@3ba987b8]" started-at="2025-12-12T15:17:18 IST" name="setup" finished-at="2025-12-12T15:17:18 IST" duration-ms="25" status="PASS">
          <reporter-output>
          </reporter-output>
        </test-method> <!-- setup -->
        <test-method signature="verifyResponseWithMissingClientSecretField_RPD()[pri:3, instance:com.api.tests.reversepennydrop.GenerateToken_RPD@3ba987b8]" started-at="2025-12-12T15:17:18 IST" name="verifyResponseWithMissingClientSecretField_RPD" description="tc_03 - Verify error when client_secret is missing." finished-at="2025-12-12T15:17:18 IST" duration-ms="431" status="PASS">
          <reporter-output>
          </reporter-output>
        </test-method> <!-- verifyResponseWithMissingClientSecretField_RPD -->
        <test-method is-config="true" signature="setupSoftAssert()[pri:0, instance:com.api.tests.reversepennydrop.GenerateToken_RPD@3ba987b8]" started-at="2025-12-12T15:17:18 IST" name="setupSoftAssert" finished-at="2025-12-12T15:17:18 IST" duration-ms="0" status="PASS">
          <reporter-output>
          </reporter-output>
        </test-method> <!-- setupSoftAssert -->
        <test-method is-config="true" signature="setup()[pri:0, instance:com.api.tests.reversepennydrop.GenerateToken_RPD@3ba987b8]" started-at="2025-12-12T15:17:18 IST" name="setup" finished-at="2025-12-12T15:17:18 IST" duration-ms="9" status="PASS">
          <reporter-output>
          </reporter-output>
        </test-method> <!-- setup -->
        <test-method signature="verifyResponseWithWrongClientIdField_RPD()[pri:4, instance:com.api.tests.reversepennydrop.GenerateToken_RPD@3ba987b8]" started-at="2025-12-12T15:17:18 IST" name="verifyResponseWithWrongClientIdField_RPD" description="tc_04 - Verify authentication fails with wrong client_id." finished-at="2025-12-12T15:17:19 IST" duration-ms="360" status="PASS">
          <reporter-output>
          </reporter-output>
        </test-method> <!-- verifyResponseWithWrongClientIdField_RPD -->
        <test-method is-config="true" signature="setupSoftAssert()[pri:0, instance:com.api.tests.reversepennydrop.GenerateToken_RPD@3ba987b8]" started-at="2025-12-12T15:17:19 IST" name="setupSoftAssert" finished-at="2025-12-12T15:17:19 IST" duration-ms="1" status="PASS">
          <reporter-output>
          </reporter-output>
        </test-method> <!-- setupSoftAssert -->
        <test-method is-config="true" signature="setup()[pri:0, instance:com.api.tests.reversepennydrop.GenerateToken_RPD@3ba987b8]" started-at="2025-12-12T15:17:19 IST" name="setup" finished-at="2025-12-12T15:17:19 IST" duration-ms="9" status="PASS">
          <reporter-output>
          </reporter-output>
        </test-method> <!-- setup -->
        <test-method signature="verifyResponseWithWrongClientSecretField_RPD()[pri:4, instance:com.api.tests.reversepennydrop.GenerateToken_RPD@3ba987b8]" started-at="2025-12-12T15:17:19 IST" name="verifyResponseWithWrongClientSecretField_RPD" description="tc_05 - Verify authentication fails with wrong client_secret." finished-at="2025-12-12T15:17:19 IST" duration-ms="433" status="PASS">
          <reporter-output>
          </reporter-output>
        </test-method> <!-- verifyResponseWithWrongClientSecretField_RPD -->
      </class> <!-- com.api.tests.reversepennydrop.GenerateToken_RPD -->
      <class name="com.api.tests.reversepennydrop.GetExportData_RPD">
        <test-method is-config="true" signature="setupSoftAssert()[pri:0, instance:com.api.tests.reversepennydrop.GetExportData_RPD@4e5ed836]" started-at="2025-12-12T15:18:05 IST" name="setupSoftAssert" finished-at="2025-12-12T15:18:05 IST" duration-ms="3" status="PASS">
          <reporter-output>
          </reporter-output>
        </test-method> <!-- setupSoftAssert -->
        <test-method is-config="true" signature="setup()[pri:0, instance:com.api.tests.reversepennydrop.GetExportData_RPD@4e5ed836]" started-at="2025-12-12T15:18:05 IST" name="setup" finished-at="2025-12-12T15:18:05 IST" duration-ms="12" status="PASS">
          <reporter-output>
          </reporter-output>
        </test-method> <!-- setup -->
        <test-method signature="verifyResponseWithValidToken_RPD()[pri:1, instance:com.api.tests.reversepennydrop.GetExportData_RPD@4e5ed836]" started-at="2025-12-12T15:18:05 IST" name="verifyResponseWithValidToken_RPD" description="tc_01 - Verify successful data export with valid token and default params." finished-at="2025-12-12T15:18:17 IST" duration-ms="11822" status="FAIL">
          <exception class="java.lang.AssertionError">
            <message>
              <![CDATA[The following asserts failed:
UTR mismatch expected [reverse_penny_drop_yrJNKfKwdlhdzymwruIz] but found [reverse_penny_drop_RRwZozhVfXCyshLrfdDa]]]>
            </message>
            <full-stacktrace>
              <![CDATA[java.lang.AssertionError: The following asserts failed:
UTR mismatch expected [reverse_penny_drop_yrJNKfKwdlhdzymwruIz] but found [reverse_penny_drop_RRwZozhVfXCyshLrfdDa]
at org.testng.asserts.SoftAssert.assertAll(SoftAssert.java:46)
at org.testng.asserts.SoftAssert.assertAll(SoftAssert.java:30)
at com.api.tests.reversepennydrop.GetExportData_RPD.verifyResponseWithValidToken_RPD(GetExportData_RPD.java:146)
at java.base/jdk.internal.reflect.NativeMethodAccessorImpl.invoke0(Native Method)
at java.base/jdk.internal.reflect.NativeMethodAccessorImpl.invoke(NativeMethodAccessorImpl.java:62)
at java.base/jdk.internal.reflect.DelegatingMethodAccessorImpl.invoke(DelegatingMethodAccessorImpl.java:43)
at java.base/java.lang.reflect.Method.invoke(Method.java:566)
at org.testng.internal.invokers.MethodInvocationHelper.invokeMethod(MethodInvocationHelper.java:141)
at org.testng.internal.invokers.TestInvoker.invokeMethod(TestInvoker.java:686)
at org.testng.internal.invokers.TestInvoker.invokeTestMethod(TestInvoker.java:230)
at org.testng.internal.invokers.MethodRunner.runInSequence(MethodRunner.java:63)
at org.testng.internal.invokers.TestInvoker$MethodInvocationAgent.invoke(TestInvoker.java:992)
at org.testng.internal.invokers.TestInvoker.invokeTestMethods(TestInvoker.java:203)
at org.testng.internal.invokers.TestMethodWorker.invokeTestMethods(TestMethodWorker.java:154)
at org.testng.internal.invokers.TestMethodWorker.run(TestMethodWorker.java:134)
at java.base/java.util.ArrayList.forEach(ArrayList.java:1541)
at org.testng.TestRunner.privateRun(TestRunner.java:739)
at org.testng.TestRunner.run(TestRunner.java:614)
at org.testng.SuiteRunner.runTest(SuiteRunner.java:421)
at org.testng.SuiteRunner.runSequentially(SuiteRunner.java:413)
at org.testng.SuiteRunner.privateRun(SuiteRunner.java:373)
at org.testng.SuiteRunner.run(SuiteRunner.java:312)
at org.testng.SuiteRunnerWorker.runSuite(SuiteRunnerWorker.java:52)
at org.testng.SuiteRunnerWorker.run(SuiteRunnerWorker.java:95)
at org.testng.TestNG.runSuitesSequentially(TestNG.java:1274)
at org.testng.TestNG.runSuitesLocally(TestNG.java:1208)
at org.testng.TestNG.runSuites(TestNG.java:1112)
at org.testng.TestNG.run(TestNG.java:1079)
at org.testng.remote.AbstractRemoteTestNG.run(AbstractRemoteTestNG.java:115)
at org.testng.remote.RemoteTestNG.initAndRun(RemoteTestNG.java:293)
at org.testng.remote.RemoteTestNG.main(RemoteTestNG.java:91)
]]>
            </full-stacktrace>
          </exception> <!-- java.lang.AssertionError -->
          <reporter-output>
          </reporter-output>
        </test-method> <!-- verifyResponseWithValidToken_RPD -->
      </class> <!-- com.api.tests.reversepennydrop.GetExportData_RPD -->
    </test> <!-- API Test -->
  </suite> <!-- API Test Suite -->
</testng-results>
