<?xml version="1.0" encoding="UTF-8"?>
<testng-results ignored="0" total="3" passed="0" failed="3" skipped="0">
  <reporter-output>
  </reporter-output>
  <suite started-at="2025-12-23T12:05:56 IST" name="Default suite" finished-at="2025-12-23T12:11:27 IST" duration-ms="331849">
    <groups>
      <group name="regression">
        <method signature="ExtractDataAadhaar_OCR.verifyResponseWithValidInputsAadhaar_OCR(java.io.File)[pri:1, instance:com.api.tests.ocr.ExtractDataAadhaar_OCR@8519cb4]" name="verifyResponseWithValidInputsAadhaar_OCR" class="com.api.tests.ocr.ExtractDataAadhaar_OCR"/>
      </group> <!-- regression -->
      <group name="smoke">
        <method signature="ExtractDataAadhaar_OCR.verifyResponseWithValidInputsAadhaar_OCR(java.io.File)[pri:1, instance:com.api.tests.ocr.ExtractDataAadhaar_OCR@8519cb4]" name="verifyResponseWithValidInputsAadhaar_OCR" class="com.api.tests.ocr.ExtractDataAadhaar_OCR"/>
      </group> <!-- smoke -->
      <group name="sanity">
        <method signature="ExtractDataAadhaar_OCR.verifyResponseWithValidInputsAadhaar_OCR(java.io.File)[pri:1, instance:com.api.tests.ocr.ExtractDataAadhaar_OCR@8519cb4]" name="verifyResponseWithValidInputsAadhaar_OCR" class="com.api.tests.ocr.ExtractDataAadhaar_OCR"/>
      </group> <!-- sanity -->
      <group name="e2e">
        <method signature="ExtractDataAadhaar_OCR.verifyResponseWithValidInputsAadhaar_OCR(java.io.File)[pri:1, instance:com.api.tests.ocr.ExtractDataAadhaar_OCR@8519cb4]" name="verifyResponseWithValidInputsAadhaar_OCR" class="com.api.tests.ocr.ExtractDataAadhaar_OCR"/>
      </group> <!-- e2e -->
    </groups>
    <test started-at="2025-12-23T12:05:56 IST" name="Default test" finished-at="2025-12-23T12:11:27 IST" duration-ms="331849">
      <class name="com.api.tests.ocr.ExtractDataAadhaar_OCR">
        <test-method is-config="true" signature="setupSoftAssert()[pri:0, instance:com.api.tests.ocr.ExtractDataAadhaar_OCR@8519cb4]" started-at="2025-12-23T12:05:56 IST" name="setupSoftAssert" finished-at="2025-12-23T12:05:56 IST" duration-ms="24" status="PASS">
          <reporter-output>
          </reporter-output>
        </test-method> <!-- setupSoftAssert -->
        <test-method is-config="true" signature="setup()[pri:0, instance:com.api.tests.ocr.ExtractDataAadhaar_OCR@8519cb4]" started-at="2025-12-23T12:05:56 IST" name="setup" finished-at="2025-12-23T12:05:59 IST" duration-ms="2633" status="PASS">
          <reporter-output>
          </reporter-output>
        </test-method> <!-- setup -->
        <test-method signature="verifyResponseWithValidInputsAadhaar_OCR(java.io.File)[pri:1, instance:com.api.tests.ocr.ExtractDataAadhaar_OCR@8519cb4]" started-at="2025-12-23T12:05:59 IST" name="verifyResponseWithValidInputsAadhaar_OCR" description="tc_01 - Verify successful Aadhaar OCR extraction with valid inputs." data-provider="aadhaarFiles" finished-at="2025-12-23T12:07:29 IST" duration-ms="90908" status="FAIL">
          <params>
            <param index="0">
              <value>
                <![CDATA[/Users/saurabhchhimwal/eclipse-workspace/meonapiautomation/src/test/resources/testdata/eadhaar/AnmolSharmaDigital.pdf]]>
              </value>
            </param>
          </params>
          <exception class="com.google.gson.JsonSyntaxException">
            <message>
              <![CDATA[java.lang.IllegalStateException: Expected BEGIN_OBJECT but was STRING at line 1 column 1 path $
See https://github.com/google/gson/blob/main/Troubleshooting.md#unexpected-json-structure]]>
            </message>
            <full-stacktrace>
              <![CDATA[com.google.gson.JsonSyntaxException: java.lang.IllegalStateException: Expected BEGIN_OBJECT but was STRING at line 1 column 1 path $
See https://github.com/google/gson/blob/main/Troubleshooting.md#unexpected-json-structure
at com.google.gson.internal.bind.ReflectiveTypeAdapterFactory$Adapter.read(ReflectiveTypeAdapterFactory.java:523)
at com.google.gson.Gson.fromJson(Gson.java:1359)
at com.google.gson.Gson.fromJson(Gson.java:1260)
at com.google.gson.Gson.fromJson(Gson.java:1170)
at com.google.gson.Gson.fromJson(Gson.java:1107)
at com.api.tests.ocr.ExtractDataAadhaar_OCR.verifyResponseWithValidInputsAadhaar_OCR(ExtractDataAadhaar_OCR.java:87)
at java.base/jdk.internal.reflect.NativeMethodAccessorImpl.invoke0(Native Method)
at java.base/jdk.internal.reflect.NativeMethodAccessorImpl.invoke(NativeMethodAccessorImpl.java:62)
at java.base/jdk.internal.reflect.DelegatingMethodAccessorImpl.invoke(DelegatingMethodAccessorImpl.java:43)
at java.base/java.lang.reflect.Method.invoke(Method.java:566)
at org.testng.internal.invokers.MethodInvocationHelper.invokeMethod(MethodInvocationHelper.java:141)
at org.testng.internal.invokers.TestInvoker.invokeMethod(TestInvoker.java:686)
at org.testng.internal.invokers.TestInvoker.invokeTestMethod(TestInvoker.java:230)
at org.testng.internal.invokers.MethodRunner.runInSequence(MethodRunner.java:63)
at org.testng.internal.invokers.TestInvoker$MethodInvocationAgent.invoke(TestInvoker.java:992)
at org.testng.internal.invokers.TestInvoker.invokeTestMethods(TestInvoker.java:203)
at org.testng.internal.invokers.TestMethodWorker.invokeTestMethods(TestMethodWorker.java:154)
at org.testng.internal.invokers.TestMethodWorker.run(TestMethodWorker.java:134)
at java.base/java.util.ArrayList.forEach(ArrayList.java:1541)
at org.testng.TestRunner.privateRun(TestRunner.java:739)
at org.testng.TestRunner.run(TestRunner.java:614)
at org.testng.SuiteRunner.runTest(SuiteRunner.java:421)
at org.testng.SuiteRunner.runSequentially(SuiteRunner.java:413)
at org.testng.SuiteRunner.privateRun(SuiteRunner.java:373)
at org.testng.SuiteRunner.run(SuiteRunner.java:312)
at org.testng.SuiteRunnerWorker.runSuite(SuiteRunnerWorker.java:52)
at org.testng.SuiteRunnerWorker.run(SuiteRunnerWorker.java:95)
at org.testng.TestNG.runSuitesSequentially(TestNG.java:1274)
at org.testng.TestNG.runSuitesLocally(TestNG.java:1208)
at org.testng.TestNG.runSuites(TestNG.java:1112)
at org.testng.TestNG.run(TestNG.java:1079)
at org.testng.remote.AbstractRemoteTestNG.run(AbstractRemoteTestNG.java:115)
at org.testng.remote.RemoteTestNG.initAndRun(RemoteTestNG.java:293)
at org.testng.remote.RemoteTestNG.main(RemoteTestNG.java:91)
Caused by: java.lang.IllegalStateException: Expected BEGIN_OBJECT but was STRING at line 1 column 1 path $
See https://github.com/google/gson/blob/main/Troubleshooting.md#unexpected-json-structure
at com.google.gson.stream.JsonReader.unexpectedTokenError(JsonReader.java:1831)
at com.google.gson.stream.JsonReader.beginObject(JsonReader.java:509)
at com.google.gson.internal.bind.ReflectiveTypeAdapterFactory$Adapter.read(ReflectiveTypeAdapterFactory.java:512)
... 33 more
]]>
            </full-stacktrace>
          </exception> <!-- com.google.gson.JsonSyntaxException -->
          <reporter-output>
          </reporter-output>
        </test-method> <!-- verifyResponseWithValidInputsAadhaar_OCR -->
        <test-method is-config="true" signature="setupSoftAssert()[pri:0, instance:com.api.tests.ocr.ExtractDataAadhaar_OCR@8519cb4]" started-at="2025-12-23T12:07:30 IST" name="setupSoftAssert" finished-at="2025-12-23T12:07:30 IST" duration-ms="2" status="PASS">
          <reporter-output>
          </reporter-output>
        </test-method> <!-- setupSoftAssert -->
        <test-method is-config="true" signature="setup()[pri:0, instance:com.api.tests.ocr.ExtractDataAadhaar_OCR@8519cb4]" started-at="2025-12-23T12:07:30 IST" name="setup" finished-at="2025-12-23T12:07:30 IST" duration-ms="14" status="PASS">
          <reporter-output>
          </reporter-output>
        </test-method> <!-- setup -->
        <test-method signature="verifyResponseWithValidInputsAadhaar_OCR(java.io.File)[pri:1, instance:com.api.tests.ocr.ExtractDataAadhaar_OCR@8519cb4]" started-at="2025-12-23T12:07:30 IST" name="verifyResponseWithValidInputsAadhaar_OCR" description="tc_01 - Verify successful Aadhaar OCR extraction with valid inputs." data-provider="aadhaarFiles" finished-at="2025-12-23T12:09:57 IST" duration-ms="147293" status="FAIL">
          <params>
            <param index="0">
              <value>
                <![CDATA[/Users/saurabhchhimwal/eclipse-workspace/meonapiautomation/src/test/resources/testdata/eadhaar/SaurabhDigitalAdhaarUnmasked.pdf]]>
              </value>
            </param>
          </params>
          <exception class="java.lang.AssertionError">
            <message>
              <![CDATA[The following asserts failed:
Gender is null for file: SaurabhDigitalAdhaarUnmasked.pdf expected object to not be null,
Pincode is null for file: SaurabhDigitalAdhaarUnmasked.pdf expected object to not be null,
[HIGH] Father name is empty for file: SaurabhDigitalAdhaarUnmasked.pdf expected [true] but found [false]]]>
            </message>
            <full-stacktrace>
              <![CDATA[java.lang.AssertionError: The following asserts failed:
Gender is null for file: SaurabhDigitalAdhaarUnmasked.pdf expected object to not be null,
Pincode is null for file: SaurabhDigitalAdhaarUnmasked.pdf expected object to not be null,
[HIGH] Father name is empty for file: SaurabhDigitalAdhaarUnmasked.pdf expected [true] but found [false]
at org.testng.asserts.SoftAssert.assertAll(SoftAssert.java:46)
at org.testng.asserts.SoftAssert.assertAll(SoftAssert.java:30)
at com.api.tests.ocr.ExtractDataAadhaar_OCR.verifyResponseWithValidInputsAadhaar_OCR(ExtractDataAadhaar_OCR.java:112)
at java.base/jdk.internal.reflect.NativeMethodAccessorImpl.invoke0(Native Method)
at java.base/jdk.internal.reflect.NativeMethodAccessorImpl.invoke(NativeMethodAccessorImpl.java:62)
at java.base/jdk.internal.reflect.DelegatingMethodAccessorImpl.invoke(DelegatingMethodAccessorImpl.java:43)
at java.base/java.lang.reflect.Method.invoke(Method.java:566)
at org.testng.internal.invokers.MethodInvocationHelper.invokeMethod(MethodInvocationHelper.java:141)
at org.testng.internal.invokers.TestInvoker.invokeMethod(TestInvoker.java:686)
at org.testng.internal.invokers.TestInvoker.invokeTestMethod(TestInvoker.java:230)
at org.testng.internal.invokers.MethodRunner.runInSequence(MethodRunner.java:63)
at org.testng.internal.invokers.TestInvoker$MethodInvocationAgent.invoke(TestInvoker.java:992)
at org.testng.internal.invokers.TestInvoker.invokeTestMethods(TestInvoker.java:203)
at org.testng.internal.invokers.TestMethodWorker.invokeTestMethods(TestMethodWorker.java:154)
at org.testng.internal.invokers.TestMethodWorker.run(TestMethodWorker.java:134)
at java.base/java.util.ArrayList.forEach(ArrayList.java:1541)
at org.testng.TestRunner.privateRun(TestRunner.java:739)
at org.testng.TestRunner.run(TestRunner.java:614)
at org.testng.SuiteRunner.runTest(SuiteRunner.java:421)
at org.testng.SuiteRunner.runSequentially(SuiteRunner.java:413)
at org.testng.SuiteRunner.privateRun(SuiteRunner.java:373)
at org.testng.SuiteRunner.run(SuiteRunner.java:312)
at org.testng.SuiteRunnerWorker.runSuite(SuiteRunnerWorker.java:52)
at org.testng.SuiteRunnerWorker.run(SuiteRunnerWorker.java:95)
at org.testng.TestNG.runSuitesSequentially(TestNG.java:1274)
at org.testng.TestNG.runSuitesLocally(TestNG.java:1208)
at org.testng.TestNG.runSuites(TestNG.java:1112)
at org.testng.TestNG.run(TestNG.java:1079)
at org.testng.remote.AbstractRemoteTestNG.run(AbstractRemoteTestNG.java:115)
at org.testng.remote.RemoteTestNG.initAndRun(RemoteTestNG.java:293)
at org.testng.remote.RemoteTestNG.main(RemoteTestNG.java:91)
]]>
            </full-stacktrace>
          </exception> <!-- java.lang.AssertionError -->
          <reporter-output>
          </reporter-output>
        </test-method> <!-- verifyResponseWithValidInputsAadhaar_OCR -->
        <test-method is-config="true" signature="setupSoftAssert()[pri:0, instance:com.api.tests.ocr.ExtractDataAadhaar_OCR@8519cb4]" started-at="2025-12-23T12:09:57 IST" name="setupSoftAssert" finished-at="2025-12-23T12:09:57 IST" duration-ms="2" status="PASS">
          <reporter-output>
          </reporter-output>
        </test-method> <!-- setupSoftAssert -->
        <test-method is-config="true" signature="setup()[pri:0, instance:com.api.tests.ocr.ExtractDataAadhaar_OCR@8519cb4]" started-at="2025-12-23T12:09:57 IST" name="setup" finished-at="2025-12-23T12:09:57 IST" duration-ms="16" status="PASS">
          <reporter-output>
          </reporter-output>
        </test-method> <!-- setup -->
        <test-method signature="verifyResponseWithValidInputsAadhaar_OCR(java.io.File)[pri:1, instance:com.api.tests.ocr.ExtractDataAadhaar_OCR@8519cb4]" started-at="2025-12-23T12:09:57 IST" name="verifyResponseWithValidInputsAadhaar_OCR" description="tc_01 - Verify successful Aadhaar OCR extraction with valid inputs." data-provider="aadhaarFiles" finished-at="2025-12-23T12:11:27 IST" duration-ms="90544" status="FAIL">
          <params>
            <param index="0">
              <value>
                <![CDATA[/Users/saurabhchhimwal/eclipse-workspace/meonapiautomation/src/test/resources/testdata/eadhaar/AshishDigitalAadhaar.pdf]]>
              </value>
            </param>
          </params>
          <exception class="java.lang.AssertionError">
            <message>
              <![CDATA[The following asserts failed:
Gender is null for file: AshishDigitalAadhaar.pdf expected object to not be null,
Pincode is null for file: AshishDigitalAadhaar.pdf expected object to not be null,
[HIGH] Father name is empty for file: AshishDigitalAadhaar.pdf expected [true] but found [false],
[HIGH] Address is empty for file: AshishDigitalAadhaar.pdf expected [true] but found [false]]]>
            </message>
            <full-stacktrace>
              <![CDATA[java.lang.AssertionError: The following asserts failed:
Gender is null for file: AshishDigitalAadhaar.pdf expected object to not be null,
Pincode is null for file: AshishDigitalAadhaar.pdf expected object to not be null,
[HIGH] Father name is empty for file: AshishDigitalAadhaar.pdf expected [true] but found [false],
[HIGH] Address is empty for file: AshishDigitalAadhaar.pdf expected [true] but found [false]
at org.testng.asserts.SoftAssert.assertAll(SoftAssert.java:46)
at org.testng.asserts.SoftAssert.assertAll(SoftAssert.java:30)
at com.api.tests.ocr.ExtractDataAadhaar_OCR.verifyResponseWithValidInputsAadhaar_OCR(ExtractDataAadhaar_OCR.java:112)
at java.base/jdk.internal.reflect.NativeMethodAccessorImpl.invoke0(Native Method)
at java.base/jdk.internal.reflect.NativeMethodAccessorImpl.invoke(NativeMethodAccessorImpl.java:62)
at java.base/jdk.internal.reflect.DelegatingMethodAccessorImpl.invoke(DelegatingMethodAccessorImpl.java:43)
at java.base/java.lang.reflect.Method.invoke(Method.java:566)
at org.testng.internal.invokers.MethodInvocationHelper.invokeMethod(MethodInvocationHelper.java:141)
at org.testng.internal.invokers.TestInvoker.invokeMethod(TestInvoker.java:686)
at org.testng.internal.invokers.TestInvoker.invokeTestMethod(TestInvoker.java:230)
at org.testng.internal.invokers.MethodRunner.runInSequence(MethodRunner.java:63)
at org.testng.internal.invokers.TestInvoker$MethodInvocationAgent.invoke(TestInvoker.java:992)
at org.testng.internal.invokers.TestInvoker.invokeTestMethods(TestInvoker.java:203)
at org.testng.internal.invokers.TestMethodWorker.invokeTestMethods(TestMethodWorker.java:154)
at org.testng.internal.invokers.TestMethodWorker.run(TestMethodWorker.java:134)
at java.base/java.util.ArrayList.forEach(ArrayList.java:1541)
at org.testng.TestRunner.privateRun(TestRunner.java:739)
at org.testng.TestRunner.run(TestRunner.java:614)
at org.testng.SuiteRunner.runTest(SuiteRunner.java:421)
at org.testng.SuiteRunner.runSequentially(SuiteRunner.java:413)
at org.testng.SuiteRunner.privateRun(SuiteRunner.java:373)
at org.testng.SuiteRunner.run(SuiteRunner.java:312)
at org.testng.SuiteRunnerWorker.runSuite(SuiteRunnerWorker.java:52)
at org.testng.SuiteRunnerWorker.run(SuiteRunnerWorker.java:95)
at org.testng.TestNG.runSuitesSequentially(TestNG.java:1274)
at org.testng.TestNG.runSuitesLocally(TestNG.java:1208)
at org.testng.TestNG.runSuites(TestNG.java:1112)
at org.testng.TestNG.run(TestNG.java:1079)
at org.testng.remote.AbstractRemoteTestNG.run(AbstractRemoteTestNG.java:115)
at org.testng.remote.RemoteTestNG.initAndRun(RemoteTestNG.java:293)
at org.testng.remote.RemoteTestNG.main(RemoteTestNG.java:91)
]]>
            </full-stacktrace>
          </exception> <!-- java.lang.AssertionError -->
          <reporter-output>
          </reporter-output>
        </test-method> <!-- verifyResponseWithValidInputsAadhaar_OCR -->
      </class> <!-- com.api.tests.ocr.ExtractDataAadhaar_OCR -->
    </test> <!-- Default test -->
  </suite> <!-- Default suite -->
</testng-results>
