<?xml version="1.0" encoding="UTF-8"?>
<!-- Generated by org.testng.reporters.JUnitReportReporter -->
<testsuite hostname="Saurabhs-MacBook-Pro.local" failures="0" tests="1" name="com.api.tests.pennydrop.GenerateToken_PennyDrop" time="5.958" errors="0" timestamp="2025-12-10T13:24:11 IST" skipped="0">
  <testcase classname="com.api.tests.pennydrop.GenerateToken_PennyDrop" name="verifyResponseWithValidCredentials_PD" time="5.958"/>
</testsuite> <!-- com.api.tests.pennydrop.GenerateToken_PennyDrop -->
