<?xml version="1.0" encoding="UTF-8"?>
<!-- Generated by org.testng.reporters.JUnitReportReporter -->
<testsuite hostname="Saurabhs-MacBook-Pro.local" failures="0" tests="1" name="com.api.tests.facefinder.GetExportData_FaceFinder" time="5.793" errors="0" timestamp="2025-12-26T11:01:25 IST" skipped="0">
  <testcase classname="com.api.tests.facefinder.GetExportData_FaceFinder" name="verifyResponseWithMissingTokenHeader_FaceFinder" time="5.793"/>
</testsuite> <!-- com.api.tests.facefinder.GetExportData_FaceFinder -->
