<?xml version="1.0" encoding="UTF-8"?>
<!-- Generated by org.testng.reporters.JUnitReportReporter -->
<testsuite hostname="Saurabhs-MacBook-Pro.local" failures="0" tests="5" name="com.api.tests.reversepennydrop.GenerateToken_RPD" time="8.310" errors="0" timestamp="2025-12-12T15:18:25 IST" skipped="0">
  <testcase classname="com.api.tests.reversepennydrop.GenerateToken_RPD" name="verifyResponseWithValidCredentials_RPD" time="2.557"/>
  <testcase classname="com.api.tests.reversepennydrop.GenerateToken_RPD" name="verifyResponseWithMissingClientIdField_RPD" time="0.407"/>
  <testcase classname="com.api.tests.reversepennydrop.GenerateToken_RPD" name="verifyResponseWithMissingClientSecretField_RPD" time="0.472"/>
  <testcase classname="com.api.tests.reversepennydrop.GenerateToken_RPD" name="verifyResponseWithWrongClientIdField_RPD" time="4.432"/>
  <testcase classname="com.api.tests.reversepennydrop.GenerateToken_RPD" name="verifyResponseWithWrongClientSecretField_RPD" time="0.442"/>
</testsuite> <!-- com.api.tests.reversepennydrop.GenerateToken_RPD -->
