<?xml version="1.0" encoding="UTF-8"?>
<!-- Generated by org.testng.reporters.JUnitReportReporter -->
<testsuite hostname="Saurabhs-MacBook-Pro.local" failures="0" tests="5" name="com.api.tests.reversepennydrop.GenerateToken_RPD" time="1.485" errors="0" timestamp="2025-12-17T14:52:23 IST" skipped="0">
  <testcase classname="com.api.tests.reversepennydrop.GenerateToken_RPD" name="verifyResponseWithValidCredentials_RPD" time="0.454"/>
  <testcase classname="com.api.tests.reversepennydrop.GenerateToken_RPD" name="verifyResponseWithMissingClientIdField_RPD" time="0.281"/>
  <testcase classname="com.api.tests.reversepennydrop.GenerateToken_RPD" name="verifyResponseWithMissingClientSecretField_RPD" time="0.239"/>
  <testcase classname="com.api.tests.reversepennydrop.GenerateToken_RPD" name="verifyResponseWithWrongClientIdField_RPD" time="0.268"/>
  <testcase classname="com.api.tests.reversepennydrop.GenerateToken_RPD" name="verifyResponseWithWrongClientSecretField_RPD" time="0.243"/>
</testsuite> <!-- com.api.tests.reversepennydrop.GenerateToken_RPD -->
