<?xml version="1.0" encoding="UTF-8"?>
<!-- Generated by org.testng.reporters.JUnitReportReporter -->
<testsuite hostname="Saurabhs-MacBook-Pro.local" failures="0" tests="9" name="com.api.tests.facefinder.GenerateToken_FaceFinder" time="4.448" errors="0" timestamp="2025-12-26T22:35:16 IST" skipped="0">
  <testcase classname="com.api.tests.facefinder.GenerateToken_FaceFinder" name="verifyResponseWithValidCredentials" time="3.090"/>
  <testcase classname="com.api.tests.facefinder.GenerateToken_FaceFinder" name="verifyResponseWithMissingClientIdField_FaceFinder" time="0.174"/>
  <testcase classname="com.api.tests.facefinder.GenerateToken_FaceFinder" name="verifyResponseWithMissingClientSecretField_FaceFinder" time="0.163"/>
  <testcase classname="com.api.tests.facefinder.GenerateToken_FaceFinder" name="verifyResponseWithBothMissingFields_FaceFinder" time="0.146"/>
  <testcase classname="com.api.tests.facefinder.GenerateToken_FaceFinder" name="verifyResponseWithInvalidClientIdField_FaceFinder" time="0.171"/>
  <testcase classname="com.api.tests.facefinder.GenerateToken_FaceFinder" name="verifyResponseWithInvalidClientSecretField_FaceFinder" time="0.171"/>
  <testcase classname="com.api.tests.facefinder.GenerateToken_FaceFinder" name="verifyResponseWithMissingContentType_FaceFinder" time="0.183"/>
  <testcase classname="com.api.tests.facefinder.GenerateToken_FaceFinder" name="verifyResponseWithMalformedJSON_FaceFinder" time="0.191"/>
  <testcase classname="com.api.tests.facefinder.GenerateToken_FaceFinder" name="verifyResponseWithIncorrectDataType_FaceFinder" time="0.159"/>
</testsuite> <!-- com.api.tests.facefinder.GenerateToken_FaceFinder -->
